TN:
SF:src\app\App.jsx
FN:28,App
FNF:1
FNH:1
FNDA:18,App
DA:1,1
DA:2,1
DA:3,1
DA:4,1
DA:5,1
DA:6,1
DA:7,1
DA:8,1
DA:9,1
DA:10,1
DA:11,1
DA:12,1
DA:13,1
DA:14,1
DA:15,1
DA:16,1
DA:17,1
DA:18,1
DA:19,1
DA:20,1
DA:21,1
DA:22,1
DA:23,1
DA:24,1
DA:25,1
DA:26,1
DA:28,18
DA:31,18
DA:32,18
DA:33,18
DA:34,18
DA:35,18
DA:36,18
DA:37,18
DA:38,18
DA:39,18
DA:40,18
DA:41,18
DA:42,18
DA:43,18
DA:44,18
DA:46,18
DA:47,18
DA:48,18
DA:49,18
DA:50,18
DA:51,18
DA:52,18
DA:53,18
DA:54,18
DA:55,18
DA:56,18
DA:57,18
DA:58,18
DA:60,18
DA:61,18
DA:62,18
DA:63,18
DA:64,18
DA:65,18
DA:66,18
DA:67,18
DA:68,18
DA:70,18
DA:71,18
DA:72,18
DA:73,18
DA:74,18
DA:75,18
DA:76,18
DA:77,18
DA:78,18
DA:80,18
DA:81,18
DA:82,18
DA:83,18
DA:84,18
DA:85,18
DA:86,18
DA:87,18
DA:88,18
DA:90,18
DA:93,18
DA:94,18
DA:95,18
DA:96,18
DA:97,18
DA:98,18
DA:99,18
DA:100,18
DA:101,18
DA:102,18
DA:103,18
DA:105,18
DA:107,1
LF:95
LH:95
BRDA:28,0,0,18
BRF:1
BRH:1
end_of_record
TN:
SF:src\modules\about\components\Employees.jsx
FN:1,(empty-report)
FNF:1
FNH:0
FNDA:0,(empty-report)
DA:1,0
DA:2,0
DA:3,0
DA:4,0
DA:5,0
DA:6,0
DA:7,0
DA:8,0
DA:9,0
DA:10,0
DA:11,0
DA:12,0
DA:13,0
DA:14,0
DA:15,0
DA:16,0
DA:17,0
DA:18,0
DA:19,0
DA:20,0
DA:21,0
DA:22,0
DA:23,0
DA:24,0
DA:25,0
DA:26,0
DA:27,0
DA:28,0
DA:29,0
DA:30,0
DA:31,0
DA:32,0
DA:33,0
DA:34,0
DA:35,0
DA:36,0
DA:37,0
DA:38,0
DA:39,0
DA:40,0
DA:41,0
DA:42,0
DA:43,0
DA:44,0
LF:44
LH:0
BRDA:1,0,0,0
BRF:1
BRH:0
end_of_record
TN:
SF:src\modules\about\pages\AboutPage.jsx
FN:1,(empty-report)
FNF:1
FNH:0
FNDA:0,(empty-report)
DA:1,0
DA:2,0
DA:3,0
DA:4,0
DA:5,0
DA:6,0
DA:7,0
DA:8,0
DA:9,0
DA:10,0
DA:11,0
DA:12,0
DA:13,0
DA:14,0
DA:15,0
DA:16,0
DA:17,0
DA:18,0
DA:19,0
DA:20,0
DA:21,0
DA:22,0
DA:23,0
DA:24,0
DA:25,0
DA:26,0
DA:27,0
DA:28,0
DA:29,0
DA:30,0
DA:31,0
DA:32,0
DA:33,0
DA:34,0
DA:35,0
DA:36,0
DA:37,0
DA:38,0
DA:39,0
DA:40,0
DA:41,0
DA:42,0
DA:43,0
DA:44,0
DA:45,0
DA:46,0
DA:47,0
DA:48,0
DA:49,0
DA:50,0
DA:51,0
DA:52,0
DA:53,0
DA:54,0
LF:54
LH:0
BRDA:1,0,0,0
BRF:1
BRH:0
end_of_record
TN:
SF:src\modules\admin\components\AdminLayout.jsx
FN:3,AdminLayout
FNF:1
FNH:1
FNDA:2,AdminLayout
DA:1,1
DA:3,2
DA:4,2
DA:5,2
DA:6,2
DA:7,2
DA:8,2
DA:9,2
DA:10,2
DA:11,2
DA:12,2
DA:13,2
DA:14,2
DA:15,2
DA:16,2
DA:17,2
DA:18,2
DA:20,2
LF:18
LH:18
BRDA:3,0,0,2
BRDA:12,1,0,1
BRDA:14,2,0,1
BRF:3
BRH:3
end_of_record
TN:
SF:src\modules\admin\components\AdminSidebar.jsx
FN:7,AdminSidebar
FN:40,className
FN:48,onClick
FNF:3
FNH:3
FNDA:2,AdminSidebar
FNDA:26,className
FNDA:2,onClick
DA:1,1
DA:7,2
DA:8,2
DA:9,2
DA:10,2
DA:12,2
DA:13,2
DA:14,2
DA:15,2
DA:16,2
DA:17,2
DA:18,2
DA:19,2
DA:20,2
DA:22,2
DA:23,2
DA:24,2
DA:25,2
DA:26,2
DA:27,2
DA:29,2
DA:30,2
DA:31,2
DA:32,2
DA:33,2
DA:34,2
DA:35,2
DA:37,2
DA:38,2
DA:39,2
DA:40,13
DA:41,13
DA:42,13
DA:43,2
DA:44,2
DA:46,2
DA:47,2
DA:48,2
DA:49,2
DA:50,2
DA:51,2
DA:52,2
DA:54,2
LF:43
LH:43
BRDA:7,0,0,2
BRDA:9,1,0,1
BRDA:9,2,0,0
BRDA:10,3,0,1
BRDA:10,4,0,1
BRDA:19,5,0,1
BRDA:19,6,0,1
BRDA:39,7,0,13
BRDA:40,8,0,26
BRDA:40,9,0,2
BRDA:40,10,0,24
BRDA:48,11,0,2
BRDA:48,12,0,1
BRF:13
BRH:12
end_of_record
TN:
SF:src\modules\admin\components\LoginModal.jsx
FN:1,(empty-report)
FNF:1
FNH:0
FNDA:0,(empty-report)
DA:1,0
DA:2,0
DA:3,0
DA:4,0
DA:5,0
DA:6,0
DA:7,0
DA:8,0
DA:9,0
DA:10,0
DA:11,0
DA:12,0
DA:13,0
DA:14,0
DA:15,0
DA:16,0
DA:17,0
DA:18,0
DA:19,0
DA:20,0
DA:21,0
DA:22,0
DA:23,0
DA:24,0
DA:25,0
DA:26,0
DA:27,0
DA:28,0
DA:29,0
DA:30,0
DA:31,0
DA:32,0
DA:33,0
DA:34,0
DA:35,0
DA:36,0
DA:37,0
DA:38,0
LF:38
LH:0
BRDA:1,0,0,0
BRF:1
BRH:0
end_of_record
TN:
SF:src\modules\admin\components\ProductForm.jsx
FN:5,ProductForm
FNF:1
FNH:1
FNDA:2,ProductForm
DA:1,1
DA:5,2
DA:6,2
DA:7,2
DA:9,2
DA:10,2
DA:11,2
DA:12,2
DA:13,2
DA:14,2
DA:15,2
DA:16,2
DA:17,2
DA:18,2
DA:19,2
DA:21,2
DA:22,2
DA:23,2
DA:24,2
DA:25,2
DA:26,2
DA:28,2
DA:29,2
DA:30,2
DA:31,2
DA:32,2
DA:34,2
LF:27
LH:27
BRDA:5,0,0,2
BRDA:13,1,0,0
BRDA:14,2,0,0
BRDA:15,3,0,0
BRDA:16,4,0,0
BRDA:17,5,0,0
BRDA:18,6,0,0
BRDA:23,7,0,0
BRDA:23,8,0,0
BRDA:29,9,0,0
BRDA:30,10,0,0
BRDA:7,11,0,1
BRDA:15,12,0,1
BRF:13
BRH:3
end_of_record
TN:
SF:src\modules\admin\components\ProductTable.jsx
FN:5,ProductTable
FN:17,renderRows
FN:32,onClick
FN:42,onChange
FN:52,onClick
FN:52,onClick
FNF:6
FNH:4
FNDA:4,ProductTable
FNDA:4,renderRows
FNDA:1,onClick
FNDA:1,onChange
FNDA:0,onClick
FNDA:0,onClick
DA:1,1
DA:5,4
DA:6,4
DA:7,4
DA:8,4
DA:9,4
DA:10,2
DA:11,4
DA:12,4
DA:13,4
DA:15,4
DA:17,4
DA:18,4
DA:19,4
DA:20,1
DA:21,1
DA:22,1
DA:23,1
DA:24,1
DA:25,1
DA:26,1
DA:27,1
DA:28,1
DA:29,1
DA:30,1
DA:31,1
DA:32,1
DA:33,1
DA:35,1
DA:36,4
DA:38,4
DA:39,4
DA:40,4
DA:41,4
DA:42,4
DA:43,4
DA:44,4
DA:45,4
DA:46,4
DA:47,4
DA:48,4
DA:49,4
DA:50,4
DA:51,4
DA:52,4
DA:53,4
DA:55,4
LF:47
LH:47
BRDA:5,0,0,4
BRDA:52,1,0,0
BRDA:9,2,0,4
BRDA:9,3,0,2
BRDA:15,4,0,1
BRDA:15,5,0,0
BRDA:17,6,0,4
BRDA:18,7,0,1
BRDA:18,8,0,3
BRDA:19,9,0,2
BRDA:19,10,0,1
BRDA:20,11,0,1
BRDA:23,12,0,0
BRDA:25,13,0,0
BRDA:30,14,0,0
BRDA:30,15,0,0
BRDA:32,16,0,1
BRDA:42,17,0,1
BRF:18
BRH:12
end_of_record
TN:
SF:src\modules\admin\components\ProtectedAdminRoute.jsx
FN:6,ProtectedAdminRoute
FNF:1
FNH:1
FNDA:3,ProtectedAdminRoute
DA:1,1
DA:4,1
DA:6,3
DA:7,3
DA:8,3
DA:9,3
DA:10,3
LF:7
LH:7
BRDA:6,0,0,3
BRDA:8,1,0,1
BRDA:8,2,0,2
BRDA:9,3,0,1
BRDA:9,4,0,1
BRF:5
BRH:5
end_of_record
TN:
SF:src\modules\admin\infrastructure\adminApi.js
FN:6,validatedRouteId
FN:12,uuidRouteId
FN:13,integerRouteId
FN:14,request
FN:27,listAdminUsers
FN:28,setUserStatus
FN:29,createAdminUser
FN:30,listAdminPromotions
FN:31,createPromotion
FN:32,removePromotion
FN:33,listCategories
FN:34,listAdminCategories
FN:35,createCategory
FN:36,updateCategory
FN:37,listAdminOrders
FN:43,getAdminOrder
FN:44,updateAdminOrderStatus
FN:45,getAdminOrderStatistics
FNF:18
FNH:18
FNDA:7,validatedRouteId
FNDA:5,uuidRouteId
FNDA:2,integerRouteId
FNDA:18,request
FNDA:4,listAdminUsers
FNDA:2,setUserStatus
FNDA:1,createAdminUser
FNDA:1,listAdminPromotions
FNDA:1,createPromotion
FNDA:1,removePromotion
FNDA:1,listCategories
FNDA:1,listAdminCategories
FNDA:1,createCategory
FNDA:2,updateCategory
FNDA:2,listAdminOrders
FNDA:1,getAdminOrder
FNDA:1,updateAdminOrderStatus
FNDA:1,getAdminOrderStatistics
DA:1,1
DA:2,1
DA:3,1
DA:4,1
DA:6,1
DA:7,7
DA:8,7
DA:9,5
DA:10,5
DA:12,1
DA:13,1
DA:14,1
DA:15,18
DA:16,18
DA:17,0
DA:18,0
DA:19,18
DA:20,18
DA:21,18
DA:22,3
DA:23,3
DA:24,3
DA:25,15
DA:26,15
DA:27,1
DA:28,1
DA:29,1
DA:30,1
DA:31,1
DA:32,1
DA:33,1
DA:34,1
DA:35,1
DA:36,1
DA:37,1
DA:38,2
DA:39,2
DA:40,2
DA:41,2
DA:42,2
DA:43,1
DA:44,1
DA:45,1
LF:43
LH:41
BRDA:1,0,0,0
BRDA:6,1,0,7
BRDA:8,2,0,2
BRDA:8,3,0,5
BRDA:12,4,0,5
BRDA:13,5,0,2
BRDA:14,6,0,18
BRDA:16,7,0,0
BRDA:20,8,0,5
BRDA:20,9,0,13
BRDA:20,10,0,13
BRDA:21,11,0,3
BRDA:22,12,0,1
BRDA:22,13,0,2
BRDA:23,14,0,1
BRDA:24,15,0,15
BRDA:27,16,0,4
BRDA:28,17,0,2
BRDA:29,18,0,1
BRDA:30,19,0,1
BRDA:31,20,0,1
BRDA:32,21,0,1
BRDA:33,22,0,1
BRDA:34,23,0,1
BRDA:35,24,0,1
BRDA:36,25,0,2
BRDA:37,26,0,2
BRDA:39,27,0,1
BRDA:40,28,0,1
BRDA:43,29,0,1
BRDA:44,30,0,1
BRDA:45,31,0,1
BRF:32
BRH:30
end_of_record
TN:
SF:src\modules\admin\pages\AdminPage.jsx
FN:1,(empty-report)
FNF:1
FNH:0
FNDA:0,(empty-report)
DA:1,0
DA:2,0
DA:3,0
DA:4,0
DA:5,0
DA:6,0
DA:7,0
DA:8,0
DA:9,0
DA:10,0
DA:11,0
DA:12,0
DA:13,0
DA:14,0
DA:15,0
DA:16,0
DA:17,0
LF:17
LH:0
BRDA:1,0,0,0
BRF:1
BRH:0
end_of_record
TN:
SF:src\modules\admin\pages\CategoriesAdminPage.jsx
FN:6,CategoriesAdminPage
FN:10,load
FN:12,submit
FN:13,toggle
FN:21,onChange
FN:26,onClick
FNF:6
FNH:6
FNDA:6,CategoriesAdminPage
FNDA:3,load
FNDA:1,submit
FNDA:1,toggle
FNDA:1,onChange
FNDA:1,onClick
DA:1,1
DA:6,6
DA:7,6
DA:8,6
DA:9,6
DA:10,6
DA:11,6
DA:12,6
DA:13,6
DA:15,6
DA:16,6
DA:17,6
DA:18,6
DA:19,6
DA:20,6
DA:21,6
DA:22,6
DA:23,6
DA:24,6
DA:25,6
DA:26,6
DA:27,6
DA:28,6
DA:29,6
DA:31,6
LF:25
LH:25
BRDA:6,0,0,6
BRDA:17,1,0,0
BRDA:10,2,0,3
BRDA:11,3,0,1
BRDA:12,4,0,1
BRDA:12,5,0,0
BRDA:13,6,0,1
BRDA:13,7,0,0
BRDA:21,8,0,1
BRDA:26,9,0,5
BRDA:26,10,0,0
BRDA:26,11,0,0
BRDA:26,12,0,0
BRDA:26,13,0,0
BRDA:26,14,0,1
BRF:15
BRH:8
end_of_record
TN:
SF:src\modules\admin\pages\CreateProductPage.jsx
FN:1,(empty-report)
FNF:1
FNH:0
FNDA:0,(empty-report)
DA:1,0
DA:2,0
DA:3,0
DA:4,0
DA:5,0
DA:6,0
DA:7,0
DA:8,0
DA:9,0
DA:10,0
DA:11,0
DA:12,0
DA:13,0
DA:14,0
DA:15,0
DA:16,0
DA:17,0
DA:18,0
DA:19,0
DA:20,0
DA:21,0
DA:22,0
DA:23,0
DA:24,0
DA:25,0
DA:26,0
DA:27,0
DA:28,0
DA:29,0
DA:30,0
DA:31,0
DA:32,0
DA:33,0
DA:34,0
DA:35,0
DA:36,0
DA:37,0
DA:38,0
DA:39,0
LF:39
LH:0
BRDA:1,0,0,0
BRF:1
BRH:0
end_of_record
TN:
SF:src\modules\admin\pages\EditProductPage.jsx
FN:1,(empty-report)
FNF:1
FNH:0
FNDA:0,(empty-report)
DA:1,0
DA:2,0
DA:3,0
DA:4,0
DA:5,0
DA:6,0
DA:7,0
DA:8,0
DA:9,0
DA:10,0
DA:11,0
DA:12,0
DA:13,0
DA:14,0
DA:15,0
DA:16,0
DA:17,0
DA:18,0
DA:19,0
DA:20,0
DA:21,0
DA:22,0
DA:23,0
DA:24,0
DA:25,0
DA:26,0
DA:27,0
DA:28,0
DA:29,0
DA:30,0
DA:31,0
DA:32,0
DA:33,0
DA:34,0
DA:35,0
DA:36,0
LF:36
LH:0
BRDA:1,0,0,0
BRF:1
BRH:0
end_of_record
TN:
SF:src\modules\admin\pages\OrdersAdminPage.jsx
FN:23,money
FN:24,dateTime
FN:26,OrdersAdminPage
FN:46,applySearch
FN:47,chooseStatus
FN:48,updateStatus
FN:64,onClick
FN:66,onClick
FN:69,onClick
FN:70,onClick
FN:71,onClick
FN:72,onClick
FN:73,onClick
FN:77,onChange
FN:79,onClick
FN:79,onClick
FN:82,onClick
FNF:17
FNH:7
FNDA:30,money
FNDA:15,dateTime
FNDA:12,OrdersAdminPage
FNDA:1,applySearch
FNDA:0,chooseStatus
FNDA:1,updateStatus
FNDA:1,onClick
FNDA:0,onClick
FNDA:0,onClick
FNDA:0,onClick
FNDA:0,onClick
FNDA:0,onClick
FNDA:0,onClick
FNDA:1,onChange
FNDA:0,onClick
FNDA:0,onClick
FNDA:0,onClick
DA:1,1
DA:7,1
DA:8,1
DA:9,1
DA:10,1
DA:11,1
DA:12,1
DA:13,1
DA:14,1
DA:15,1
DA:16,1
DA:17,1
DA:18,1
DA:19,1
DA:20,1
DA:21,1
DA:22,1
DA:23,1
DA:24,1
DA:26,12
DA:27,12
DA:28,12
DA:29,12
DA:30,12
DA:31,12
DA:32,12
DA:33,12
DA:34,12
DA:35,12
DA:36,12
DA:38,12
DA:39,3
DA:40,3
DA:41,0
DA:42,3
DA:43,12
DA:45,12
DA:46,12
DA:47,12
DA:48,12
DA:49,1
DA:50,1
DA:51,1
DA:52,1
DA:53,0
DA:54,1
DA:55,1
DA:57,12
DA:58,12
DA:59,12
DA:60,2
DA:61,12
DA:62,0
DA:63,10
DA:64,10
DA:65,10
DA:66,12
DA:67,12
DA:68,12
DA:69,12
DA:70,12
DA:71,12
DA:72,12
DA:73,12
DA:74,12
DA:76,12
DA:77,12
DA:78,12
DA:79,12
DA:80,12
DA:82,12
DA:83,5
DA:84,5
DA:85,5
DA:86,5
DA:87,5
DA:88,5
DA:89,5
DA:90,5
DA:91,12
DA:92,12
LF:81
LH:78
BRDA:23,0,0,30
BRDA:24,1,0,15
BRDA:26,2,0,12
BRDA:57,3,0,0
BRDA:59,4,0,2
BRDA:61,5,0,10
BRDA:61,6,0,0
BRDA:67,7,0,0
BRDA:69,8,0,0
BRDA:69,9,0,1
BRDA:70,10,0,0
BRDA:70,11,0,1
BRDA:71,12,0,0
BRDA:72,13,0,0
BRDA:73,14,0,0
BRDA:77,15,0,11
BRDA:77,16,0,1
BRDA:79,17,0,0
BRDA:82,18,0,5
BRDA:83,19,0,0
BRDA:83,20,0,0
BRDA:83,21,0,0
BRDA:84,22,0,0
BRDA:84,23,0,0
BRDA:86,24,0,0
BRDA:87,25,0,0
BRDA:89,26,0,3
BRDA:89,27,0,2
BRDA:89,28,0,0
BRDA:38,29,0,3
BRDA:39,30,0,2
BRDA:40,31,0,0
BRDA:42,32,0,2
BRDA:45,33,0,2
BRDA:45,34,0,2
BRDA:46,35,0,1
BRDA:48,36,0,1
BRDA:50,37,0,0
BRDA:52,38,0,0
BRDA:64,39,0,10
BRDA:64,40,0,0
BRDA:64,41,0,0
BRDA:64,42,0,0
BRDA:64,43,0,0
BRDA:64,44,0,10
BRDA:64,45,0,1
BRDA:77,46,0,1
BRDA:85,47,0,5
BRDA:85,48,0,0
BRDA:89,49,0,5
BRF:50
BRH:25
end_of_record
TN:
SF:src\modules\admin\pages\ProductListPage.jsx
FN:7,ProductListPage
FN:24,handleDelete
FNF:2
FNH:2
FNDA:9,ProductListPage
FNDA:3,handleDelete
DA:1,1
DA:7,9
DA:8,9
DA:9,9
DA:11,9
DA:12,3
DA:13,3
DA:14,3
DA:15,3
DA:16,9
DA:18,9
DA:19,6
DA:20,6
DA:21,6
DA:22,9
DA:24,9
DA:25,3
DA:26,3
DA:27,3
DA:28,3
DA:29,3
DA:30,3
DA:31,3
DA:32,3
DA:33,3
DA:34,3
DA:35,3
DA:36,2
DA:37,2
DA:38,1
DA:39,1
DA:40,1
DA:41,1
DA:42,1
DA:43,1
DA:44,3
DA:46,9
DA:47,9
DA:48,9
DA:49,9
DA:50,9
DA:51,9
DA:52,9
DA:53,9
DA:54,9
DA:56,9
LF:46
LH:46
BRDA:7,0,0,9
BRDA:11,1,0,3
BRDA:14,2,0,1
BRDA:15,3,0,3
BRDA:18,4,0,6
BRDA:20,5,0,4
BRDA:21,6,0,4
BRDA:24,7,0,3
BRDA:35,8,0,1
BRDA:35,9,0,2
BRDA:37,10,0,1
BRDA:38,11,0,1
BRDA:38,12,0,2
BRF:13
BRH:13
end_of_record
TN:
SF:src\modules\admin\pages\PromotionsAdminPage.jsx
FN:8,newForm
FN:10,PromotionsAdminPage
FN:17,load
FN:20,change
FN:21,changeKind
FN:25,toggleProduct
FN:26,setQuantity
FN:28,submit
FN:43,remove
FN:44,describeProducts
FN:48,describeValue
FN:68,onChange
FN:73,onChange
FN:73,onChange
FNF:14
FNH:7
FNDA:2,newForm
FNDA:11,PromotionsAdminPage
FNDA:2,load
FNDA:66,change
FNDA:0,changeKind
FNDA:1,toggleProduct
FNDA:0,setQuantity
FNDA:1,submit
FNDA:0,remove
FNDA:0,describeProducts
FNDA:0,describeValue
FNDA:0,onChange
FNDA:1,onChange
FNDA:0,onChange
DA:1,1
DA:8,1
DA:10,11
DA:11,11
DA:12,11
DA:13,11
DA:14,11
DA:15,11
DA:16,11
DA:17,11
DA:18,11
DA:20,11
DA:21,11
DA:22,0
DA:23,0
DA:24,0
DA:25,11
DA:26,11
DA:28,11
DA:29,1
DA:30,1
DA:31,1
DA:32,1
DA:33,1
DA:34,1
DA:35,1
DA:36,1
DA:37,1
DA:38,1
DA:39,1
DA:40,1
DA:41,1
DA:42,1
DA:43,11
DA:44,11
DA:45,0
DA:46,0
DA:47,0
DA:48,11
DA:49,0
DA:50,0
DA:51,0
DA:52,0
DA:54,11
DA:55,11
DA:56,11
DA:57,11
DA:58,11
DA:59,11
DA:60,11
DA:61,11
DA:62,11
DA:63,11
DA:64,11
DA:65,11
DA:66,11
DA:67,0
DA:68,0
DA:69,0
DA:70,11
DA:71,11
DA:72,11
DA:73,11
DA:74,11
DA:75,11
DA:76,11
DA:77,11
DA:79,11
DA:80,11
DA:81,11
DA:82,11
DA:83,11
DA:84,11
DA:85,11
LF:74
LH:61
BRDA:8,0,0,2
BRDA:10,1,0,11
BRDA:55,2,0,0
BRDA:61,3,0,0
BRDA:66,4,0,0
BRDA:72,5,0,0
BRDA:76,6,0,8
BRDA:76,7,0,1
BRDA:76,8,0,0
BRDA:76,9,0,3
BRDA:76,10,0,8
BRDA:81,11,0,0
BRDA:17,12,0,2
BRDA:18,13,0,1
BRDA:20,14,0,66
BRDA:20,15,0,3
BRDA:20,16,0,3
BRDA:20,17,0,0
BRDA:25,18,0,1
BRDA:25,19,0,1
BRDA:25,20,0,0
BRDA:28,21,0,1
BRDA:32,22,0,0
BRDA:35,23,0,0
BRDA:39,24,0,0
BRDA:41,25,0,0
BRDA:73,26,0,20
BRDA:73,27,0,2
BRDA:73,28,0,18
BRDA:73,29,0,0
BRDA:73,30,0,0
BRDA:73,31,0,4
BRDA:73,32,0,1
BRF:33
BRH:19
end_of_record
TN:
SF:src\modules\admin\pages\StatisticsAdminPage.jsx
FN:7,currentMonth
FN:8,money
FN:9,monthLabel
FN:12,Ranking
FN:17,StatisticsAdminPage
FN:25,onChange
FNF:6
FNH:6
FNDA:19,currentMonth
FNDA:22,money
FNDA:8,monthLabel
FNDA:10,Ranking
FNDA:16,StatisticsAdminPage
FNDA:1,onChange
DA:1,1
DA:7,1
DA:8,1
DA:9,1
DA:10,1
DA:12,10
DA:13,10
DA:14,10
DA:15,10
DA:17,16
DA:18,16
DA:19,16
DA:20,16
DA:21,16
DA:22,16
DA:23,16
DA:24,16
DA:25,16
DA:26,16
DA:27,16
DA:28,8
DA:29,8
DA:30,8
DA:31,8
DA:32,8
DA:33,16
DA:34,16
LF:27
LH:27
BRDA:7,0,0,19
BRDA:8,1,0,22
BRDA:8,2,0,8
BRDA:9,3,0,8
BRDA:12,4,0,10
BRDA:14,5,0,4
BRDA:14,6,0,6
BRDA:13,7,0,6
BRDA:14,8,0,6
BRDA:14,9,0,3
BRDA:14,10,0,3
BRDA:14,11,0,3
BRDA:17,12,0,16
BRDA:23,13,0,0
BRDA:24,14,0,0
BRDA:26,15,0,3
BRDA:27,16,0,8
BRDA:27,17,0,8
BRDA:29,18,0,4
BRDA:29,19,0,4
BRDA:29,20,0,4
BRDA:30,21,0,0
BRDA:30,22,0,0
BRDA:31,23,0,0
BRDA:22,24,0,4
BRDA:22,25,0,3
BRDA:22,26,0,1
BRDA:22,27,0,4
BRDA:24,28,0,14
BRDA:25,29,0,1
BRDA:31,30,0,8
BRDA:31,31,0,0
BRF:32
BRH:26
end_of_record
TN:
SF:src\modules\admin\pages\UsersAdminPage.jsx
FN:8,roleLabel
FN:14,UsersAdminPage
FN:19,load
FN:21,submit
FN:22,toggle
FN:30,onChange
FN:31,onChange
FN:32,onChange
FN:33,onChange
FN:42,onClick
FNF:10
FNH:10
FNDA:9,roleLabel
FNDA:10,UsersAdminPage
FNDA:3,load
FNDA:1,submit
FNDA:1,toggle
FNDA:1,onChange
FNDA:1,onChange
FNDA:1,onChange
FNDA:1,onChange
FNDA:1,onClick
DA:1,1
DA:7,1
DA:8,1
DA:9,9
DA:10,0
DA:11,0
DA:12,0
DA:14,10
DA:15,10
DA:16,10
DA:17,10
DA:18,10
DA:19,10
DA:20,10
DA:21,10
DA:22,10
DA:24,10
DA:25,10
DA:26,10
DA:27,10
DA:28,10
DA:29,10
DA:30,10
DA:31,10
DA:32,10
DA:33,10
DA:34,10
DA:35,10
DA:36,10
DA:37,10
DA:38,10
DA:40,10
DA:41,10
DA:42,10
DA:43,10
DA:44,10
DA:46,10
LF:37
LH:34
BRDA:8,0,0,9
BRDA:9,1,0,0
BRDA:14,2,0,10
BRDA:26,3,0,0
BRDA:19,4,0,3
BRDA:19,5,0,0
BRDA:20,6,0,1
BRDA:21,7,0,1
BRDA:21,8,0,0
BRDA:22,9,0,1
BRDA:22,10,0,0
BRDA:30,11,0,1
BRDA:31,12,0,1
BRDA:32,13,0,1
BRDA:33,14,0,1
BRDA:42,15,0,9
BRDA:42,16,0,0
BRDA:42,17,0,0
BRDA:42,18,0,0
BRDA:42,19,0,1
BRF:20
BRH:12
end_of_record
TN:
SF:src\modules\auth\application\AuthContext.jsx
FN:6,AuthProvider
FN:22,useAuth
FNF:2
FNH:2
FNDA:5,AuthProvider
FNDA:5,useAuth
DA:1,1
DA:4,1
DA:6,1
DA:7,5
DA:8,5
DA:10,5
DA:11,1
DA:12,5
DA:14,5
DA:15,5
DA:16,5
DA:18,5
DA:19,5
DA:20,5
DA:22,1
LF:15
LH:15
BRDA:6,0,0,5
BRDA:10,1,0,1
BRDA:11,2,0,1
BRDA:14,3,0,1
BRDA:15,4,0,1
BRDA:16,5,0,1
BRDA:18,6,0,5
BRDA:22,7,0,5
BRF:8
BRH:8
end_of_record
TN:
SF:src\modules\auth\components\AddressMap.jsx
FN:1,(empty-report)
FNF:1
FNH:0
FNDA:0,(empty-report)
DA:1,0
DA:2,0
DA:3,0
DA:4,0
DA:5,0
DA:6,0
DA:7,0
DA:8,0
DA:9,0
DA:10,0
DA:11,0
DA:12,0
DA:13,0
DA:14,0
DA:15,0
DA:16,0
DA:17,0
DA:18,0
DA:19,0
DA:20,0
DA:21,0
DA:22,0
DA:23,0
DA:24,0
DA:25,0
DA:26,0
DA:27,0
DA:28,0
DA:29,0
DA:30,0
DA:31,0
DA:32,0
DA:33,0
DA:34,0
DA:35,0
DA:36,0
DA:37,0
LF:37
LH:0
BRDA:1,0,0,0
BRF:1
BRH:0
end_of_record
TN:
SF:src\modules\auth\infrastructure\authApi.js
FN:3,request
FN:14,login
FN:15,register
FN:16,logout
FN:17,getCurrentUser
FNF:5
FNH:5
FNDA:5,request
FNDA:1,login
FNDA:1,register
FNDA:1,logout
FNDA:2,getCurrentUser
DA:1,1
DA:3,1
DA:4,5
DA:5,5
DA:6,5
DA:7,5
DA:8,5
DA:9,5
DA:10,5
DA:11,4
DA:12,4
DA:14,1
DA:15,1
DA:16,1
DA:17,1
LF:15
LH:15
BRDA:1,0,0,0
BRDA:3,1,0,5
BRDA:9,2,0,1
BRDA:9,3,0,4
BRDA:9,4,0,4
BRDA:10,5,0,1
BRDA:10,6,0,4
BRDA:14,7,0,1
BRDA:15,8,0,1
BRDA:16,9,0,1
BRDA:17,10,0,2
BRF:11
BRH:10
end_of_record
TN:
SF:src\modules\auth\pages\RegisterPage.jsx
FN:8,RegisterPage
FN:15,change
FN:16,submit
FNF:3
FNH:3
FNDA:12,RegisterPage
FNDA:6,change
FNDA:2,submit
DA:1,1
DA:8,12
DA:9,12
DA:10,12
DA:11,12
DA:12,12
DA:13,12
DA:14,12
DA:15,12
DA:16,12
DA:17,2
DA:18,2
DA:19,1
DA:20,1
DA:21,1
DA:22,1
DA:23,2
DA:24,1
DA:25,2
DA:27,12
DA:28,12
DA:29,12
DA:30,12
DA:31,12
DA:32,12
DA:33,12
DA:34,12
DA:35,12
DA:36,12
LF:29
LH:29
BRDA:8,0,0,12
BRDA:27,1,0,8
BRDA:34,2,0,1
BRDA:34,3,0,11
BRDA:15,4,0,6
BRDA:15,5,0,6
BRDA:16,6,0,2
BRDA:18,7,0,1
BRDA:23,8,0,0
BRDA:23,9,0,1
BRF:10
BRH:9
end_of_record
TN:
SF:src\modules\cart\application\cartService.js
FN:4,getCart
FN:5,addCartItem
FN:6,removeCartItem
FN:7,updateCartItemQuantity
FN:8,clearCart
FN:9,getCartTotal
FNF:6
FNH:6
FNDA:1,getCart
FNDA:1,addCartItem
FNDA:1,removeCartItem
FNDA:1,updateCartItemQuantity
FNDA:1,clearCart
FNDA:1,getCartTotal
DA:1,1
DA:4,1
DA:5,1
DA:6,1
DA:7,1
DA:8,1
DA:9,1
LF:7
LH:7
BRDA:4,0,0,1
BRDA:5,1,0,1
BRDA:6,2,0,1
BRDA:7,3,0,1
BRDA:8,4,0,1
BRDA:9,5,0,1
BRF:6
BRH:6
end_of_record
TN:
SF:src\modules\cart\components\CartButton.jsx
FN:5,CartButton
FN:8,updateCount
FN:13,onClick
FNF:3
FNH:2
FNDA:4,CartButton
FNDA:0,updateCount
FNDA:2,onClick
DA:1,1
DA:5,4
DA:6,4
DA:7,4
DA:8,2
DA:9,2
DA:10,2
DA:11,2
DA:12,4
DA:13,4
DA:14,4
LF:11
LH:11
BRDA:5,0,0,4
BRDA:13,1,0,1
BRDA:13,2,0,0
BRDA:6,3,0,2
BRDA:6,4,0,1
BRDA:6,5,0,0
BRDA:7,6,0,2
BRDA:11,7,0,2
BRDA:13,8,0,2
BRF:9
BRH:7
end_of_record
TN:
SF:src\modules\cart\components\CartDrawer.jsx
FN:9,CartDrawer
FN:13,refresh
FN:24,updateQuantity
FN:30,checkout
FN:36,onClose
FN:39,onClick
FN:44,onClick
FN:49,onClick
FN:52,onClick
FN:52,onClick
FNF:10
FNH:7
FNDA:7,CartDrawer
FNDA:2,refresh
FNDA:2,updateQuantity
FNDA:1,checkout
FNDA:0,onClose
FNDA:0,onClick
FNDA:0,onClick
FNDA:1,onClick
FNDA:1,onClick
FNDA:1,onClick
DA:1,1
DA:9,7
DA:10,7
DA:11,7
DA:12,7
DA:13,7
DA:15,7
DA:16,3
DA:17,3
DA:18,3
DA:19,7
DA:21,7
DA:22,7
DA:24,7
DA:25,2
DA:26,2
DA:27,2
DA:28,2
DA:30,7
DA:31,1
DA:32,1
DA:33,1
DA:35,7
DA:36,7
DA:37,7
DA:38,7
DA:39,7
DA:40,7
DA:42,7
DA:43,7
DA:44,5
DA:45,2
DA:46,2
DA:47,2
DA:48,2
DA:49,2
DA:50,2
DA:51,2
DA:52,2
DA:53,2
DA:54,2
DA:55,2
DA:56,2
DA:57,2
DA:58,7
DA:60,7
DA:61,2
DA:62,2
DA:63,2
DA:64,2
DA:65,2
DA:66,7
DA:68,7
LF:53
LH:53
BRDA:9,0,0,7
BRDA:38,1,0,0
BRDA:43,2,0,5
BRDA:44,3,0,2
BRDA:60,4,0,2
BRDA:63,5,0,0
BRDA:13,6,0,2
BRDA:15,7,0,3
BRDA:16,8,0,2
BRDA:18,9,0,3
BRDA:21,10,0,4
BRDA:22,11,0,4
BRDA:22,12,0,1
BRDA:22,13,0,0
BRDA:24,14,0,2
BRDA:25,15,0,0
BRDA:26,16,0,0
BRDA:30,17,0,1
BRDA:32,18,0,0
BRDA:45,19,0,2
BRDA:47,20,0,0
BRDA:47,21,0,0
BRDA:49,22,0,0
BRDA:50,23,0,0
BRDA:52,24,0,0
BRDA:53,25,0,0
BRDA:49,26,0,1
BRDA:52,27,0,1
BRDA:52,28,0,1
BRF:29
BRH:17
end_of_record
TN:
SF:src\modules\cart\domain\cart.js
FN:1,calculateCartTotal
FN:4,addOrIncrementItem
FN:16,setItemQuantity
FN:22,removeItemById
FNF:4
FNH:4
FNDA:2,calculateCartTotal
FNDA:4,addOrIncrementItem
FNDA:3,setItemQuantity
FNDA:2,removeItemById
DA:1,1
DA:2,1
DA:4,1
DA:5,4
DA:6,4
DA:7,4
DA:8,3
DA:9,3
DA:10,3
DA:11,3
DA:12,3
DA:13,4
DA:14,4
DA:16,1
DA:17,3
DA:18,3
DA:19,3
DA:20,1
DA:22,1
DA:23,1
LF:20
LH:20
BRDA:1,0,0,2
BRDA:2,1,0,2
BRDA:2,2,0,0
BRDA:4,3,0,4
BRDA:7,4,0,3
BRDA:13,5,0,1
BRDA:5,6,0,3
BRDA:7,7,0,3
BRDA:11,8,0,0
BRDA:11,9,0,0
BRDA:11,10,0,0
BRDA:12,11,0,0
BRDA:16,12,0,3
BRDA:17,13,0,3
BRDA:19,14,0,0
BRDA:20,15,0,0
BRDA:22,16,0,2
BRDA:23,17,0,2
BRF:18
BRH:11
end_of_record
TN:
SF:src\modules\cart\infrastructure\cartStorage.js
FN:3,readCart
FN:18,notifyCartChange
FN:20,writeCart
FN:25,deleteCart
FNF:4
FNH:4
FNDA:7,readCart
FNDA:5,notifyCartChange
FNDA:4,writeCart
FNDA:1,deleteCart
DA:1,1
DA:3,1
DA:4,7
DA:5,7
DA:6,7
DA:7,8
DA:8,8
DA:9,8
DA:10,8
DA:11,8
DA:12,7
DA:13,7
DA:14,1
DA:15,1
DA:16,7
DA:18,1
DA:20,1
DA:21,4
DA:22,4
DA:23,4
DA:24,4
DA:25,1
DA:26,1
DA:27,1
DA:28,1
LF:25
LH:25
BRDA:3,0,0,7
BRDA:5,1,0,1
BRDA:13,2,0,1
BRDA:6,3,0,8
BRDA:9,4,0,3
BRDA:9,5,0,0
BRDA:9,6,0,0
BRDA:10,7,0,5
BRDA:10,8,0,0
BRDA:18,9,0,5
BRDA:20,10,0,4
BRDA:25,11,0,1
BRF:12
BRH:9
end_of_record
TN:
SF:src\modules\cart\pages\PaymentModal.jsx
FN:5,PaymentModal
FN:8,handleSubmit
FN:81,onChange
FNF:3
FNH:3
FNDA:4,PaymentModal
FNDA:2,handleSubmit
FNDA:2,onChange
DA:1,1
DA:2,1
DA:3,1
DA:5,1
DA:6,4
DA:8,4
DA:9,2
DA:11,2
DA:12,1
DA:13,1
DA:14,1
DA:15,1
DA:16,1
DA:17,1
DA:18,1
DA:19,1
DA:20,1
DA:21,1
DA:22,1
DA:23,1
DA:24,1
DA:25,1
DA:26,1
DA:27,1
DA:28,1
DA:29,1
DA:31,2
DA:32,2
DA:34,4
DA:35,4
DA:36,4
DA:37,4
DA:38,4
DA:39,4
DA:40,4
DA:41,4
DA:42,4
DA:43,4
DA:44,4
DA:46,4
DA:47,4
DA:48,4
DA:49,4
DA:50,4
DA:51,4
DA:52,4
DA:53,4
DA:54,4
DA:56,4
DA:57,4
DA:58,4
DA:59,4
DA:61,4
DA:62,4
DA:63,4
DA:64,4
DA:65,4
DA:66,4
DA:67,4
DA:68,4
DA:69,4
DA:71,4
DA:72,4
DA:73,4
DA:74,4
DA:76,4
DA:77,4
DA:78,4
DA:79,4
DA:80,4
DA:81,4
DA:82,4
DA:83,4
DA:84,4
DA:85,4
DA:86,4
DA:87,4
DA:88,4
DA:90,4
DA:91,4
DA:93,4
DA:94,4
DA:95,4
DA:96,4
DA:98,4
DA:100,1
LF:86
LH:86
BRDA:5,0,0,4
BRDA:8,1,0,2
BRDA:11,2,0,1
BRDA:81,3,0,2
BRF:4
BRH:4
end_of_record
TN:
SF:src\modules\catalog\application\productService.js
FN:12,listProducts
FN:13,listAdminProducts
FN:14,getProduct
FN:15,createProduct
FN:16,updateProduct
FN:17,deleteProduct
FN:18,uploadProductImage
FNF:7
FNH:5
FNDA:0,listProducts
FNDA:0,listAdminProducts
FNDA:1,getProduct
FNDA:1,createProduct
FNDA:1,updateProduct
FNDA:1,deleteProduct
FNDA:1,uploadProductImage
DA:1,1
DA:12,1
DA:13,1
DA:14,1
DA:15,1
DA:16,1
DA:17,1
DA:18,1
LF:8
LH:8
BRDA:14,0,0,1
BRDA:15,1,0,1
BRDA:16,2,0,1
BRDA:17,3,0,1
BRDA:18,4,0,1
BRF:5
BRH:5
end_of_record
TN:
SF:src\modules\catalog\domain\product.js
FN:1,normalizeProduct
FN:6,normalizeProducts
FNF:2
FNH:2
FNDA:3,normalizeProduct
FNDA:1,normalizeProducts
DA:1,1
DA:2,3
DA:3,3
DA:4,1
DA:6,1
LF:5
LH:5
BRDA:1,0,0,3
BRDA:6,1,0,1
BRF:2
BRH:2
end_of_record
TN:
SF:src\modules\catalog\infrastructure\imageStorage.js
FN:5,optimizeImage
FN:16,blob
FN:25,uploadFile
FN:33,onUploadProgress
FN:44,deleteFile
FNF:5
FNH:5
FNDA:5,optimizeImage
FNDA:1,blob
FNDA:5,uploadFile
FNDA:2,onUploadProgress
FNDA:1,deleteFile
DA:1,1
DA:3,1
DA:5,1
DA:6,5
DA:8,1
DA:9,1
DA:10,1
DA:11,1
DA:12,1
DA:13,1
DA:14,1
DA:16,1
DA:17,1
DA:18,1
DA:20,5
DA:21,1
DA:22,1
DA:23,1
DA:25,1
DA:26,5
DA:27,5
DA:28,5
DA:29,5
DA:30,5
DA:31,5
DA:32,5
DA:33,5
DA:34,2
DA:35,5
DA:36,5
DA:37,2
DA:38,5
DA:39,3
DA:40,3
DA:41,3
DA:42,5
DA:44,1
LF:37
LH:37
BRDA:3,0,0,0
BRDA:5,1,0,5
BRDA:6,2,0,4
BRDA:6,3,0,4
BRDA:6,4,0,1
BRDA:20,5,0,0
BRDA:20,6,0,1
BRDA:16,7,0,1
BRDA:17,8,0,1
BRDA:17,9,0,0
BRDA:25,10,0,5
BRDA:36,11,0,2
BRDA:38,12,0,3
BRDA:39,13,0,2
BRDA:39,14,0,1
BRDA:39,15,0,2
BRDA:40,16,0,1
BRDA:40,17,0,1
BRDA:33,18,0,2
BRDA:34,19,0,1
BRDA:44,20,0,1
BRF:21
BRH:18
end_of_record
TN:
SF:src\modules\catalog\infrastructure\productApi.js
FN:8,getProductos
FN:21,getProductosAdmin
FN:22,getCategorias
FN:24,postProductos
FN:36,getProductoId
FN:48,putProductoId
FN:60,deleteProductoId
FNF:7
FNH:7
FNDA:2,getProductos
FNDA:1,getProductosAdmin
FNDA:1,getCategorias
FNDA:2,postProductos
FNDA:2,getProductoId
FNDA:2,putProductoId
FNDA:3,deleteProductoId
DA:1,1
DA:2,1
DA:4,1
DA:5,1
DA:6,1
DA:7,1
DA:8,1
DA:9,2
DA:10,2
DA:11,2
DA:12,2
DA:13,1
DA:14,1
DA:15,1
DA:16,1
DA:17,1
DA:18,1
DA:19,2
DA:21,1
DA:22,1
DA:23,1
DA:24,1
DA:25,2
DA:26,2
DA:27,2
DA:28,1
DA:29,1
DA:30,1
DA:31,1
DA:32,1
DA:33,1
DA:34,2
DA:35,1
DA:36,1
DA:37,2
DA:38,2
DA:39,2
DA:40,1
DA:41,1
DA:42,1
DA:43,1
DA:44,1
DA:45,1
DA:46,2
DA:47,1
DA:48,1
DA:49,2
DA:50,2
DA:51,2
DA:52,1
DA:53,1
DA:54,1
DA:55,1
DA:56,1
DA:57,1
DA:58,2
DA:59,1
DA:60,1
DA:61,3
DA:62,3
DA:63,3
DA:64,3
DA:65,3
DA:66,3
DA:67,3
DA:68,2
DA:69,2
DA:70,1
DA:71,1
DA:72,1
DA:73,2
DA:74,2
DA:75,2
DA:76,2
DA:77,3
DA:78,1
DA:79,1
DA:80,1
DA:81,1
DA:82,1
DA:83,1
DA:84,3
DA:85,2
DA:86,2
DA:87,2
DA:88,3
DA:89,1
DA:90,1
LF:88
LH:88
BRDA:5,0,0,0
BRDA:8,1,0,2
BRDA:12,2,0,1
BRDA:21,3,0,1
BRDA:22,4,0,1
BRDA:24,5,0,2
BRDA:27,6,0,1
BRDA:36,7,0,2
BRDA:39,8,0,1
BRDA:48,9,0,2
BRDA:51,10,0,1
BRDA:60,11,0,3
BRDA:67,12,0,2
BRDA:70,13,0,1
BRDA:77,14,0,1
BRDA:84,15,0,2
BRF:16
BRH:15
end_of_record
TN:
SF:src\modules\catalog\pages\ProductCatalogPage.jsx
FN:9,ProductCatalogPage
FN:20,fetchProducts
FN:56,clearFilters
FN:62,renderProducts
FN:81,onClick
FN:106,onChange
FN:131,onChange
FN:143,onClick
FNF:8
FNH:6
FNDA:7,ProductCatalogPage
FNDA:2,fetchProducts
FNDA:1,clearFilters
FNDA:7,renderProducts
FNDA:1,onClick
FNDA:2,onChange
FNDA:0,onChange
FNDA:0,onClick
DA:1,1
DA:9,7
DA:10,7
DA:11,7
DA:12,7
DA:13,7
DA:14,7
DA:15,7
DA:16,7
DA:17,7
DA:19,7
DA:20,2
DA:21,2
DA:22,2
DA:23,1
DA:24,1
DA:25,1
DA:26,1
DA:27,1
DA:28,1
DA:29,1
DA:30,1
DA:31,1
DA:32,2
DA:33,2
DA:34,2
DA:35,2
DA:36,2
DA:37,7
DA:39,7
DA:40,8
DA:41,8
DA:42,8
DA:43,7
DA:45,7
DA:46,1
DA:47,1
DA:48,1
DA:49,1
DA:50,1
DA:51,1
DA:52,1
DA:53,1
DA:54,7
DA:56,7
DA:57,1
DA:58,1
DA:59,1
DA:60,1
DA:62,7
DA:63,7
DA:64,2
DA:65,2
DA:66,7
DA:67,1
DA:68,1
DA:69,7
DA:70,1
DA:71,1
DA:72,3
DA:73,5
DA:74,5
DA:75,5
DA:76,5
DA:77,5
DA:78,5
DA:79,5
DA:80,5
DA:81,5
DA:82,5
DA:83,5
DA:84,3
DA:85,7
DA:87,7
DA:88,7
DA:89,7
DA:90,7
DA:91,7
DA:92,7
DA:93,7
DA:94,7
DA:95,7
DA:97,7
DA:98,7
DA:99,7
DA:100,7
DA:101,7
DA:102,7
DA:103,7
DA:104,7
DA:105,7
DA:106,7
DA:107,7
DA:108,7
DA:109,7
DA:110,7
DA:111,7
DA:112,7
DA:114,7
DA:115,7
DA:116,7
DA:117,7
DA:118,7
DA:119,7
DA:120,7
DA:121,7
DA:122,7
DA:123,7
DA:124,7
DA:125,7
DA:126,7
DA:127,7
DA:128,7
DA:129,7
DA:130,7
DA:131,7
DA:132,7
DA:133,7
DA:134,7
DA:136,7
DA:137,7
DA:138,7
DA:139,7
DA:140,15
DA:141,15
DA:142,15
DA:143,15
DA:145,15
DA:146,15
DA:147,15
DA:148,7
DA:149,7
DA:150,7
DA:151,7
DA:152,7
DA:154,7
DA:155,7
DA:156,7
DA:157,7
DA:159,7
LF:140
LH:140
BRDA:9,0,0,7
BRDA:110,1,0,2
BRDA:110,2,0,5
BRDA:19,3,0,2
BRDA:20,4,0,2
BRDA:22,5,0,1
BRDA:23,6,0,2
BRDA:24,7,0,2
BRDA:39,8,0,6
BRDA:39,9,0,8
BRDA:40,10,0,0
BRDA:45,11,0,1
BRDA:56,12,0,1
BRDA:62,13,0,7
BRDA:63,14,0,2
BRDA:65,15,0,5
BRDA:66,16,0,1
BRDA:68,17,0,4
BRDA:69,18,0,1
BRDA:71,19,0,3
BRDA:64,20,0,12
BRDA:72,21,0,5
BRDA:75,22,0,3
BRDA:75,23,0,2
BRDA:81,24,0,1
BRDA:106,25,0,2
BRDA:139,26,0,8
BRDA:139,27,0,15
BRDA:141,28,0,7
BRDA:141,29,0,8
BRDA:146,30,0,7
BRF:31
BRH:30
end_of_record
TN:
SF:src\modules\contact\pages\ContactPage.jsx
FN:1,(empty-report)
FNF:1
FNH:0
FNDA:0,(empty-report)
DA:1,0
DA:2,0
DA:3,0
DA:4,0
DA:5,0
DA:6,0
DA:7,0
DA:8,0
DA:9,0
DA:10,0
DA:11,0
DA:12,0
DA:13,0
DA:14,0
DA:15,0
DA:16,0
DA:17,0
DA:18,0
DA:19,0
DA:20,0
DA:21,0
DA:22,0
DA:23,0
DA:24,0
DA:25,0
DA:26,0
DA:27,0
DA:28,0
DA:29,0
DA:30,0
DA:31,0
DA:32,0
DA:33,0
DA:34,0
DA:35,0
DA:36,0
DA:37,0
DA:38,0
DA:39,0
DA:40,0
DA:41,0
DA:42,0
DA:43,0
DA:44,0
DA:45,0
DA:46,0
DA:47,0
DA:48,0
DA:49,0
DA:50,0
DA:51,0
DA:52,0
DA:53,0
DA:54,0
LF:54
LH:0
BRDA:1,0,0,0
BRF:1
BRH:0
end_of_record
TN:
SF:src\modules\home\components\Hero.jsx
FN:1,(empty-report)
FNF:1
FNH:0
FNDA:0,(empty-report)
DA:1,0
DA:2,0
DA:3,0
DA:4,0
DA:5,0
DA:6,0
DA:7,0
DA:8,0
DA:9,0
DA:10,0
DA:11,0
DA:12,0
DA:13,0
DA:14,0
DA:15,0
DA:16,0
DA:17,0
DA:18,0
DA:19,0
DA:20,0
DA:21,0
DA:22,0
DA:23,0
DA:24,0
DA:25,0
DA:26,0
DA:27,0
DA:28,0
DA:29,0
DA:30,0
DA:31,0
DA:32,0
DA:33,0
DA:34,0
DA:35,0
DA:36,0
DA:37,0
DA:38,0
DA:39,0
DA:40,0
DA:41,0
DA:42,0
DA:43,0
DA:44,0
DA:45,0
DA:46,0
DA:47,0
DA:48,0
DA:49,0
DA:50,0
DA:51,0
DA:52,0
DA:53,0
DA:54,0
DA:55,0
LF:55
LH:0
BRDA:1,0,0,0
BRF:1
BRH:0
end_of_record
TN:
SF:src\modules\home\components\HomeContent.jsx
FN:1,(empty-report)
FNF:1
FNH:0
FNDA:0,(empty-report)
DA:1,0
DA:2,0
DA:3,0
DA:4,0
DA:5,0
DA:6,0
DA:7,0
DA:8,0
DA:9,0
DA:10,0
DA:11,0
DA:12,0
DA:13,0
DA:14,0
DA:15,0
DA:16,0
DA:17,0
DA:18,0
DA:19,0
DA:20,0
DA:21,0
DA:22,0
DA:23,0
DA:24,0
DA:25,0
DA:26,0
DA:27,0
DA:28,0
DA:29,0
DA:30,0
DA:31,0
DA:32,0
DA:33,0
DA:34,0
DA:35,0
DA:36,0
DA:37,0
DA:38,0
DA:39,0
DA:40,0
DA:41,0
DA:42,0
DA:43,0
DA:44,0
DA:45,0
DA:46,0
DA:47,0
DA:48,0
DA:49,0
DA:50,0
DA:51,0
DA:52,0
DA:53,0
DA:54,0
DA:55,0
DA:56,0
DA:57,0
DA:58,0
DA:59,0
DA:60,0
DA:61,0
DA:62,0
DA:63,0
DA:64,0
DA:65,0
DA:66,0
DA:67,0
DA:68,0
DA:69,0
DA:70,0
DA:71,0
DA:72,0
DA:73,0
DA:74,0
DA:75,0
DA:76,0
DA:77,0
DA:78,0
DA:79,0
DA:80,0
DA:81,0
DA:82,0
DA:83,0
DA:84,0
DA:85,0
DA:86,0
LF:86
LH:0
BRDA:1,0,0,0
BRF:1
BRH:0
end_of_record
TN:
SF:src\modules\home\components\Promotions.jsx
FN:9,toCards
FN:21,Promotions
FN:33,animate
FN:47,goTo
FN:53,startDrag
FN:60,moveDrag
FN:68,stopDrag
FN:76,preventDraggedClick
FN:77,syncCurrentSlide
FN:86,addPromotionToCart
FN:91,renderCard
FN:94,onFocus
FN:94,onClick
FN:104,onClick
FNF:14
FNH:6
FNDA:2,toCards
FNDA:6,Promotions
FNDA:0,animate
FNDA:0,goTo
FNDA:0,startDrag
FNDA:0,moveDrag
FNDA:0,stopDrag
FNDA:1,preventDraggedClick
FNDA:0,syncCurrentSlide
FNDA:1,addPromotionToCart
FNDA:8,renderCard
FNDA:0,onFocus
FNDA:1,onClick
FNDA:0,onClick
DA:1,1
DA:9,1
DA:10,1
DA:11,1
DA:12,1
DA:13,1
DA:14,1
DA:15,2
DA:16,1
DA:17,1
DA:18,1
DA:19,1
DA:21,6
DA:22,6
DA:23,6
DA:24,6
DA:25,6
DA:26,6
DA:28,6
DA:29,6
DA:30,4
DA:31,1
DA:32,1
DA:33,1
DA:34,0
DA:35,0
DA:36,0
DA:37,0
DA:38,0
DA:39,0
DA:40,0
DA:41,0
DA:42,0
DA:43,1
DA:44,1
DA:45,6
DA:47,6
DA:48,0
DA:49,0
DA:50,0
DA:51,0
DA:52,0
DA:53,6
DA:54,0
DA:55,0
DA:56,0
DA:57,0
DA:58,0
DA:59,0
DA:60,6
DA:61,0
DA:62,0
DA:63,0
DA:64,0
DA:65,0
DA:66,0
DA:67,0
DA:68,6
DA:69,0
DA:70,0
DA:71,0
DA:72,0
DA:73,0
DA:74,0
DA:75,0
DA:76,6
DA:77,6
DA:78,0
DA:79,0
DA:80,0
DA:81,0
DA:82,0
DA:83,0
DA:84,0
DA:85,0
DA:86,6
DA:87,1
DA:88,1
DA:89,1
DA:91,6
DA:92,8
DA:93,8
DA:94,8
DA:95,8
DA:97,6
DA:98,6
DA:99,3
DA:100,3
DA:101,2
DA:102,3
DA:103,1
DA:104,1
DA:105,1
DA:107,6
DA:108,6
DA:109,6
DA:110,6
DA:111,6
LF:98
LH:56
BRDA:9,0,0,2
BRDA:9,1,0,1
BRDA:11,2,0,0
BRDA:15,3,0,1
BRDA:12,4,0,2
BRDA:13,5,0,2
BRDA:15,6,0,1
BRDA:21,7,0,6
BRDA:98,8,0,3
BRDA:100,9,0,2
BRDA:102,10,0,1
BRDA:28,11,0,3
BRDA:28,12,0,2
BRDA:28,13,0,1
BRDA:28,14,0,3
BRDA:29,15,0,4
BRDA:30,16,0,3
BRDA:30,17,0,1
BRDA:44,18,0,1
BRDA:76,19,0,1
BRDA:76,20,0,0
BRDA:86,21,0,1
BRDA:87,22,0,0
BRDA:91,23,0,8
BRDA:94,24,0,6
BRDA:94,25,0,2
BRDA:94,26,0,6
BRDA:94,27,0,2
BRDA:94,28,0,4
BRDA:94,29,0,4
BRDA:94,30,0,4
BRDA:94,31,0,6
BRDA:94,32,0,2
BRDA:94,33,0,1
BRDA:99,34,0,9
BRDA:103,35,0,8
BRDA:104,36,0,8
BRDA:104,37,0,2
BRDA:104,38,0,1
BRDA:104,39,0,1
BRF:40
BRH:37
end_of_record
TN:
SF:src\modules\location\pages\LocationPage.jsx
FN:1,(empty-report)
FNF:1
FNH:0
FNDA:0,(empty-report)
DA:1,0
DA:2,0
DA:3,0
DA:4,0
DA:5,0
DA:6,0
DA:7,0
DA:8,0
DA:9,0
DA:10,0
DA:11,0
DA:12,0
DA:13,0
DA:14,0
DA:15,0
DA:16,0
DA:17,0
DA:18,0
DA:19,0
DA:20,0
DA:21,0
DA:22,0
DA:23,0
DA:24,0
DA:25,0
DA:26,0
DA:27,0
DA:28,0
DA:29,0
DA:30,0
DA:31,0
DA:32,0
DA:33,0
DA:34,0
DA:35,0
DA:36,0
DA:37,0
DA:38,0
DA:39,0
DA:40,0
DA:41,0
DA:42,0
DA:43,0
DA:44,0
DA:45,0
DA:46,0
DA:47,0
DA:48,0
DA:49,0
DA:50,0
DA:51,0
LF:51
LH:0
BRDA:1,0,0,0
BRF:1
BRH:0
end_of_record
TN:
SF:src\modules\orders\infrastructure\orderApi.js
FN:3,request
FN:14,createOrder
FN:15,getOrderHistory
FN:16,getCurrentOrders
FN:17,cancelPendingOrder
FN:18,getMonthlyOrderHistory
FN:19,processMercadoPagoPayment
FNF:7
FNH:7
FNDA:7,request
FNDA:1,createOrder
FNDA:1,getOrderHistory
FNDA:2,getCurrentOrders
FNDA:1,cancelPendingOrder
FNDA:1,getMonthlyOrderHistory
FNDA:1,processMercadoPagoPayment
DA:1,1
DA:3,1
DA:4,7
DA:5,7
DA:6,7
DA:7,7
DA:8,7
DA:9,7
DA:10,7
DA:11,6
DA:12,6
DA:14,1
DA:15,1
DA:16,1
DA:17,1
DA:18,1
DA:19,1
DA:20,1
DA:21,1
DA:22,1
DA:23,1
LF:21
LH:21
BRDA:1,0,0,0
BRDA:3,1,0,7
BRDA:10,2,0,1
BRDA:10,3,0,0
BRDA:10,4,0,6
BRDA:14,5,0,1
BRDA:15,6,0,1
BRDA:16,7,0,2
BRDA:17,8,0,1
BRDA:18,9,0,1
BRDA:19,10,0,1
BRF:11
BRH:9
end_of_record
TN:
SF:src\modules\orders\pages\CheckoutPage.jsx
FN:8,CheckoutPage
FN:28,continueToPayment
FN:42,onChange
FNF:3
FNH:3
FNDA:4,CheckoutPage
FNDA:1,continueToPayment
FNDA:1,onChange
DA:1,1
DA:8,4
DA:9,4
DA:10,4
DA:11,4
DA:12,4
DA:13,4
DA:14,4
DA:15,4
DA:16,4
DA:17,4
DA:18,4
DA:19,4
DA:20,4
DA:21,4
DA:22,4
DA:23,4
DA:24,4
DA:25,0
DA:26,4
DA:28,4
DA:29,1
DA:30,1
DA:31,1
DA:32,1
DA:33,1
DA:34,1
DA:36,4
DA:37,4
DA:38,4
DA:39,4
DA:40,4
DA:41,3
DA:42,3
DA:43,3
DA:44,4
DA:45,1
DA:46,1
DA:47,1
DA:48,1
DA:49,1
DA:50,1
DA:51,1
DA:52,4
DA:53,4
LF:45
LH:44
BRDA:8,0,0,4
BRDA:17,1,0,0
BRDA:18,2,0,0
BRDA:19,3,0,0
BRDA:20,4,0,0
BRDA:37,5,0,0
BRDA:40,6,0,3
BRDA:43,7,0,2
BRDA:43,8,0,1
BRDA:43,9,0,2
BRDA:44,10,0,1
BRDA:11,11,0,1
BRDA:20,12,0,4
BRDA:28,13,0,1
BRDA:33,14,0,0
BRDA:31,15,0,1
BRDA:31,16,0,0
BRDA:31,17,0,0
BRDA:39,18,0,4
BRDA:39,19,0,0
BRDA:39,20,0,0
BRDA:42,21,0,1
BRF:22
BRH:12
end_of_record
TN:
SF:src\modules\orders\pages\CurrentOrdersPage.jsx
FN:16,money
FN:18,CurrentOrdersPage
FN:40,cancelOrder
FN:51,paymentFinished
FN:61,onClick
FN:76,onClick
FN:77,onClick
FN:82,onStatus
FN:86,onError
FNF:9
FNH:7
FNDA:17,money
FNDA:15,CurrentOrdersPage
FNDA:1,cancelOrder
FNDA:1,paymentFinished
FNDA:1,onClick
FNDA:1,onClick
FNDA:1,onClick
FNDA:0,onStatus
FNDA:0,onError
DA:1,1
DA:9,1
DA:10,1
DA:11,1
DA:12,1
DA:13,1
DA:14,1
DA:15,1
DA:16,1
DA:18,15
DA:19,15
DA:20,15
DA:21,15
DA:22,15
DA:23,15
DA:24,15
DA:26,15
DA:27,6
DA:28,6
DA:29,0
DA:30,6
DA:31,15
DA:33,15
DA:34,3
DA:35,3
DA:36,3
DA:37,3
DA:38,15
DA:40,15
DA:41,1
DA:42,1
DA:43,1
DA:44,1
DA:45,1
DA:46,1
DA:47,1
DA:48,1
DA:49,1
DA:51,15
DA:52,1
DA:53,1
DA:54,1
DA:55,1
DA:57,15
DA:58,15
DA:60,15
DA:61,15
DA:62,15
DA:63,15
DA:64,15
DA:65,15
DA:66,8
DA:67,8
DA:68,8
DA:69,8
DA:70,8
DA:71,8
DA:72,8
DA:73,8
DA:74,6
DA:75,6
DA:76,6
DA:77,6
DA:78,6
DA:79,6
DA:80,1
DA:81,1
DA:82,1
DA:83,0
DA:84,0
DA:85,0
DA:86,1
DA:87,1
DA:88,1
DA:89,1
DA:90,8
DA:91,8
DA:92,8
DA:93,8
DA:94,8
DA:95,8
DA:96,8
DA:97,8
DA:98,2
DA:99,8
DA:100,8
DA:101,8
DA:102,15
DA:103,15
LF:89
LH:85
BRDA:15,0,0,4
BRDA:16,1,0,17
BRDA:18,2,0,15
BRDA:57,3,0,0
BRDA:58,4,0,0
BRDA:62,5,0,0
BRDA:63,6,0,4
BRDA:64,7,0,11
BRDA:64,8,0,3
BRDA:65,9,0,11
BRDA:65,10,0,8
BRDA:26,11,0,6
BRDA:27,12,0,4
BRDA:28,13,0,0
BRDA:30,14,0,4
BRDA:33,15,0,3
BRDA:34,16,0,0
BRDA:37,17,0,3
BRDA:40,18,0,1
BRDA:41,19,0,0
BRDA:47,20,0,0
BRDA:51,21,0,1
BRDA:61,22,0,1
BRDA:65,23,0,8
BRDA:66,24,0,6
BRDA:67,25,0,6
BRDA:68,26,0,6
BRDA:69,27,0,6
BRDA:73,28,0,6
BRDA:74,29,0,0
BRDA:74,30,0,0
BRDA:76,31,0,1
BRDA:76,32,0,5
BRDA:77,33,0,2
BRDA:77,34,0,4
BRDA:79,35,0,1
BRDA:79,36,0,1
BRDA:90,37,0,2
BRDA:76,38,0,1
BRDA:76,39,0,0
BRDA:77,40,0,1
BRDA:90,41,0,8
BRDA:94,42,0,4
BRDA:94,43,0,2
BRDA:94,44,0,2
BRDA:94,45,0,6
BRDA:99,46,0,8
BRDA:99,47,0,0
BRF:48
BRH:37
end_of_record
TN:
SF:src\modules\orders\pages\OrderHistoryPage.jsx
FN:8,monthName
FN:9,money
FN:11,OrderHistoryPage
FNF:3
FNH:3
FNDA:1,monthName
FNDA:3,money
FNDA:8,OrderHistoryPage
DA:1,1
DA:8,1
DA:9,1
DA:11,8
DA:12,8
DA:13,8
DA:14,8
DA:15,8
DA:16,8
DA:17,8
DA:18,6
DA:19,8
DA:20,8
DA:21,8
DA:22,8
LF:15
LH:15
BRDA:8,0,0,1
BRDA:9,1,0,3
BRDA:11,2,0,8
BRDA:16,3,0,1
BRDA:16,4,0,7
BRDA:17,5,0,1
BRDA:17,6,0,6
BRDA:19,7,0,1
BRDA:20,8,0,5
BRDA:20,9,0,4
BRDA:20,10,0,2
BRDA:15,11,0,5
BRDA:15,12,0,3
BRDA:15,13,0,1
BRDA:20,14,0,1
BRDA:20,15,0,0
BRDA:20,16,0,1
BRDA:20,17,0,1
BRF:18
BRH:17
end_of_record
TN:
SF:src\modules\payments\components\MercadoPagoPayment.jsx
FN:9,MercadoPagoPayment
FN:10,submitStub
FN:27,onClick
FN:28,onClick
FNF:4
FNH:4
FNDA:3,MercadoPagoPayment
FNDA:3,submitStub
FNDA:2,onClick
FNDA:1,onClick
DA:1,1
DA:5,1
DA:6,1
DA:7,1
DA:9,3
DA:10,3
DA:11,3
DA:12,3
DA:13,3
DA:14,3
DA:15,3
DA:16,3
DA:17,3
DA:18,3
DA:19,3
DA:20,1
DA:21,3
DA:22,3
DA:23,3
DA:25,3
DA:26,1
DA:27,1
DA:28,1
DA:29,1
DA:31,3
DA:32,1
DA:33,1
DA:35,1
DA:36,1
DA:37,1
DA:38,1
DA:39,1
DA:40,1
DA:41,1
DA:42,1
DA:44,1
DA:45,2
DA:46,2
DA:47,2
DA:48,2
DA:49,1
DA:50,1
DA:51,1
DA:52,1
DA:53,1
DA:54,1
DA:55,2
DA:56,1
DA:57,1
DA:58,2
DA:59,1
DA:61,1
DA:62,1
DA:63,1
DA:65,1
DA:66,1
DA:67,1
DA:68,1
DA:69,1
DA:70,1
DA:71,1
LF:61
LH:61
BRDA:7,0,0,1
BRDA:9,1,0,3
BRDA:25,2,0,1
BRDA:29,3,0,2
BRDA:31,4,0,1
BRDA:10,5,0,3
BRDA:14,6,0,2
BRDA:14,7,0,1
BRDA:18,8,0,2
BRDA:19,9,0,1
BRDA:21,10,0,1
BRDA:27,11,0,2
BRDA:28,12,0,1
BRDA:35,13,0,1
BRDA:39,14,0,1
BRDA:44,15,0,2
BRDA:48,16,0,1
BRDA:50,17,0,0
BRDA:52,18,0,0
BRDA:55,19,0,1
BRDA:61,20,0,1
BRDA:62,21,0,0
BRF:22
BRH:19
end_of_record
TN:
SF:src\modules\promotions\application\promotionService.js
FN:3,listActivePromotions
FNF:1
FNH:1
FNDA:1,listActivePromotions
DA:1,1
DA:3,1
LF:2
LH:2
BRDA:3,0,0,1
BRF:1
BRH:1
end_of_record
TN:
SF:src\modules\promotions\infrastructure\promotionApi.js
FN:4,fetchActivePromotions
FNF:1
FNH:1
FNDA:2,fetchActivePromotions
DA:1,1
DA:3,1
DA:4,1
LF:3
LH:3
BRDA:3,0,0,0
BRDA:4,1,0,2
BRF:2
BRH:1
end_of_record
TN:
SF:src\shared\components\AcademicNotice.jsx
FN:1,(empty-report)
FNF:1
FNH:0
FNDA:0,(empty-report)
DA:1,0
DA:2,0
DA:3,0
DA:4,0
DA:5,0
DA:6,0
DA:7,0
DA:8,0
DA:9,0
DA:10,0
DA:11,0
DA:12,0
DA:13,0
LF:13
LH:0
BRDA:1,0,0,0
BRF:1
BRH:0
end_of_record
TN:
SF:src\shared\components\Footer.jsx
FN:1,(empty-report)
FNF:1
FNH:0
FNDA:0,(empty-report)
DA:1,0
DA:2,0
DA:3,0
DA:4,0
DA:5,0
DA:6,0
DA:7,0
DA:8,0
DA:9,0
DA:10,0
DA:11,0
DA:12,0
DA:13,0
DA:14,0
DA:15,0
DA:16,0
DA:17,0
DA:18,0
DA:19,0
DA:20,0
DA:21,0
DA:22,0
DA:23,0
DA:24,0
DA:25,0
DA:26,0
DA:27,0
DA:28,0
DA:29,0
DA:30,0
DA:31,0
DA:32,0
DA:33,0
DA:34,0
DA:35,0
DA:36,0
DA:37,0
DA:38,0
DA:39,0
DA:40,0
DA:41,0
DA:42,0
DA:43,0
DA:44,0
DA:45,0
DA:46,0
DA:47,0
DA:48,0
DA:49,0
DA:50,0
DA:51,0
DA:52,0
DA:53,0
DA:54,0
DA:55,0
DA:56,0
LF:56
LH:0
BRDA:1,0,0,0
BRF:1
BRH:0
end_of_record
TN:
SF:src\shared\components\Navbar.jsx
FN:19,Navbar
FN:49,className
FN:67,onClick
FN:77,onClose
FNF:4
FNH:3
FNDA:3,Navbar
FNDA:15,className
FNDA:1,onClick
FNDA:0,onClose
DA:1,1
DA:11,1
DA:12,1
DA:13,1
DA:14,1
DA:15,1
DA:16,1
DA:17,1
DA:19,3
DA:20,3
DA:21,3
DA:22,3
DA:24,3
DA:25,3
DA:26,3
DA:27,3
DA:28,3
DA:29,3
DA:30,3
DA:32,3
DA:33,3
DA:34,3
DA:35,3
DA:36,3
DA:37,3
DA:38,3
DA:39,3
DA:41,3
DA:42,3
DA:44,3
DA:45,3
DA:46,3
DA:47,15
DA:48,15
DA:49,15
DA:50,15
DA:51,15
DA:53,15
DA:54,15
DA:55,15
DA:56,3
DA:57,3
DA:59,3
DA:60,3
DA:61,0
DA:62,0
DA:63,0
DA:64,0
DA:65,0
DA:67,3
DA:68,3
DA:69,3
DA:71,3
DA:72,3
DA:73,3
DA:74,3
DA:76,3
DA:77,3
DA:78,3
DA:80,3
LF:60
LH:55
BRDA:19,0,0,3
BRDA:60,1,0,0
BRDA:46,2,0,15
BRDA:49,3,0,15
BRDA:49,4,0,3
BRDA:49,5,0,12
BRDA:67,6,0,1
BRF:7
BRH:6
end_of_record
TN:
SF:src\shared\utils\file.js
FN:4,nameFielUUID
FNF:1
FNH:1
FNDA:2,nameFielUUID
DA:1,1
DA:2,1
DA:3,1
DA:4,1
DA:5,2
DA:6,2
DA:7,2
DA:8,2
DA:9,2
DA:10,1
DA:11,1
LF:11
LH:11
BRDA:4,0,0,2
BRF:1
BRH:1
end_of_record
