TN:
SF:src\app\App.jsx
FN:1,(empty-report)
FNF:1
FNH:0
FNDA:0,(empty-report)
DA:1,0
DA:2,0
DA:3,0
DA:4,0
DA:5,0
DA:6,0
DA:7,0
DA:8,0
DA:9,0
DA:10,0
DA:11,0
DA:12,0
DA:13,0
DA:14,0
DA:15,0
DA:16,0
DA:17,0
DA:18,0
DA:19,0
DA:20,0
DA:21,0
DA:22,0
DA:23,0
DA:24,0
DA:25,0
DA:26,0
DA:27,0
DA:28,0
DA:29,0
DA:30,0
DA:31,0
DA:32,0
DA:33,0
DA:34,0
DA:35,0
DA:36,0
DA:37,0
DA:38,0
DA:39,0
DA:40,0
DA:41,0
DA:42,0
DA:43,0
DA:44,0
DA:45,0
DA:46,0
DA:47,0
DA:48,0
DA:49,0
DA:50,0
DA:51,0
DA:52,0
DA:53,0
DA:54,0
DA:55,0
DA:56,0
DA:57,0
DA:58,0
DA:59,0
DA:60,0
DA:61,0
DA:62,0
DA:63,0
DA:64,0
DA:65,0
DA:66,0
DA:67,0
DA:68,0
DA:69,0
DA:70,0
DA:71,0
DA:72,0
DA:73,0
DA:74,0
DA:75,0
DA:76,0
DA:77,0
DA:78,0
DA:79,0
DA:80,0
DA:81,0
DA:82,0
DA:83,0
DA:84,0
DA:85,0
DA:86,0
DA:87,0
DA:88,0
DA:89,0
DA:90,0
DA:91,0
DA:92,0
DA:93,0
DA:94,0
DA:95,0
DA:96,0
DA:97,0
DA:98,0
DA:99,0
DA:100,0
DA:101,0
DA:102,0
DA:103,0
DA:104,0
DA:105,0
DA:106,0
DA:107,0
LF:107
LH:0
BRDA:1,0,0,0
BRF:1
BRH:0
end_of_record
TN:
SF:src\modules\about\components\Employees.jsx
FN:1,(empty-report)
FNF:1
FNH:0
FNDA:0,(empty-report)
DA:1,0
DA:2,0
DA:3,0
DA:4,0
DA:5,0
DA:6,0
DA:7,0
DA:8,0
DA:9,0
DA:10,0
DA:11,0
DA:12,0
DA:13,0
DA:14,0
DA:15,0
DA:16,0
DA:17,0
DA:18,0
DA:19,0
DA:20,0
DA:21,0
DA:22,0
DA:23,0
DA:24,0
DA:25,0
DA:26,0
DA:27,0
DA:28,0
DA:29,0
DA:30,0
DA:31,0
DA:32,0
DA:33,0
DA:34,0
DA:35,0
DA:36,0
DA:37,0
DA:38,0
DA:39,0
DA:40,0
DA:41,0
DA:42,0
DA:43,0
DA:44,0
LF:44
LH:0
BRDA:1,0,0,0
BRF:1
BRH:0
end_of_record
TN:
SF:src\modules\about\pages\AboutPage.jsx
FN:1,(empty-report)
FNF:1
FNH:0
FNDA:0,(empty-report)
DA:1,0
DA:2,0
DA:3,0
DA:4,0
DA:5,0
DA:6,0
DA:7,0
DA:8,0
DA:9,0
DA:10,0
DA:11,0
DA:12,0
DA:13,0
DA:14,0
DA:15,0
DA:16,0
DA:17,0
DA:18,0
DA:19,0
DA:20,0
DA:21,0
DA:22,0
DA:23,0
DA:24,0
DA:25,0
DA:26,0
DA:27,0
DA:28,0
DA:29,0
DA:30,0
DA:31,0
DA:32,0
DA:33,0
DA:34,0
DA:35,0
DA:36,0
DA:37,0
DA:38,0
DA:39,0
DA:40,0
DA:41,0
DA:42,0
DA:43,0
DA:44,0
DA:45,0
DA:46,0
DA:47,0
DA:48,0
DA:49,0
DA:50,0
DA:51,0
DA:52,0
DA:53,0
DA:54,0
LF:54
LH:0
BRDA:1,0,0,0
BRF:1
BRH:0
end_of_record
TN:
SF:src\modules\admin\components\AdminLayout.jsx
FN:1,(empty-report)
FNF:1
FNH:0
FNDA:0,(empty-report)
DA:1,0
DA:2,0
DA:3,0
DA:4,0
DA:5,0
DA:6,0
DA:7,0
DA:8,0
DA:9,0
DA:10,0
DA:11,0
DA:12,0
DA:13,0
DA:14,0
DA:15,0
DA:16,0
DA:17,0
DA:18,0
DA:19,0
DA:20,0
LF:20
LH:0
BRDA:1,0,0,0
BRF:1
BRH:0
end_of_record
TN:
SF:src\modules\admin\components\AdminSidebar.jsx
FN:1,(empty-report)
FNF:1
FNH:0
FNDA:0,(empty-report)
DA:1,0
DA:2,0
DA:3,0
DA:4,0
DA:5,0
DA:6,0
DA:7,0
DA:8,0
DA:9,0
DA:10,0
DA:11,0
DA:12,0
DA:13,0
DA:14,0
DA:15,0
DA:16,0
DA:17,0
DA:18,0
DA:19,0
DA:20,0
DA:21,0
DA:22,0
DA:23,0
DA:24,0
DA:25,0
DA:26,0
DA:27,0
DA:28,0
DA:29,0
DA:30,0
DA:31,0
DA:32,0
DA:33,0
DA:34,0
DA:35,0
DA:36,0
DA:37,0
DA:38,0
DA:39,0
DA:40,0
DA:41,0
DA:42,0
DA:43,0
DA:44,0
DA:45,0
DA:46,0
DA:47,0
DA:48,0
DA:49,0
DA:50,0
DA:51,0
DA:52,0
DA:53,0
DA:54,0
LF:54
LH:0
BRDA:1,0,0,0
BRF:1
BRH:0
end_of_record
TN:
SF:src\modules\admin\components\LoginModal.jsx
FN:1,(empty-report)
FNF:1
FNH:0
FNDA:0,(empty-report)
DA:1,0
DA:2,0
DA:3,0
DA:4,0
DA:5,0
DA:6,0
DA:7,0
DA:8,0
DA:9,0
DA:10,0
DA:11,0
DA:12,0
DA:13,0
DA:14,0
DA:15,0
DA:16,0
DA:17,0
DA:18,0
DA:19,0
DA:20,0
DA:21,0
DA:22,0
DA:23,0
DA:24,0
DA:25,0
DA:26,0
DA:27,0
DA:28,0
DA:29,0
DA:30,0
DA:31,0
DA:32,0
DA:33,0
DA:34,0
DA:35,0
DA:36,0
DA:37,0
DA:38,0
LF:38
LH:0
BRDA:1,0,0,0
BRF:1
BRH:0
end_of_record
TN:
SF:src\modules\admin\components\ProductForm.jsx
FN:5,ProductForm
FNF:1
FNH:1
FNDA:2,ProductForm
DA:1,1
DA:5,2
DA:6,2
DA:7,2
DA:9,2
DA:10,2
DA:11,2
DA:12,2
DA:13,2
DA:14,2
DA:15,2
DA:16,2
DA:17,2
DA:18,2
DA:19,2
DA:21,2
DA:22,2
DA:23,2
DA:24,2
DA:25,2
DA:26,2
DA:28,2
DA:29,2
DA:30,2
DA:31,2
DA:32,2
DA:34,2
LF:27
LH:27
BRDA:5,0,0,2
BRDA:13,1,0,0
BRDA:14,2,0,0
BRDA:15,3,0,0
BRDA:16,4,0,0
BRDA:17,5,0,0
BRDA:18,6,0,0
BRDA:23,7,0,0
BRDA:23,8,0,0
BRDA:29,9,0,0
BRDA:30,10,0,0
BRDA:7,11,0,1
BRDA:15,12,0,1
BRF:13
BRH:3
end_of_record
TN:
SF:src\modules\admin\components\ProductTable.jsx
FN:5,ProductTable
FN:17,renderRows
FN:32,onClick
FN:42,onChange
FN:52,onClick
FN:52,onClick
FNF:6
FNH:4
FNDA:4,ProductTable
FNDA:4,renderRows
FNDA:1,onClick
FNDA:1,onChange
FNDA:0,onClick
FNDA:0,onClick
DA:1,1
DA:5,4
DA:6,4
DA:7,4
DA:8,4
DA:9,4
DA:10,2
DA:11,4
DA:12,4
DA:13,4
DA:15,4
DA:17,4
DA:18,4
DA:19,4
DA:20,1
DA:21,1
DA:22,1
DA:23,1
DA:24,1
DA:25,1
DA:26,1
DA:27,1
DA:28,1
DA:29,1
DA:30,1
DA:31,1
DA:32,1
DA:33,1
DA:35,1
DA:36,4
DA:38,4
DA:39,4
DA:40,4
DA:41,4
DA:42,4
DA:43,4
DA:44,4
DA:45,4
DA:46,4
DA:47,4
DA:48,4
DA:49,4
DA:50,4
DA:51,4
DA:52,4
DA:53,4
DA:55,4
LF:47
LH:47
BRDA:5,0,0,4
BRDA:52,1,0,0
BRDA:9,2,0,4
BRDA:9,3,0,2
BRDA:15,4,0,1
BRDA:15,5,0,0
BRDA:17,6,0,4
BRDA:18,7,0,1
BRDA:18,8,0,3
BRDA:19,9,0,2
BRDA:19,10,0,1
BRDA:20,11,0,1
BRDA:23,12,0,0
BRDA:25,13,0,0
BRDA:30,14,0,0
BRDA:30,15,0,0
BRDA:32,16,0,1
BRDA:42,17,0,1
BRF:18
BRH:12
end_of_record
TN:
SF:src\modules\admin\components\ProtectedAdminRoute.jsx
FN:1,(empty-report)
FNF:1
FNH:0
FNDA:0,(empty-report)
DA:1,0
DA:2,0
DA:3,0
DA:4,0
DA:5,0
DA:6,0
DA:7,0
DA:8,0
DA:9,0
DA:10,0
LF:10
LH:0
BRDA:1,0,0,0
BRF:1
BRH:0
end_of_record
TN:
SF:src\modules\admin\infrastructure\adminApi.js
FN:1,(empty-report)
FNF:1
FNH:0
FNDA:0,(empty-report)
DA:1,0
DA:2,0
DA:3,0
DA:4,0
DA:5,0
DA:6,0
DA:7,0
DA:8,0
DA:9,0
DA:10,0
DA:11,0
DA:12,0
DA:13,0
DA:14,0
DA:15,0
DA:16,0
DA:17,0
DA:18,0
DA:19,0
DA:20,0
DA:21,0
DA:22,0
DA:23,0
DA:24,0
DA:25,0
DA:26,0
DA:27,0
DA:28,0
DA:29,0
LF:29
LH:0
BRDA:1,0,0,0
BRF:1
BRH:0
end_of_record
TN:
SF:src\modules\admin\pages\AdminPage.jsx
FN:1,(empty-report)
FNF:1
FNH:0
FNDA:0,(empty-report)
DA:1,0
DA:2,0
DA:3,0
DA:4,0
DA:5,0
DA:6,0
DA:7,0
DA:8,0
DA:9,0
DA:10,0
DA:11,0
DA:12,0
DA:13,0
DA:14,0
DA:15,0
DA:16,0
DA:17,0
LF:17
LH:0
BRDA:1,0,0,0
BRF:1
BRH:0
end_of_record
TN:
SF:src\modules\admin\pages\CategoriesAdminPage.jsx
FN:6,CategoriesAdminPage
FN:10,load
FN:12,submit
FN:13,toggle
FN:21,onChange
FN:26,onClick
FNF:6
FNH:6
FNDA:6,CategoriesAdminPage
FNDA:3,load
FNDA:1,submit
FNDA:1,toggle
FNDA:1,onChange
FNDA:1,onClick
DA:1,1
DA:6,6
DA:7,6
DA:8,6
DA:9,6
DA:10,6
DA:11,6
DA:12,6
DA:13,6
DA:15,6
DA:16,6
DA:17,6
DA:18,6
DA:19,6
DA:20,6
DA:21,6
DA:22,6
DA:23,6
DA:24,6
DA:25,6
DA:26,6
DA:27,6
DA:28,6
DA:29,6
DA:31,6
LF:25
LH:25
BRDA:6,0,0,6
BRDA:17,1,0,0
BRDA:10,2,0,3
BRDA:11,3,0,1
BRDA:12,4,0,1
BRDA:12,5,0,0
BRDA:13,6,0,1
BRDA:13,7,0,0
BRDA:21,8,0,1
BRDA:26,9,0,5
BRDA:26,10,0,0
BRDA:26,11,0,0
BRDA:26,12,0,0
BRDA:26,13,0,0
BRDA:26,14,0,1
BRF:15
BRH:8
end_of_record
TN:
SF:src\modules\admin\pages\CreateProductPage.jsx
FN:1,(empty-report)
FNF:1
FNH:0
FNDA:0,(empty-report)
DA:1,0
DA:2,0
DA:3,0
DA:4,0
DA:5,0
DA:6,0
DA:7,0
DA:8,0
DA:9,0
DA:10,0
DA:11,0
DA:12,0
DA:13,0
DA:14,0
DA:15,0
DA:16,0
DA:17,0
DA:18,0
DA:19,0
DA:20,0
DA:21,0
DA:22,0
DA:23,0
DA:24,0
DA:25,0
DA:26,0
DA:27,0
DA:28,0
DA:29,0
DA:30,0
DA:31,0
DA:32,0
DA:33,0
DA:34,0
DA:35,0
DA:36,0
DA:37,0
DA:38,0
DA:39,0
LF:39
LH:0
BRDA:1,0,0,0
BRF:1
BRH:0
end_of_record
TN:
SF:src\modules\admin\pages\EditProductPage.jsx
FN:1,(empty-report)
FNF:1
FNH:0
FNDA:0,(empty-report)
DA:1,0
DA:2,0
DA:3,0
DA:4,0
DA:5,0
DA:6,0
DA:7,0
DA:8,0
DA:9,0
DA:10,0
DA:11,0
DA:12,0
DA:13,0
DA:14,0
DA:15,0
DA:16,0
DA:17,0
DA:18,0
DA:19,0
DA:20,0
DA:21,0
DA:22,0
DA:23,0
DA:24,0
DA:25,0
DA:26,0
DA:27,0
DA:28,0
DA:29,0
DA:30,0
DA:31,0
DA:32,0
DA:33,0
DA:34,0
DA:35,0
DA:36,0
LF:36
LH:0
BRDA:1,0,0,0
BRF:1
BRH:0
end_of_record
TN:
SF:src\modules\admin\pages\OrdersAdminPage.jsx
FN:23,money
FN:24,dateTime
FN:26,OrdersAdminPage
FN:46,applySearch
FN:47,chooseStatus
FN:48,updateStatus
FN:64,onClick
FN:66,onClick
FN:69,onClick
FN:70,onClick
FN:71,onClick
FN:72,onClick
FN:73,onClick
FN:77,onChange
FN:79,onClick
FN:79,onClick
FN:82,onClick
FNF:17
FNH:7
FNDA:30,money
FNDA:15,dateTime
FNDA:12,OrdersAdminPage
FNDA:1,applySearch
FNDA:0,chooseStatus
FNDA:1,updateStatus
FNDA:1,onClick
FNDA:0,onClick
FNDA:0,onClick
FNDA:0,onClick
FNDA:0,onClick
FNDA:0,onClick
FNDA:0,onClick
FNDA:1,onChange
FNDA:0,onClick
FNDA:0,onClick
FNDA:0,onClick
DA:1,1
DA:7,1
DA:8,1
DA:9,1
DA:10,1
DA:11,1
DA:12,1
DA:13,1
DA:14,1
DA:15,1
DA:16,1
DA:17,1
DA:18,1
DA:19,1
DA:20,1
DA:21,1
DA:22,1
DA:23,1
DA:24,1
DA:26,12
DA:27,12
DA:28,12
DA:29,12
DA:30,12
DA:31,12
DA:32,12
DA:33,12
DA:34,12
DA:35,12
DA:36,12
DA:38,12
DA:39,3
DA:40,3
DA:41,0
DA:42,3
DA:43,12
DA:45,12
DA:46,12
DA:47,12
DA:48,12
DA:49,1
DA:50,1
DA:51,1
DA:52,1
DA:53,0
DA:54,1
DA:55,1
DA:57,12
DA:58,12
DA:59,12
DA:60,2
DA:61,12
DA:62,0
DA:63,10
DA:64,10
DA:65,10
DA:66,12
DA:67,12
DA:68,12
DA:69,12
DA:70,12
DA:71,12
DA:72,12
DA:73,12
DA:74,12
DA:76,12
DA:77,12
DA:78,12
DA:79,12
DA:80,12
DA:82,12
DA:83,5
DA:84,5
DA:85,5
DA:86,5
DA:87,5
DA:88,5
DA:89,5
DA:90,5
DA:91,12
DA:92,12
LF:81
LH:78
BRDA:23,0,0,30
BRDA:24,1,0,15
BRDA:26,2,0,12
BRDA:57,3,0,0
BRDA:59,4,0,2
BRDA:61,5,0,10
BRDA:61,6,0,0
BRDA:67,7,0,0
BRDA:69,8,0,0
BRDA:69,9,0,1
BRDA:70,10,0,0
BRDA:70,11,0,1
BRDA:71,12,0,0
BRDA:72,13,0,0
BRDA:73,14,0,0
BRDA:77,15,0,11
BRDA:77,16,0,1
BRDA:79,17,0,0
BRDA:82,18,0,5
BRDA:83,19,0,0
BRDA:83,20,0,0
BRDA:83,21,0,0
BRDA:84,22,0,0
BRDA:84,23,0,0
BRDA:86,24,0,0
BRDA:87,25,0,0
BRDA:89,26,0,3
BRDA:89,27,0,2
BRDA:89,28,0,0
BRDA:38,29,0,3
BRDA:39,30,0,2
BRDA:40,31,0,0
BRDA:42,32,0,2
BRDA:45,33,0,2
BRDA:45,34,0,2
BRDA:46,35,0,1
BRDA:48,36,0,1
BRDA:50,37,0,0
BRDA:52,38,0,0
BRDA:64,39,0,10
BRDA:64,40,0,0
BRDA:64,41,0,0
BRDA:64,42,0,0
BRDA:64,43,0,0
BRDA:64,44,0,10
BRDA:64,45,0,1
BRDA:77,46,0,1
BRDA:85,47,0,5
BRDA:85,48,0,0
BRDA:89,49,0,5
BRF:50
BRH:25
end_of_record
TN:
SF:src\modules\admin\pages\ProductListPage.jsx
FN:1,(empty-report)
FNF:1
FNH:0
FNDA:0,(empty-report)
DA:1,0
DA:2,0
DA:3,0
DA:4,0
DA:5,0
DA:6,0
DA:7,0
DA:8,0
DA:9,0
DA:10,0
DA:11,0
DA:12,0
DA:13,0
DA:14,0
DA:15,0
DA:16,0
DA:17,0
DA:18,0
DA:19,0
DA:20,0
DA:21,0
DA:22,0
DA:23,0
DA:24,0
DA:25,0
DA:26,0
DA:27,0
DA:28,0
DA:29,0
DA:30,0
DA:31,0
DA:32,0
DA:33,0
DA:34,0
DA:35,0
DA:36,0
DA:37,0
DA:38,0
DA:39,0
DA:40,0
DA:41,0
DA:42,0
DA:43,0
DA:44,0
DA:45,0
DA:46,0
DA:47,0
DA:48,0
DA:49,0
DA:50,0
DA:51,0
DA:52,0
DA:53,0
DA:54,0
DA:55,0
DA:56,0
LF:56
LH:0
BRDA:1,0,0,0
BRF:1
BRH:0
end_of_record
TN:
SF:src\modules\admin\pages\PromotionsAdminPage.jsx
FN:8,newForm
FN:10,PromotionsAdminPage
FN:17,load
FN:20,change
FN:21,changeKind
FN:25,toggleProduct
FN:26,setQuantity
FN:28,submit
FN:43,remove
FN:44,describeProducts
FN:48,describeValue
FN:68,onChange
FN:73,onChange
FN:73,onChange
FNF:14
FNH:7
FNDA:2,newForm
FNDA:11,PromotionsAdminPage
FNDA:2,load
FNDA:66,change
FNDA:0,changeKind
FNDA:1,toggleProduct
FNDA:0,setQuantity
FNDA:1,submit
FNDA:0,remove
FNDA:0,describeProducts
FNDA:0,describeValue
FNDA:0,onChange
FNDA:1,onChange
FNDA:0,onChange
DA:1,1
DA:8,1
DA:10,11
DA:11,11
DA:12,11
DA:13,11
DA:14,11
DA:15,11
DA:16,11
DA:17,11
DA:18,11
DA:20,11
DA:21,11
DA:22,0
DA:23,0
DA:24,0
DA:25,11
DA:26,11
DA:28,11
DA:29,1
DA:30,1
DA:31,1
DA:32,1
DA:33,1
DA:34,1
DA:35,1
DA:36,1
DA:37,1
DA:38,1
DA:39,1
DA:40,1
DA:41,1
DA:42,1
DA:43,11
DA:44,11
DA:45,0
DA:46,0
DA:47,0
DA:48,11
DA:49,0
DA:50,0
DA:51,0
DA:52,0
DA:54,11
DA:55,11
DA:56,11
DA:57,11
DA:58,11
DA:59,11
DA:60,11
DA:61,11
DA:62,11
DA:63,11
DA:64,11
DA:65,11
DA:66,11
DA:67,0
DA:68,0
DA:69,0
DA:70,11
DA:71,11
DA:72,11
DA:73,11
DA:74,11
DA:75,11
DA:76,11
DA:77,11
DA:79,11
DA:80,11
DA:81,11
DA:82,11
DA:83,11
DA:84,11
DA:85,11
LF:74
LH:61
BRDA:8,0,0,2
BRDA:10,1,0,11
BRDA:55,2,0,0
BRDA:61,3,0,0
BRDA:66,4,0,0
BRDA:72,5,0,0
BRDA:76,6,0,8
BRDA:76,7,0,1
BRDA:76,8,0,0
BRDA:76,9,0,3
BRDA:76,10,0,8
BRDA:81,11,0,0
BRDA:17,12,0,2
BRDA:18,13,0,1
BRDA:20,14,0,66
BRDA:20,15,0,3
BRDA:20,16,0,3
BRDA:20,17,0,0
BRDA:25,18,0,1
BRDA:25,19,0,1
BRDA:25,20,0,0
BRDA:28,21,0,1
BRDA:32,22,0,0
BRDA:35,23,0,0
BRDA:39,24,0,0
BRDA:41,25,0,0
BRDA:73,26,0,20
BRDA:73,27,0,2
BRDA:73,28,0,18
BRDA:73,29,0,0
BRDA:73,30,0,0
BRDA:73,31,0,4
BRDA:73,32,0,1
BRF:33
BRH:19
end_of_record
TN:
SF:src\modules\admin\pages\StatisticsAdminPage.jsx
FN:1,(empty-report)
FNF:1
FNH:0
FNDA:0,(empty-report)
DA:1,0
DA:2,0
DA:3,0
DA:4,0
DA:5,0
DA:6,0
DA:7,0
DA:8,0
DA:9,0
DA:10,0
DA:11,0
DA:12,0
DA:13,0
DA:14,0
DA:15,0
DA:16,0
DA:17,0
DA:18,0
DA:19,0
DA:20,0
DA:21,0
DA:22,0
DA:23,0
DA:24,0
DA:25,0
DA:26,0
DA:27,0
DA:28,0
DA:29,0
DA:30,0
DA:31,0
DA:32,0
DA:33,0
DA:34,0
LF:34
LH:0
BRDA:1,0,0,0
BRF:1
BRH:0
end_of_record
TN:
SF:src\modules\admin\pages\UsersAdminPage.jsx
FN:8,roleLabel
FN:14,UsersAdminPage
FN:19,load
FN:21,submit
FN:22,toggle
FN:30,onChange
FN:31,onChange
FN:32,onChange
FN:33,onChange
FN:42,onClick
FNF:10
FNH:10
FNDA:9,roleLabel
FNDA:10,UsersAdminPage
FNDA:3,load
FNDA:1,submit
FNDA:1,toggle
FNDA:1,onChange
FNDA:1,onChange
FNDA:1,onChange
FNDA:1,onChange
FNDA:1,onClick
DA:1,1
DA:7,1
DA:8,1
DA:9,9
DA:10,0
DA:11,0
DA:12,0
DA:14,10
DA:15,10
DA:16,10
DA:17,10
DA:18,10
DA:19,10
DA:20,10
DA:21,10
DA:22,10
DA:24,10
DA:25,10
DA:26,10
DA:27,10
DA:28,10
DA:29,10
DA:30,10
DA:31,10
DA:32,10
DA:33,10
DA:34,10
DA:35,10
DA:36,10
DA:37,10
DA:38,10
DA:40,10
DA:41,10
DA:42,10
DA:43,10
DA:44,10
DA:46,10
LF:37
LH:34
BRDA:8,0,0,9
BRDA:9,1,0,0
BRDA:14,2,0,10
BRDA:26,3,0,0
BRDA:19,4,0,3
BRDA:19,5,0,0
BRDA:20,6,0,1
BRDA:21,7,0,1
BRDA:21,8,0,0
BRDA:22,9,0,1
BRDA:22,10,0,0
BRDA:30,11,0,1
BRDA:31,12,0,1
BRDA:32,13,0,1
BRDA:33,14,0,1
BRDA:42,15,0,9
BRDA:42,16,0,0
BRDA:42,17,0,0
BRDA:42,18,0,0
BRDA:42,19,0,1
BRF:20
BRH:12
end_of_record
TN:
SF:src\modules\auth\application\AuthContext.jsx
FN:6,AuthProvider
FN:22,useAuth
FNF:2
FNH:2
FNDA:5,AuthProvider
FNDA:5,useAuth
DA:1,1
DA:4,1
DA:6,1
DA:7,5
DA:8,5
DA:10,5
DA:11,1
DA:12,5
DA:14,5
DA:15,5
DA:16,5
DA:18,5
DA:19,5
DA:20,5
DA:22,1
LF:15
LH:15
BRDA:6,0,0,5
BRDA:10,1,0,1
BRDA:11,2,0,1
BRDA:14,3,0,1
BRDA:15,4,0,1
BRDA:16,5,0,1
BRDA:18,6,0,5
BRDA:22,7,0,5
BRF:8
BRH:8
end_of_record
TN:
SF:src\modules\auth\components\AddressMap.jsx
FN:1,(empty-report)
FNF:1
FNH:0
FNDA:0,(empty-report)
DA:1,0
DA:2,0
DA:3,0
DA:4,0
DA:5,0
DA:6,0
DA:7,0
DA:8,0
DA:9,0
DA:10,0
DA:11,0
DA:12,0
DA:13,0
DA:14,0
DA:15,0
DA:16,0
DA:17,0
DA:18,0
DA:19,0
DA:20,0
DA:21,0
DA:22,0
DA:23,0
DA:24,0
DA:25,0
DA:26,0
DA:27,0
DA:28,0
DA:29,0
DA:30,0
DA:31,0
DA:32,0
DA:33,0
DA:34,0
DA:35,0
DA:36,0
DA:37,0
LF:37
LH:0
BRDA:1,0,0,0
BRF:1
BRH:0
end_of_record
TN:
SF:src\modules\auth\infrastructure\authApi.js
FN:1,(empty-report)
FNF:1
FNH:0
FNDA:0,(empty-report)
DA:1,0
DA:2,0
DA:3,0
DA:4,0
DA:5,0
DA:6,0
DA:7,0
DA:8,0
DA:9,0
DA:10,0
DA:11,0
DA:12,0
DA:13,0
DA:14,0
DA:15,0
DA:16,0
DA:17,0
LF:17
LH:0
BRDA:1,0,0,0
BRF:1
BRH:0
end_of_record
TN:
SF:src\modules\auth\pages\RegisterPage.jsx
FN:8,RegisterPage
FN:15,change
FN:16,submit
FNF:3
FNH:3
FNDA:12,RegisterPage
FNDA:6,change
FNDA:2,submit
DA:1,1
DA:8,12
DA:9,12
DA:10,12
DA:11,12
DA:12,12
DA:13,12
DA:14,12
DA:15,12
DA:16,12
DA:17,2
DA:18,2
DA:19,1
DA:20,1
DA:21,1
DA:22,1
DA:23,2
DA:24,1
DA:25,2
DA:27,12
DA:28,12
DA:29,12
DA:30,12
DA:31,12
DA:32,12
DA:33,12
DA:34,12
DA:35,12
DA:36,12
LF:29
LH:29
BRDA:8,0,0,12
BRDA:27,1,0,8
BRDA:34,2,0,1
BRDA:34,3,0,11
BRDA:15,4,0,6
BRDA:15,5,0,6
BRDA:16,6,0,2
BRDA:18,7,0,1
BRDA:23,8,0,0
BRDA:23,9,0,1
BRF:10
BRH:9
end_of_record
TN:
SF:src\modules\cart\application\cartService.js
FN:1,(empty-report)
FNF:1
FNH:0
FNDA:0,(empty-report)
DA:1,0
DA:2,0
DA:3,0
DA:4,0
DA:5,0
DA:6,0
DA:7,0
DA:8,0
DA:9,0
LF:9
LH:0
BRDA:1,0,0,0
BRF:1
BRH:0
end_of_record
TN:
SF:src\modules\cart\components\CartButton.jsx
FN:5,CartButton
FN:8,updateCount
FN:13,onClick
FNF:3
FNH:2
FNDA:4,CartButton
FNDA:0,updateCount
FNDA:2,onClick
DA:1,1
DA:5,4
DA:6,4
DA:7,4
DA:8,2
DA:9,2
DA:10,2
DA:11,2
DA:12,4
DA:13,4
DA:14,4
LF:11
LH:11
BRDA:5,0,0,4
BRDA:13,1,0,1
BRDA:13,2,0,0
BRDA:6,3,0,2
BRDA:6,4,0,1
BRDA:6,5,0,0
BRDA:7,6,0,2
BRDA:11,7,0,2
BRDA:13,8,0,2
BRF:9
BRH:7
end_of_record
TN:
SF:src\modules\cart\components\CartDrawer.jsx
FN:9,CartDrawer
FN:13,refresh
FN:24,updateQuantity
FN:30,checkout
FN:36,onClose
FN:39,onClick
FN:44,onClick
FN:49,onClick
FN:52,onClick
FN:52,onClick
FNF:10
FNH:7
FNDA:7,CartDrawer
FNDA:2,refresh
FNDA:2,updateQuantity
FNDA:1,checkout
FNDA:0,onClose
FNDA:0,onClick
FNDA:0,onClick
FNDA:1,onClick
FNDA:1,onClick
FNDA:1,onClick
DA:1,1
DA:9,7
DA:10,7
DA:11,7
DA:12,7
DA:13,7
DA:15,7
DA:16,3
DA:17,3
DA:18,3
DA:19,7
DA:21,7
DA:22,7
DA:24,7
DA:25,2
DA:26,2
DA:27,2
DA:28,2
DA:30,7
DA:31,1
DA:32,1
DA:33,1
DA:35,7
DA:36,7
DA:37,7
DA:38,7
DA:39,7
DA:40,7
DA:42,7
DA:43,7
DA:44,5
DA:45,2
DA:46,2
DA:47,2
DA:48,2
DA:49,2
DA:50,2
DA:51,2
DA:52,2
DA:53,2
DA:54,2
DA:55,2
DA:56,2
DA:57,2
DA:58,7
DA:60,7
DA:61,2
DA:62,2
DA:63,2
DA:64,2
DA:65,2
DA:66,7
DA:68,7
LF:53
LH:53
BRDA:9,0,0,7
BRDA:38,1,0,0
BRDA:43,2,0,5
BRDA:44,3,0,2
BRDA:60,4,0,2
BRDA:63,5,0,0
BRDA:13,6,0,2
BRDA:15,7,0,3
BRDA:16,8,0,2
BRDA:18,9,0,3
BRDA:21,10,0,4
BRDA:22,11,0,4
BRDA:22,12,0,1
BRDA:22,13,0,0
BRDA:24,14,0,2
BRDA:25,15,0,0
BRDA:26,16,0,0
BRDA:30,17,0,1
BRDA:32,18,0,0
BRDA:45,19,0,2
BRDA:47,20,0,0
BRDA:47,21,0,0
BRDA:49,22,0,0
BRDA:50,23,0,0
BRDA:52,24,0,0
BRDA:53,25,0,0
BRDA:49,26,0,1
BRDA:52,27,0,1
BRDA:52,28,0,1
BRF:29
BRH:17
end_of_record
TN:
SF:src\modules\cart\domain\cart.js
FN:1,(empty-report)
FNF:1
FNH:0
FNDA:0,(empty-report)
DA:1,0
DA:2,0
DA:3,0
DA:4,0
DA:5,0
DA:6,0
DA:7,0
DA:8,0
DA:9,0
DA:10,0
DA:11,0
DA:12,0
DA:13,0
DA:14,0
DA:15,0
DA:16,0
DA:17,0
DA:18,0
DA:19,0
DA:20,0
DA:21,0
DA:22,0
DA:23,0
LF:23
LH:0
BRDA:1,0,0,0
BRF:1
BRH:0
end_of_record
TN:
SF:src\modules\cart\infrastructure\cartStorage.js
FN:1,(empty-report)
FNF:1
FNH:0
FNDA:0,(empty-report)
DA:1,0
DA:2,0
DA:3,0
DA:4,0
DA:5,0
DA:6,0
DA:7,0
DA:8,0
DA:9,0
DA:10,0
DA:11,0
DA:12,0
DA:13,0
DA:14,0
DA:15,0
DA:16,0
DA:17,0
DA:18,0
DA:19,0
DA:20,0
DA:21,0
DA:22,0
DA:23,0
DA:24,0
DA:25,0
DA:26,0
DA:27,0
DA:28,0
LF:28
LH:0
BRDA:1,0,0,0
BRF:1
BRH:0
end_of_record
TN:
SF:src\modules\cart\pages\PaymentModal.jsx
FN:1,(empty-report)
FNF:1
FNH:0
FNDA:0,(empty-report)
DA:1,0
DA:2,0
DA:3,0
DA:4,0
DA:5,0
DA:6,0
DA:7,0
DA:8,0
DA:9,0
DA:10,0
DA:11,0
DA:12,0
DA:13,0
DA:14,0
DA:15,0
DA:16,0
DA:17,0
DA:18,0
DA:19,0
DA:20,0
DA:21,0
DA:22,0
DA:23,0
DA:24,0
DA:25,0
DA:26,0
DA:27,0
DA:28,0
DA:29,0
DA:30,0
DA:31,0
DA:32,0
DA:33,0
DA:34,0
DA:35,0
DA:36,0
DA:37,0
DA:38,0
DA:39,0
DA:40,0
DA:41,0
DA:42,0
DA:43,0
DA:44,0
DA:45,0
DA:46,0
DA:47,0
DA:48,0
DA:49,0
DA:50,0
DA:51,0
DA:52,0
DA:53,0
DA:54,0
DA:55,0
DA:56,0
DA:57,0
DA:58,0
DA:59,0
DA:60,0
DA:61,0
DA:62,0
DA:63,0
DA:64,0
DA:65,0
DA:66,0
DA:67,0
DA:68,0
DA:69,0
DA:70,0
DA:71,0
DA:72,0
DA:73,0
DA:74,0
DA:75,0
DA:76,0
DA:77,0
DA:78,0
DA:79,0
DA:80,0
DA:81,0
DA:82,0
DA:83,0
DA:84,0
DA:85,0
DA:86,0
DA:87,0
DA:88,0
DA:89,0
DA:90,0
DA:91,0
DA:92,0
DA:93,0
DA:94,0
DA:95,0
DA:96,0
DA:97,0
DA:98,0
DA:99,0
DA:100,0
LF:100
LH:0
BRDA:1,0,0,0
BRF:1
BRH:0
end_of_record
TN:
SF:src\modules\catalog\application\productService.js
FN:1,(empty-report)
FNF:1
FNH:0
FNDA:0,(empty-report)
DA:1,0
DA:2,0
DA:3,0
DA:4,0
DA:5,0
DA:6,0
DA:7,0
DA:8,0
DA:9,0
DA:10,0
DA:11,0
DA:12,0
DA:13,0
DA:14,0
DA:15,0
DA:16,0
DA:17,0
DA:18,0
LF:18
LH:0
BRDA:1,0,0,0
BRF:1
BRH:0
end_of_record
TN:
SF:src\modules\catalog\domain\product.js
FN:1,(empty-report)
FNF:1
FNH:0
FNDA:0,(empty-report)
DA:1,0
DA:2,0
DA:3,0
DA:4,0
DA:5,0
DA:6,0
LF:6
LH:0
BRDA:1,0,0,0
BRF:1
BRH:0
end_of_record
TN:
SF:src\modules\catalog\infrastructure\imageStorage.js
FN:1,(empty-report)
FNF:1
FNH:0
FNDA:0,(empty-report)
DA:1,0
DA:2,0
DA:3,0
DA:4,0
DA:5,0
DA:6,0
DA:7,0
DA:8,0
DA:9,0
DA:10,0
DA:11,0
DA:12,0
DA:13,0
DA:14,0
DA:15,0
DA:16,0
DA:17,0
DA:18,0
DA:19,0
DA:20,0
DA:21,0
DA:22,0
DA:23,0
DA:24,0
DA:25,0
DA:26,0
DA:27,0
DA:28,0
DA:29,0
DA:30,0
DA:31,0
DA:32,0
DA:33,0
DA:34,0
DA:35,0
DA:36,0
DA:37,0
DA:38,0
DA:39,0
DA:40,0
DA:41,0
DA:42,0
DA:43,0
DA:44,0
LF:44
LH:0
BRDA:1,0,0,0
BRF:1
BRH:0
end_of_record
TN:
SF:src\modules\catalog\infrastructure\productApi.js
FN:1,(empty-report)
FNF:1
FNH:0
FNDA:0,(empty-report)
DA:1,0
DA:2,0
DA:3,0
DA:4,0
DA:5,0
DA:6,0
DA:7,0
DA:8,0
DA:9,0
DA:10,0
DA:11,0
DA:12,0
DA:13,0
DA:14,0
DA:15,0
DA:16,0
DA:17,0
DA:18,0
DA:19,0
DA:20,0
DA:21,0
DA:22,0
DA:23,0
DA:24,0
DA:25,0
DA:26,0
DA:27,0
DA:28,0
DA:29,0
DA:30,0
DA:31,0
DA:32,0
DA:33,0
DA:34,0
DA:35,0
DA:36,0
DA:37,0
DA:38,0
DA:39,0
DA:40,0
DA:41,0
DA:42,0
DA:43,0
DA:44,0
DA:45,0
DA:46,0
DA:47,0
DA:48,0
DA:49,0
DA:50,0
DA:51,0
DA:52,0
DA:53,0
DA:54,0
DA:55,0
DA:56,0
DA:57,0
DA:58,0
DA:59,0
DA:60,0
DA:61,0
DA:62,0
DA:63,0
DA:64,0
DA:65,0
DA:66,0
DA:67,0
DA:68,0
DA:69,0
DA:70,0
DA:71,0
DA:72,0
DA:73,0
DA:74,0
DA:75,0
DA:76,0
DA:77,0
DA:78,0
DA:79,0
DA:80,0
DA:81,0
DA:82,0
DA:83,0
DA:84,0
DA:85,0
DA:86,0
DA:87,0
DA:88,0
DA:89,0
DA:90,0
DA:91,0
DA:92,0
DA:93,0
DA:94,0
DA:95,0
DA:96,0
DA:97,0
DA:98,0
DA:99,0
LF:99
LH:0
BRDA:1,0,0,0
BRF:1
BRH:0
end_of_record
TN:
SF:src\modules\catalog\pages\ProductCatalogPage.jsx
FN:9,ProductCatalogPage
FN:20,fetchProducts
FN:56,clearFilters
FN:62,renderProducts
FN:81,onClick
FN:106,onChange
FN:131,onChange
FN:143,onClick
FNF:8
FNH:6
FNDA:7,ProductCatalogPage
FNDA:2,fetchProducts
FNDA:1,clearFilters
FNDA:7,renderProducts
FNDA:1,onClick
FNDA:2,onChange
FNDA:0,onChange
FNDA:0,onClick
DA:1,1
DA:9,7
DA:10,7
DA:11,7
DA:12,7
DA:13,7
DA:14,7
DA:15,7
DA:16,7
DA:17,7
DA:19,7
DA:20,2
DA:21,2
DA:22,2
DA:23,1
DA:24,1
DA:25,1
DA:26,1
DA:27,1
DA:28,1
DA:29,1
DA:30,1
DA:31,1
DA:32,2
DA:33,2
DA:34,2
DA:35,2
DA:36,2
DA:37,7
DA:39,7
DA:40,8
DA:41,8
DA:42,8
DA:43,7
DA:45,7
DA:46,1
DA:47,1
DA:48,1
DA:49,1
DA:50,1
DA:51,1
DA:52,1
DA:53,1
DA:54,7
DA:56,7
DA:57,1
DA:58,1
DA:59,1
DA:60,1
DA:62,7
DA:63,7
DA:64,2
DA:65,2
DA:66,7
DA:67,1
DA:68,1
DA:69,7
DA:70,1
DA:71,1
DA:72,3
DA:73,5
DA:74,5
DA:75,5
DA:76,5
DA:77,5
DA:78,5
DA:79,5
DA:80,5
DA:81,5
DA:82,5
DA:83,5
DA:84,3
DA:85,7
DA:87,7
DA:88,7
DA:89,7
DA:90,7
DA:91,7
DA:92,7
DA:93,7
DA:94,7
DA:95,7
DA:97,7
DA:98,7
DA:99,7
DA:100,7
DA:101,7
DA:102,7
DA:103,7
DA:104,7
DA:105,7
DA:106,7
DA:107,7
DA:108,7
DA:109,7
DA:110,7
DA:111,7
DA:112,7
DA:114,7
DA:115,7
DA:116,7
DA:117,7
DA:118,7
DA:119,7
DA:120,7
DA:121,7
DA:122,7
DA:123,7
DA:124,7
DA:125,7
DA:126,7
DA:127,7
DA:128,7
DA:129,7
DA:130,7
DA:131,7
DA:132,7
DA:133,7
DA:134,7
DA:136,7
DA:137,7
DA:138,7
DA:139,7
DA:140,15
DA:141,15
DA:142,15
DA:143,15
DA:145,15
DA:146,15
DA:147,15
DA:148,7
DA:149,7
DA:150,7
DA:151,7
DA:152,7
DA:154,7
DA:155,7
DA:156,7
DA:157,7
DA:159,7
LF:140
LH:140
BRDA:9,0,0,7
BRDA:110,1,0,2
BRDA:110,2,0,5
BRDA:19,3,0,2
BRDA:20,4,0,2
BRDA:22,5,0,1
BRDA:23,6,0,2
BRDA:24,7,0,2
BRDA:39,8,0,6
BRDA:39,9,0,8
BRDA:40,10,0,0
BRDA:45,11,0,1
BRDA:56,12,0,1
BRDA:62,13,0,7
BRDA:63,14,0,2
BRDA:65,15,0,5
BRDA:66,16,0,1
BRDA:68,17,0,4
BRDA:69,18,0,1
BRDA:71,19,0,3
BRDA:64,20,0,12
BRDA:72,21,0,5
BRDA:75,22,0,3
BRDA:75,23,0,2
BRDA:81,24,0,1
BRDA:106,25,0,2
BRDA:139,26,0,8
BRDA:139,27,0,15
BRDA:141,28,0,7
BRDA:141,29,0,8
BRDA:146,30,0,7
BRF:31
BRH:30
end_of_record
TN:
SF:src\modules\contact\pages\ContactPage.jsx
FN:1,(empty-report)
FNF:1
FNH:0
FNDA:0,(empty-report)
DA:1,0
DA:2,0
DA:3,0
DA:4,0
DA:5,0
DA:6,0
DA:7,0
DA:8,0
DA:9,0
DA:10,0
DA:11,0
DA:12,0
DA:13,0
DA:14,0
DA:15,0
DA:16,0
DA:17,0
DA:18,0
DA:19,0
DA:20,0
DA:21,0
DA:22,0
DA:23,0
DA:24,0
DA:25,0
DA:26,0
DA:27,0
DA:28,0
DA:29,0
DA:30,0
DA:31,0
DA:32,0
DA:33,0
DA:34,0
DA:35,0
DA:36,0
DA:37,0
DA:38,0
DA:39,0
DA:40,0
DA:41,0
DA:42,0
DA:43,0
DA:44,0
DA:45,0
DA:46,0
DA:47,0
DA:48,0
DA:49,0
DA:50,0
DA:51,0
DA:52,0
DA:53,0
DA:54,0
LF:54
LH:0
BRDA:1,0,0,0
BRF:1
BRH:0
end_of_record
TN:
SF:src\modules\home\components\Hero.jsx
FN:1,(empty-report)
FNF:1
FNH:0
FNDA:0,(empty-report)
DA:1,0
DA:2,0
DA:3,0
DA:4,0
DA:5,0
DA:6,0
DA:7,0
DA:8,0
DA:9,0
DA:10,0
DA:11,0
DA:12,0
DA:13,0
DA:14,0
DA:15,0
DA:16,0
DA:17,0
DA:18,0
DA:19,0
DA:20,0
DA:21,0
DA:22,0
DA:23,0
DA:24,0
DA:25,0
DA:26,0
DA:27,0
DA:28,0
DA:29,0
DA:30,0
DA:31,0
DA:32,0
DA:33,0
DA:34,0
DA:35,0
DA:36,0
DA:37,0
DA:38,0
DA:39,0
DA:40,0
DA:41,0
DA:42,0
DA:43,0
DA:44,0
DA:45,0
DA:46,0
DA:47,0
DA:48,0
DA:49,0
DA:50,0
DA:51,0
DA:52,0
DA:53,0
DA:54,0
DA:55,0
LF:55
LH:0
BRDA:1,0,0,0
BRF:1
BRH:0
end_of_record
TN:
SF:src\modules\home\components\HomeContent.jsx
FN:1,(empty-report)
FNF:1
FNH:0
FNDA:0,(empty-report)
DA:1,0
DA:2,0
DA:3,0
DA:4,0
DA:5,0
DA:6,0
DA:7,0
DA:8,0
DA:9,0
DA:10,0
DA:11,0
DA:12,0
DA:13,0
DA:14,0
DA:15,0
DA:16,0
DA:17,0
DA:18,0
DA:19,0
DA:20,0
DA:21,0
DA:22,0
DA:23,0
DA:24,0
DA:25,0
DA:26,0
DA:27,0
DA:28,0
DA:29,0
DA:30,0
DA:31,0
DA:32,0
DA:33,0
DA:34,0
DA:35,0
DA:36,0
DA:37,0
DA:38,0
DA:39,0
DA:40,0
DA:41,0
DA:42,0
DA:43,0
DA:44,0
DA:45,0
DA:46,0
DA:47,0
DA:48,0
DA:49,0
DA:50,0
DA:51,0
DA:52,0
DA:53,0
DA:54,0
DA:55,0
DA:56,0
DA:57,0
DA:58,0
DA:59,0
DA:60,0
DA:61,0
DA:62,0
DA:63,0
DA:64,0
DA:65,0
DA:66,0
DA:67,0
DA:68,0
DA:69,0
DA:70,0
DA:71,0
DA:72,0
DA:73,0
DA:74,0
DA:75,0
DA:76,0
DA:77,0
DA:78,0
DA:79,0
DA:80,0
DA:81,0
DA:82,0
DA:83,0
DA:84,0
DA:85,0
DA:86,0
LF:86
LH:0
BRDA:1,0,0,0
BRF:1
BRH:0
end_of_record
TN:
SF:src\modules\home\components\Promotions.jsx
FN:9,toCards
FN:21,Promotions
FN:33,animate
FN:47,goTo
FN:53,startDrag
FN:60,moveDrag
FN:68,stopDrag
FN:76,preventDraggedClick
FN:77,syncCurrentSlide
FN:86,addPromotionToCart
FN:91,renderCard
FN:94,onFocus
FN:94,onClick
FN:104,onClick
FNF:14
FNH:6
FNDA:2,toCards
FNDA:6,Promotions
FNDA:0,animate
FNDA:0,goTo
FNDA:0,startDrag
FNDA:0,moveDrag
FNDA:0,stopDrag
FNDA:1,preventDraggedClick
FNDA:0,syncCurrentSlide
FNDA:1,addPromotionToCart
FNDA:8,renderCard
FNDA:0,onFocus
FNDA:1,onClick
FNDA:0,onClick
DA:1,1
DA:9,1
DA:10,1
DA:11,1
DA:12,1
DA:13,1
DA:14,1
DA:15,2
DA:16,1
DA:17,1
DA:18,1
DA:19,1
DA:21,6
DA:22,6
DA:23,6
DA:24,6
DA:25,6
DA:26,6
DA:28,6
DA:29,6
DA:30,4
DA:31,1
DA:32,1
DA:33,1
DA:34,0
DA:35,0
DA:36,0
DA:37,0
DA:38,0
DA:39,0
DA:40,0
DA:41,0
DA:42,0
DA:43,1
DA:44,1
DA:45,6
DA:47,6
DA:48,0
DA:49,0
DA:50,0
DA:51,0
DA:52,0
DA:53,6
DA:54,0
DA:55,0
DA:56,0
DA:57,0
DA:58,0
DA:59,0
DA:60,6
DA:61,0
DA:62,0
DA:63,0
DA:64,0
DA:65,0
DA:66,0
DA:67,0
DA:68,6
DA:69,0
DA:70,0
DA:71,0
DA:72,0
DA:73,0
DA:74,0
DA:75,0
DA:76,6
DA:77,6
DA:78,0
DA:79,0
DA:80,0
DA:81,0
DA:82,0
DA:83,0
DA:84,0
DA:85,0
DA:86,6
DA:87,1
DA:88,1
DA:89,1
DA:91,6
DA:92,8
DA:93,8
DA:94,8
DA:95,8
DA:97,6
DA:98,6
DA:99,3
DA:100,3
DA:101,2
DA:102,3
DA:103,1
DA:104,1
DA:105,1
DA:107,6
DA:108,6
DA:109,6
DA:110,6
DA:111,6
LF:98
LH:56
BRDA:9,0,0,2
BRDA:9,1,0,1
BRDA:11,2,0,0
BRDA:15,3,0,1
BRDA:12,4,0,2
BRDA:13,5,0,2
BRDA:15,6,0,1
BRDA:21,7,0,6
BRDA:98,8,0,3
BRDA:100,9,0,2
BRDA:102,10,0,1
BRDA:28,11,0,3
BRDA:28,12,0,2
BRDA:28,13,0,1
BRDA:28,14,0,3
BRDA:29,15,0,4
BRDA:30,16,0,3
BRDA:30,17,0,1
BRDA:44,18,0,1
BRDA:76,19,0,1
BRDA:76,20,0,0
BRDA:86,21,0,1
BRDA:87,22,0,0
BRDA:91,23,0,8
BRDA:94,24,0,6
BRDA:94,25,0,2
BRDA:94,26,0,6
BRDA:94,27,0,2
BRDA:94,28,0,4
BRDA:94,29,0,4
BRDA:94,30,0,4
BRDA:94,31,0,6
BRDA:94,32,0,2
BRDA:94,33,0,1
BRDA:99,34,0,9
BRDA:103,35,0,8
BRDA:104,36,0,8
BRDA:104,37,0,2
BRDA:104,38,0,1
BRDA:104,39,0,1
BRF:40
BRH:37
end_of_record
TN:
SF:src\modules\location\pages\LocationPage.jsx
FN:1,(empty-report)
FNF:1
FNH:0
FNDA:0,(empty-report)
DA:1,0
DA:2,0
DA:3,0
DA:4,0
DA:5,0
DA:6,0
DA:7,0
DA:8,0
DA:9,0
DA:10,0
DA:11,0
DA:12,0
DA:13,0
DA:14,0
DA:15,0
DA:16,0
DA:17,0
DA:18,0
DA:19,0
DA:20,0
DA:21,0
DA:22,0
DA:23,0
DA:24,0
DA:25,0
DA:26,0
DA:27,0
DA:28,0
DA:29,0
DA:30,0
DA:31,0
DA:32,0
DA:33,0
DA:34,0
DA:35,0
DA:36,0
DA:37,0
DA:38,0
DA:39,0
DA:40,0
DA:41,0
DA:42,0
DA:43,0
DA:44,0
DA:45,0
DA:46,0
DA:47,0
DA:48,0
DA:49,0
DA:50,0
DA:51,0
LF:51
LH:0
BRDA:1,0,0,0
BRF:1
BRH:0
end_of_record
TN:
SF:src\modules\orders\infrastructure\orderApi.js
FN:1,(empty-report)
FNF:1
FNH:0
FNDA:0,(empty-report)
DA:1,0
DA:2,0
DA:3,0
DA:4,0
DA:5,0
DA:6,0
DA:7,0
DA:8,0
DA:9,0
DA:10,0
DA:11,0
DA:12,0
DA:13,0
DA:14,0
DA:15,0
DA:16,0
DA:17,0
DA:18,0
DA:19,0
DA:20,0
DA:21,0
DA:22,0
DA:23,0
LF:23
LH:0
BRDA:1,0,0,0
BRF:1
BRH:0
end_of_record
TN:
SF:src\modules\orders\pages\CheckoutPage.jsx
FN:8,CheckoutPage
FN:28,continueToPayment
FN:42,onChange
FNF:3
FNH:3
FNDA:4,CheckoutPage
FNDA:1,continueToPayment
FNDA:1,onChange
DA:1,1
DA:8,4
DA:9,4
DA:10,4
DA:11,4
DA:12,4
DA:13,4
DA:14,4
DA:15,4
DA:16,4
DA:17,4
DA:18,4
DA:19,4
DA:20,4
DA:21,4
DA:22,4
DA:23,4
DA:24,4
DA:25,0
DA:26,4
DA:28,4
DA:29,1
DA:30,1
DA:31,1
DA:32,1
DA:33,1
DA:34,1
DA:36,4
DA:37,4
DA:38,4
DA:39,4
DA:40,4
DA:41,3
DA:42,3
DA:43,3
DA:44,4
DA:45,1
DA:46,1
DA:47,1
DA:48,1
DA:49,1
DA:50,1
DA:51,1
DA:52,4
DA:53,4
LF:45
LH:44
BRDA:8,0,0,4
BRDA:17,1,0,0
BRDA:18,2,0,0
BRDA:19,3,0,0
BRDA:20,4,0,0
BRDA:37,5,0,0
BRDA:40,6,0,3
BRDA:43,7,0,2
BRDA:43,8,0,1
BRDA:43,9,0,2
BRDA:44,10,0,1
BRDA:11,11,0,1
BRDA:20,12,0,4
BRDA:28,13,0,1
BRDA:33,14,0,0
BRDA:31,15,0,1
BRDA:31,16,0,0
BRDA:31,17,0,0
BRDA:39,18,0,4
BRDA:39,19,0,0
BRDA:39,20,0,0
BRDA:42,21,0,1
BRF:22
BRH:12
end_of_record
TN:
SF:src\modules\orders\pages\CurrentOrdersPage.jsx
FN:16,money
FN:18,CurrentOrdersPage
FN:40,cancelOrder
FN:51,paymentFinished
FN:61,onClick
FN:76,onClick
FN:77,onClick
FN:82,onStatus
FN:86,onError
FNF:9
FNH:7
FNDA:17,money
FNDA:15,CurrentOrdersPage
FNDA:1,cancelOrder
FNDA:1,paymentFinished
FNDA:1,onClick
FNDA:1,onClick
FNDA:1,onClick
FNDA:0,onStatus
FNDA:0,onError
DA:1,1
DA:9,1
DA:10,1
DA:11,1
DA:12,1
DA:13,1
DA:14,1
DA:15,1
DA:16,1
DA:18,15
DA:19,15
DA:20,15
DA:21,15
DA:22,15
DA:23,15
DA:24,15
DA:26,15
DA:27,6
DA:28,6
DA:29,0
DA:30,6
DA:31,15
DA:33,15
DA:34,3
DA:35,3
DA:36,3
DA:37,3
DA:38,15
DA:40,15
DA:41,1
DA:42,1
DA:43,1
DA:44,1
DA:45,1
DA:46,1
DA:47,1
DA:48,1
DA:49,1
DA:51,15
DA:52,1
DA:53,1
DA:54,1
DA:55,1
DA:57,15
DA:58,15
DA:60,15
DA:61,15
DA:62,15
DA:63,15
DA:64,15
DA:65,15
DA:66,8
DA:67,8
DA:68,8
DA:69,8
DA:70,8
DA:71,8
DA:72,8
DA:73,8
DA:74,6
DA:75,6
DA:76,6
DA:77,6
DA:78,6
DA:79,6
DA:80,1
DA:81,1
DA:82,1
DA:83,0
DA:84,0
DA:85,0
DA:86,1
DA:87,1
DA:88,1
DA:89,1
DA:90,8
DA:91,8
DA:92,8
DA:93,8
DA:94,8
DA:95,8
DA:96,8
DA:97,8
DA:98,2
DA:99,8
DA:100,8
DA:101,8
DA:102,15
DA:103,15
LF:89
LH:85
BRDA:15,0,0,4
BRDA:16,1,0,17
BRDA:18,2,0,15
BRDA:57,3,0,0
BRDA:58,4,0,0
BRDA:62,5,0,0
BRDA:63,6,0,4
BRDA:64,7,0,11
BRDA:64,8,0,3
BRDA:65,9,0,11
BRDA:65,10,0,8
BRDA:26,11,0,6
BRDA:27,12,0,4
BRDA:28,13,0,0
BRDA:30,14,0,4
BRDA:33,15,0,3
BRDA:34,16,0,0
BRDA:37,17,0,3
BRDA:40,18,0,1
BRDA:41,19,0,0
BRDA:47,20,0,0
BRDA:51,21,0,1
BRDA:61,22,0,1
BRDA:65,23,0,8
BRDA:66,24,0,6
BRDA:67,25,0,6
BRDA:68,26,0,6
BRDA:69,27,0,6
BRDA:73,28,0,6
BRDA:74,29,0,0
BRDA:74,30,0,0
BRDA:76,31,0,1
BRDA:76,32,0,5
BRDA:77,33,0,2
BRDA:77,34,0,4
BRDA:79,35,0,1
BRDA:79,36,0,1
BRDA:90,37,0,2
BRDA:76,38,0,1
BRDA:76,39,0,0
BRDA:77,40,0,1
BRDA:90,41,0,8
BRDA:94,42,0,4
BRDA:94,43,0,2
BRDA:94,44,0,2
BRDA:94,45,0,6
BRDA:99,46,0,8
BRDA:99,47,0,0
BRF:48
BRH:37
end_of_record
TN:
SF:src\modules\orders\pages\OrderHistoryPage.jsx
FN:1,(empty-report)
FNF:1
FNH:0
FNDA:0,(empty-report)
DA:1,0
DA:2,0
DA:3,0
DA:4,0
DA:5,0
DA:6,0
DA:7,0
DA:8,0
DA:9,0
DA:10,0
DA:11,0
DA:12,0
DA:13,0
DA:14,0
DA:15,0
DA:16,0
DA:17,0
DA:18,0
DA:19,0
DA:20,0
DA:21,0
DA:22,0
LF:22
LH:0
BRDA:1,0,0,0
BRF:1
BRH:0
end_of_record
TN:
SF:src\modules\payments\components\MercadoPagoPayment.jsx
FN:1,(empty-report)
FNF:1
FNH:0
FNDA:0,(empty-report)
DA:1,0
DA:2,0
DA:3,0
DA:4,0
DA:5,0
DA:6,0
DA:7,0
DA:8,0
DA:9,0
DA:10,0
DA:11,0
DA:12,0
DA:13,0
DA:14,0
DA:15,0
DA:16,0
DA:17,0
DA:18,0
DA:19,0
DA:20,0
DA:21,0
DA:22,0
DA:23,0
DA:24,0
DA:25,0
DA:26,0
DA:27,0
DA:28,0
DA:29,0
DA:30,0
DA:31,0
DA:32,0
DA:33,0
DA:34,0
DA:35,0
DA:36,0
DA:37,0
DA:38,0
DA:39,0
DA:40,0
DA:41,0
DA:42,0
DA:43,0
DA:44,0
DA:45,0
DA:46,0
DA:47,0
DA:48,0
DA:49,0
DA:50,0
DA:51,0
DA:52,0
DA:53,0
DA:54,0
DA:55,0
DA:56,0
DA:57,0
DA:58,0
DA:59,0
DA:60,0
DA:61,0
DA:62,0
DA:63,0
DA:64,0
DA:65,0
DA:66,0
DA:67,0
DA:68,0
DA:69,0
DA:70,0
DA:71,0
LF:71
LH:0
BRDA:1,0,0,0
BRF:1
BRH:0
end_of_record
TN:
SF:src\modules\promotions\application\promotionService.js
FN:1,(empty-report)
FNF:1
FNH:0
FNDA:0,(empty-report)
DA:1,0
DA:2,0
DA:3,0
LF:3
LH:0
BRDA:1,0,0,0
BRF:1
BRH:0
end_of_record
TN:
SF:src\modules\promotions\infrastructure\promotionApi.js
FN:1,(empty-report)
FNF:1
FNH:0
FNDA:0,(empty-report)
DA:1,0
DA:2,0
DA:3,0
DA:4,0
LF:4
LH:0
BRDA:1,0,0,0
BRF:1
BRH:0
end_of_record
TN:
SF:src\shared\components\AcademicNotice.jsx
FN:1,(empty-report)
FNF:1
FNH:0
FNDA:0,(empty-report)
DA:1,0
DA:2,0
DA:3,0
DA:4,0
DA:5,0
DA:6,0
DA:7,0
DA:8,0
DA:9,0
DA:10,0
DA:11,0
DA:12,0
DA:13,0
LF:13
LH:0
BRDA:1,0,0,0
BRF:1
BRH:0
end_of_record
TN:
SF:src\shared\components\Footer.jsx
FN:1,(empty-report)
FNF:1
FNH:0
FNDA:0,(empty-report)
DA:1,0
DA:2,0
DA:3,0
DA:4,0
DA:5,0
DA:6,0
DA:7,0
DA:8,0
DA:9,0
DA:10,0
DA:11,0
DA:12,0
DA:13,0
DA:14,0
DA:15,0
DA:16,0
DA:17,0
DA:18,0
DA:19,0
DA:20,0
DA:21,0
DA:22,0
DA:23,0
DA:24,0
DA:25,0
DA:26,0
DA:27,0
DA:28,0
DA:29,0
DA:30,0
DA:31,0
DA:32,0
DA:33,0
DA:34,0
DA:35,0
DA:36,0
DA:37,0
DA:38,0
DA:39,0
DA:40,0
DA:41,0
DA:42,0
DA:43,0
DA:44,0
DA:45,0
DA:46,0
DA:47,0
DA:48,0
DA:49,0
DA:50,0
DA:51,0
DA:52,0
DA:53,0
DA:54,0
DA:55,0
DA:56,0
LF:56
LH:0
BRDA:1,0,0,0
BRF:1
BRH:0
end_of_record
TN:
SF:src\shared\components\Navbar.jsx
FN:19,Navbar
FN:49,className
FN:67,onClick
FN:77,onClose
FNF:4
FNH:3
FNDA:3,Navbar
FNDA:15,className
FNDA:1,onClick
FNDA:0,onClose
DA:1,1
DA:11,1
DA:12,1
DA:13,1
DA:14,1
DA:15,1
DA:16,1
DA:17,1
DA:19,3
DA:20,3
DA:21,3
DA:22,3
DA:24,3
DA:25,3
DA:26,3
DA:27,3
DA:28,3
DA:29,3
DA:30,3
DA:32,3
DA:33,3
DA:34,3
DA:35,3
DA:36,3
DA:37,3
DA:38,3
DA:39,3
DA:41,3
DA:42,3
DA:44,3
DA:45,3
DA:46,3
DA:47,15
DA:48,15
DA:49,15
DA:50,15
DA:51,15
DA:53,15
DA:54,15
DA:55,15
DA:56,3
DA:57,3
DA:59,3
DA:60,3
DA:61,0
DA:62,0
DA:63,0
DA:64,0
DA:65,0
DA:67,3
DA:68,3
DA:69,3
DA:71,3
DA:72,3
DA:73,3
DA:74,3
DA:76,3
DA:77,3
DA:78,3
DA:80,3
LF:60
LH:55
BRDA:19,0,0,3
BRDA:60,1,0,0
BRDA:46,2,0,15
BRDA:49,3,0,15
BRDA:49,4,0,3
BRDA:49,5,0,12
BRDA:67,6,0,1
BRF:7
BRH:6
end_of_record
TN:
SF:src\shared\utils\file.js
FN:1,(empty-report)
FNF:1
FNH:0
FNDA:0,(empty-report)
DA:1,0
DA:2,0
DA:3,0
DA:4,0
DA:5,0
DA:6,0
DA:7,0
DA:8,0
DA:9,0
DA:10,0
DA:11,0
DA:12,0
DA:13,0
DA:14,0
LF:14
LH:0
BRDA:1,0,0,0
BRF:1
BRH:0
end_of_record
