TN:
SF:src\config\env.js
FNF:0
FNH:0
BRDA:1,0,0,1
BRDA:7,1,0,0
BRDA:8,2,0,0
BRDA:9,3,0,0
BRDA:10,4,0,0
BRF:5
BRH:1
DA:1,1
DA:2,1
DA:3,1
DA:4,1
DA:5,1
DA:6,1
DA:7,1
DA:8,1
DA:9,1
DA:10,1
DA:11,1
DA:12,1
DA:13,1
DA:14,1
DA:15,1
DA:16,1
DA:17,1
DA:18,1
DA:19,1
LH:19
LF:19
end_of_record
SF:src\modules\admin\application\AdminUserService.js
FN:4,AdminUserService
FN:6,list
FN:8,createAdmin
FN:14,update
FN:20,setStatus
FN:27,remove
FN:29,#target
FN:35,#canManage
FN:39,#superAdmin
FNDA:11,AdminUserService
FNDA:0,list
FNDA:3,createAdmin
FNDA:5,update
FNDA:4,setStatus
FNDA:1,remove
FNDA:8,#target
FNDA:6,#canManage
FNDA:3,#superAdmin
FNF:9
FNH:8
BRDA:1,0,0,1
BRDA:4,1,0,11
BRDA:8,2,0,3
BRDA:10,3,0,2
BRDA:10,4,0,1
BRDA:14,5,0,5
BRDA:15,6,0,3
BRDA:20,7,0,4
BRDA:21,8,0,1
BRDA:21,9,0,1
BRDA:21,10,0,3
BRDA:27,11,0,1
BRDA:29,12,0,8
BRDA:31,13,0,7
BRDA:31,14,0,2
BRDA:31,15,0,2
BRDA:31,16,0,6
BRDA:35,17,0,6
BRDA:36,18,0,2
BRDA:36,19,0,1
BRDA:39,20,0,3
BRDA:40,21,0,1
BRF:22
BRH:22
DA:1,1
DA:2,1
DA:3,1
DA:4,1
DA:5,1
DA:6,1
DA:7,1
DA:8,1
DA:9,3
DA:10,3
DA:11,1
DA:12,3
DA:13,1
DA:14,1
DA:15,5
DA:16,3
DA:17,3
DA:18,5
DA:19,1
DA:20,1
DA:21,4
DA:22,3
DA:23,3
DA:24,3
DA:25,4
DA:26,1
DA:27,1
DA:28,1
DA:29,1
DA:30,8
DA:31,8
DA:32,6
DA:33,8
DA:34,1
DA:35,1
DA:36,6
DA:37,6
DA:38,1
DA:39,1
DA:40,3
DA:41,3
DA:42,1
LH:42
LF:42
end_of_record
SF:src\modules\admin\infrastructure\PrismaAdminUserRepository.js
FN:1,publicUser
FN:4,PrismaAdminUserRepository
FN:5,findById
FN:6,findByEmail
FN:8,findAll
FN:17,createAdmin
FN:25,update
FN:33,setStatus
FNDA:2,publicUser
FNDA:1,PrismaAdminUserRepository
FNDA:0,findById
FNDA:0,findByEmail
FNDA:1,findAll
FNDA:0,createAdmin
FNDA:0,update
FNDA:0,setStatus
FNF:8
FNH:3
BRDA:1,0,0,1
BRDA:1,1,0,2
BRDA:4,2,0,1
BRDA:8,3,0,1
BRDA:9,4,0,0
BRDA:9,5,0,0
BRF:6
BRH:4
DA:1,1
DA:2,1
DA:3,1
DA:4,1
DA:5,1
DA:6,1
DA:7,1
DA:8,1
DA:9,1
DA:10,1
DA:11,1
DA:12,1
DA:13,1
DA:14,1
DA:15,1
DA:16,1
DA:17,1
DA:18,0
DA:19,0
DA:20,0
DA:21,0
DA:22,0
DA:23,0
DA:24,1
DA:25,1
DA:26,0
DA:27,0
DA:28,0
DA:29,0
DA:30,0
DA:31,0
DA:32,1
DA:33,1
DA:34,0
DA:35,0
DA:36,0
DA:37,0
DA:38,0
DA:39,0
DA:40,0
DA:41,1
LH:22
LF:41
end_of_record
SF:src\modules\auth\application\AuthService.js
FN:4,publicUser
FN:6,anonymous_1
FN:14,AuthService
FN:20,register
FN:46,login
FN:55,logout
FN:59,authenticate
FN:66,#createSession
FNDA:5,publicUser
FNDA:2,anonymous_1
FNDA:12,AuthService
FNDA:3,register
FNDA:6,login
FNDA:2,logout
FNDA:4,authenticate
FNDA:5,#createSession
FNF:8
FNH:8
BRDA:1,0,0,1
BRDA:4,1,0,5
BRDA:6,2,0,2
BRDA:14,3,0,12
BRDA:20,4,0,3
BRDA:22,5,0,1
BRDA:24,6,0,2
BRDA:30,7,0,0
BRDA:35,8,0,0
BRDA:41,9,0,2
BRDA:46,10,0,6
BRDA:48,11,0,5
BRDA:48,12,0,4
BRDA:48,13,0,3
BRDA:55,14,0,2
BRDA:56,15,0,1
BRDA:59,16,0,4
BRDA:60,17,0,1
BRDA:60,18,0,3
BRDA:62,19,0,0
BRDA:66,20,0,5
BRF:21
BRH:18
DA:1,1
DA:2,1
DA:3,1
DA:4,1
DA:5,5
DA:6,5
DA:7,2
DA:8,2
DA:9,2
DA:10,5
DA:11,1
DA:12,1
DA:13,1
DA:14,1
DA:15,12
DA:16,12
DA:17,12
DA:18,12
DA:19,1
DA:20,1
DA:21,3
DA:22,3
DA:23,1
DA:24,1
DA:25,2
DA:26,2
DA:27,2
DA:28,2
DA:29,2
DA:30,3
DA:31,3
DA:32,3
DA:33,3
DA:34,3
DA:35,3
DA:36,3
DA:37,3
DA:38,3
DA:39,3
DA:40,3
DA:41,3
DA:42,2
DA:43,2
DA:44,3
DA:45,1
DA:46,1
DA:47,6
DA:48,6
DA:49,3
DA:50,3
DA:51,3
DA:52,3
DA:53,6
DA:54,1
DA:55,1
DA:56,2
DA:57,2
DA:58,1
DA:59,1
DA:60,4
DA:61,3
DA:62,3
DA:63,0
DA:64,4
DA:65,1
DA:66,1
DA:67,5
DA:68,5
DA:69,5
DA:70,5
DA:71,5
DA:72,1
LH:71
LF:72
end_of_record
SF:src\modules\auth\infrastructure\passwordHasher.js
FN:4,hash
FN:5,verify
FNDA:1,hash
FNDA:2,verify
FNF:2
FNH:2
BRDA:1,0,0,1
BRDA:4,1,0,1
BRDA:5,2,0,2
BRF:3
BRH:3
DA:1,1
DA:2,1
DA:3,1
DA:4,1
DA:5,1
DA:6,1
LH:6
LF:6
end_of_record
SF:src\modules\auth\presentation\authMiddleware.js
FN:3,cookieToken
FN:8,extractSessionToken
FN:13,createAuthenticationMiddleware
FN:22,requireAdmin
FN:27,requireSuperAdmin
FNDA:0,cookieToken
FNDA:1,extractSessionToken
FNDA:0,createAuthenticationMiddleware
FNDA:3,requireAdmin
FNDA:2,requireSuperAdmin
FNF:5
FNH:3
BRDA:1,0,0,1
BRDA:8,1,0,1
BRDA:10,2,0,0
BRDA:22,3,0,3
BRDA:23,4,0,1
BRDA:23,5,0,2
BRDA:27,6,0,2
BRDA:28,7,0,1
BRF:8
BRH:7
DA:1,1
DA:2,1
DA:3,1
DA:4,0
DA:5,0
DA:6,1
DA:7,1
DA:8,1
DA:9,1
DA:10,1
DA:11,1
DA:12,1
DA:13,1
DA:14,0
DA:15,0
DA:16,0
DA:17,0
DA:18,0
DA:19,0
DA:20,1
DA:21,1
DA:22,1
DA:23,3
DA:24,2
DA:25,1
DA:26,1
DA:27,1
DA:28,2
DA:29,1
DA:30,1
LH:22
LF:30
end_of_record
SF:src\modules\categories\application\CategoryService.js
FN:4,CategoryService
FN:5,listActive
FN:6,listAdmin
FN:7,create
FN:8,update
FNDA:3,CategoryService
FNDA:1,listActive
FNDA:1,listAdmin
FNDA:0,create
FNDA:1,update
FNF:5
FNH:4
BRDA:1,0,0,1
BRDA:4,1,0,3
BRDA:5,2,0,1
BRDA:6,3,0,1
BRDA:8,4,0,1
BRDA:10,5,0,0
BRF:6
BRH:5
DA:1,1
DA:2,1
DA:3,1
DA:4,1
DA:5,1
DA:6,1
DA:7,1
DA:8,1
DA:9,1
DA:10,1
DA:11,0
DA:12,1
DA:13,1
LH:12
LF:13
end_of_record
SF:src\modules\categories\infrastructure\PrismaCategoryRepository.js
FN:1,slugify
FN:2,serialize
FN:5,PrismaCategoryRepository
FN:6,findAll
FN:7,findById
FN:8,create
FN:9,anonymous_6
FN:15,update
FN:16,anonymous_8
FNDA:2,slugify
FNDA:2,serialize
FNDA:3,PrismaCategoryRepository
FNDA:0,findAll
FNDA:0,findById
FNDA:2,create
FNDA:2,anonymous_6
FNDA:1,update
FNDA:1,anonymous_8
FNF:9
FNH:7
BRDA:1,0,0,1
BRDA:1,1,0,2
BRDA:2,2,0,2
BRDA:5,3,0,3
BRDA:8,4,0,2
BRDA:9,5,0,2
BRDA:10,6,0,1
BRDA:15,7,0,1
BRDA:16,8,0,1
BRDA:18,9,0,0
BRF:10
BRH:9
DA:1,1
DA:2,1
DA:3,1
DA:4,1
DA:5,1
DA:6,1
DA:7,1
DA:8,1
DA:9,2
DA:10,2
DA:11,1
DA:12,1
DA:13,2
DA:14,2
DA:15,1
DA:16,1
DA:17,1
DA:18,1
DA:19,1
DA:20,1
DA:21,1
DA:22,1
DA:23,1
DA:24,1
LH:24
LF:24
end_of_record
SF:src\modules\files\infrastructure\productImageUpload.js
FN:9,getImageExtension
FN:18,fileFilter
FN:23,saveImage
FN:49,saveProductImage
FNDA:5,getImageExtension
FNDA:0,fileFilter
FNDA:2,saveImage
FNDA:0,saveProductImage
FNF:4
FNH:2
BRDA:1,0,0,1
BRDA:9,1,0,5
BRDA:11,2,0,1
BRDA:11,3,0,4
BRDA:23,4,0,2
BRDA:24,5,0,0
BRDA:27,6,0,1
BRDA:34,7,0,0
BRDA:45,8,0,1
BRF:9
BRH:7
DA:1,1
DA:2,1
DA:3,1
DA:4,1
DA:5,1
DA:6,1
DA:7,1
DA:8,1
DA:9,1
DA:10,5
DA:11,5
DA:12,4
DA:13,1
DA:14,1
DA:15,1
DA:16,1
DA:17,1
DA:18,1
DA:19,0
DA:20,1
DA:21,1
DA:22,1
DA:23,1
DA:24,2
DA:25,0
DA:26,2
DA:27,2
DA:28,1
DA:29,1
DA:30,1
DA:31,1
DA:32,1
DA:33,1
DA:34,2
DA:35,2
DA:36,2
DA:37,2
DA:38,2
DA:39,2
DA:40,2
DA:41,2
DA:42,2
DA:43,2
DA:44,2
DA:45,2
DA:46,1
DA:47,1
DA:48,1
DA:49,1
LH:47
LF:49
end_of_record
SF:src\modules\orders\application\OrderService.js
FN:4,OrderService
FN:8,create
FN:13,history
FN:17,active
FN:21,monthlyHistory
FN:25,getById
FN:31,listForAdmin
FN:35,getForAdmin
FN:41,updateStatus
FN:45,statistics
FNDA:5,OrderService
FNDA:1,create
FNDA:0,history
FNDA:1,active
FNDA:1,monthlyHistory
FNDA:2,getById
FNDA:0,listForAdmin
FNDA:0,getForAdmin
FNDA:0,updateStatus
FNDA:0,statistics
FNF:10
FNH:5
BRDA:1,0,0,1
BRDA:4,1,0,5
BRDA:8,2,0,1
BRDA:9,3,0,0
BRDA:17,4,0,1
BRDA:21,5,0,1
BRDA:25,6,0,2
BRDA:27,7,0,1
BRF:8
BRH:7
DA:1,1
DA:2,1
DA:3,1
DA:4,1
DA:5,5
DA:6,5
DA:7,1
DA:8,1
DA:9,1
DA:10,0
DA:11,1
DA:12,1
DA:13,1
DA:14,0
DA:15,0
DA:16,1
DA:17,1
DA:18,1
DA:19,1
DA:20,1
DA:21,1
DA:22,1
DA:23,1
DA:24,1
DA:25,1
DA:26,2
DA:27,2
DA:28,1
DA:29,2
DA:30,1
DA:31,1
DA:32,0
DA:33,0
DA:34,1
DA:35,1
DA:36,0
DA:37,0
DA:38,0
DA:39,0
DA:40,1
DA:41,1
DA:42,0
DA:43,0
DA:44,1
DA:45,1
DA:46,0
DA:47,0
DA:48,1
LH:35
LF:48
end_of_record
SF:src\modules\orders\domain\OrderRepository.js
FN:2,create
FN:3,findByUser
FN:4,findByIdAndUser
FN:5,findActiveByUser
FN:6,findMonthlyHistoryByUser
FN:7,findAllForAdmin
FN:8,findByIdForAdmin
FN:9,updateOperationalStatus
FN:10,getMonthlyStatistics
FNDA:0,create
FNDA:0,findByUser
FNDA:0,findByIdAndUser
FNDA:0,findActiveByUser
FNDA:0,findMonthlyHistoryByUser
FNDA:0,findAllForAdmin
FNDA:0,findByIdForAdmin
FNDA:0,updateOperationalStatus
FNDA:0,getMonthlyStatistics
FNF:9
FNH:0
BRDA:1,0,0,3
BRF:1
BRH:1
DA:1,3
DA:2,3
DA:3,3
DA:4,3
DA:5,3
DA:6,3
DA:7,3
DA:8,3
DA:9,3
DA:10,3
DA:11,3
LH:11
LF:11
end_of_record
SF:src\modules\orders\infrastructure\PrismaOrderRepository.js
FN:5,serializeOrder
FN:10,anonymous_1
FN:14,validateOperationalTransition
FN:25,calculatePromotionSelection
FN:32,calculatePromotionalPrice
FN:34,allocateBundleItems
FN:52,PrismaOrderRepository
FN:57,create
FN:157,findByUser
FN:165,findByIdAndUser
FN:170,findActiveByUser
FN:176,findMonthlyHistoryByUser
FN:191,findAllForAdmin
FN:222,findByIdForAdmin
FN:227,updateOperationalStatus
FN:241,getMonthlyStatistics
FN:293,updatePaymentFromProvider
FN:294,anonymous_17
FN:318,anonymous_18
FN:25,anonymous_19
FN:228,anonymous_20
FN:270,anonymous_21
FN:272,anonymous_22
FN:273,anonymous_23
FN:282,anonymous_24
FN:283,anonymous_25
FN:286,anonymous_26
FN:286,anonymous_27
FN:288,anonymous_28
FN:289,anonymous_29
FNDA:3,serializeOrder
FNDA:2,anonymous_1
FNDA:7,validateOperationalTransition
FNDA:3,calculatePromotionSelection
FNDA:2,calculatePromotionalPrice
FNDA:0,allocateBundleItems
FNDA:6,PrismaOrderRepository
FNDA:0,create
FNDA:0,findByUser
FNDA:0,findByIdAndUser
FNDA:0,findActiveByUser
FNDA:0,findMonthlyHistoryByUser
FNDA:0,findAllForAdmin
FNDA:0,findByIdForAdmin
FNDA:2,updateOperationalStatus
FNDA:5,getMonthlyStatistics
FNDA:2,updatePaymentFromProvider
FNDA:2,anonymous_17
FNDA:1,anonymous_18
FNDA:5,anonymous_19
FNDA:2,anonymous_20
FNDA:2,anonymous_21
FNDA:2,anonymous_22
FNDA:3,anonymous_23
FNDA:3,anonymous_24
FNDA:3,anonymous_25
FNDA:3,anonymous_26
FNDA:4,anonymous_27
FNDA:2,anonymous_28
FNDA:0,anonymous_29
FNF:30
FNH:21
BRDA:1,0,0,3
BRDA:5,1,0,3
BRDA:11,2,0,0
BRDA:10,3,0,2
BRDA:14,4,0,7
BRDA:16,5,0,1
BRDA:18,6,0,6
BRDA:19,7,0,1
BRDA:21,8,0,5
BRDA:25,9,0,3
BRDA:32,10,0,2
BRDA:52,11,0,6
BRDA:227,12,0,2
BRDA:241,13,0,3
BRDA:253,14,0,5
BRDA:254,15,0,4
BRDA:258,16,0,2
BRDA:260,17,0,1
BRDA:268,18,0,1
BRDA:277,19,0,0
BRDA:286,20,0,2
BRDA:286,21,0,1
BRDA:293,22,0,2
BRDA:294,23,0,2
BRDA:296,24,0,0
BRDA:305,25,0,0
BRDA:308,26,0,0
BRDA:308,27,0,0
BRDA:312,28,0,1
BRDA:318,29,0,1
BRDA:25,30,0,5
BRDA:27,31,0,2
BRDA:27,32,0,3
BRDA:29,33,0,0
BRDA:228,34,0,2
BRDA:230,35,0,1
BRDA:233,36,0,0
BRDA:233,37,0,1
BRDA:270,38,0,2
BRDA:272,39,0,2
BRDA:274,40,0,0
BRDA:273,41,0,3
BRDA:282,42,0,3
BRDA:283,43,0,3
BRDA:283,44,0,2
BRDA:286,45,0,3
BRDA:286,46,0,4
BRDA:288,47,0,2
BRF:48
BRH:39
DA:1,3
DA:2,3
DA:3,3
DA:4,3
DA:5,3
DA:6,3
DA:7,3
DA:8,3
DA:9,3
DA:10,3
DA:11,3
DA:12,3
DA:13,3
DA:14,3
DA:15,7
DA:16,7
DA:17,1
DA:18,1
DA:19,7
DA:20,1
DA:21,1
DA:22,5
DA:23,3
DA:24,3
DA:25,3
DA:26,5
DA:27,5
DA:28,5
DA:29,5
DA:30,3
DA:31,3
DA:32,3
DA:33,3
DA:34,3
DA:35,0
DA:36,0
DA:37,0
DA:38,0
DA:39,0
DA:40,0
DA:41,0
DA:42,0
DA:43,0
DA:44,0
DA:45,0
DA:46,0
DA:47,0
DA:48,0
DA:49,3
DA:50,3
DA:51,3
DA:52,3
DA:53,6
DA:54,6
DA:55,6
DA:56,3
DA:57,3
DA:58,0
DA:59,0
DA:60,0
DA:61,0
DA:62,0
DA:63,0
DA:64,0
DA:65,0
DA:66,0
DA:67,0
DA:68,0
DA:69,0
DA:70,0
DA:71,0
DA:72,0
DA:73,0
DA:74,0
DA:75,0
DA:76,0
DA:77,0
DA:78,0
DA:79,0
DA:80,0
DA:81,0
DA:82,0
DA:83,0
DA:84,0
DA:85,0
DA:86,0
DA:87,0
DA:88,0
DA:89,0
DA:90,0
DA:91,0
DA:92,0
DA:93,0
DA:94,0
DA:95,0
DA:96,0
DA:97,0
DA:98,0
DA:99,0
DA:100,0
DA:101,0
DA:102,0
DA:103,0
DA:104,0
DA:105,0
DA:106,0
DA:107,0
DA:108,0
DA:109,0
DA:110,0
DA:111,0
DA:112,0
DA:113,0
DA:114,0
DA:115,0
DA:116,0
DA:117,0
DA:118,0
DA:119,0
DA:120,0
DA:121,0
DA:122,0
DA:123,0
DA:124,0
DA:125,0
DA:126,0
DA:127,0
DA:128,0
DA:129,0
DA:130,0
DA:131,0
DA:132,0
DA:133,0
DA:134,0
DA:135,0
DA:136,0
DA:137,0
DA:138,0
DA:139,0
DA:140,0
DA:141,0
DA:142,0
DA:143,0
DA:144,0
DA:145,0
DA:146,0
DA:147,0
DA:148,0
DA:149,0
DA:150,0
DA:151,0
DA:152,0
DA:153,0
DA:154,0
DA:155,0
DA:156,3
DA:157,3
DA:158,0
DA:159,0
DA:160,0
DA:161,0
DA:162,0
DA:163,0
DA:164,3
DA:165,3
DA:166,0
DA:167,0
DA:168,0
DA:169,3
DA:170,3
DA:171,0
DA:172,0
DA:173,0
DA:174,0
DA:175,3
DA:176,3
DA:177,0
DA:178,0
DA:179,0
DA:180,0
DA:181,0
DA:182,0
DA:183,0
DA:184,0
DA:185,0
DA:186,0
DA:187,0
DA:188,0
DA:189,0
DA:190,3
DA:191,3
DA:192,0
DA:193,0
DA:194,0
DA:195,0
DA:196,0
DA:197,0
DA:198,0
DA:199,0
DA:200,0
DA:201,0
DA:202,0
DA:203,0
DA:204,0
DA:205,0
DA:206,0
DA:207,0
DA:208,0
DA:209,0
DA:210,0
DA:211,0
DA:212,0
DA:213,0
DA:214,0
DA:215,0
DA:216,0
DA:217,0
DA:218,0
DA:219,0
DA:220,0
DA:221,3
DA:222,3
DA:223,0
DA:224,0
DA:225,0
DA:226,3
DA:227,3
DA:228,2
DA:229,2
DA:230,2
DA:231,1
DA:232,1
DA:233,2
DA:234,1
DA:235,1
DA:236,1
DA:237,1
DA:238,2
DA:239,2
DA:240,3
DA:241,3
DA:242,3
DA:243,3
DA:244,3
DA:245,3
DA:246,3
DA:247,3
DA:248,3
DA:249,3
DA:250,3
DA:251,3
DA:252,3
DA:253,3
DA:254,5
DA:255,5
DA:256,5
DA:257,5
DA:258,5
DA:259,2
DA:260,2
DA:261,2
DA:262,2
DA:263,2
DA:264,2
DA:265,5
DA:266,3
DA:267,3
DA:268,3
DA:269,1
DA:270,1
DA:271,1
DA:272,1
DA:273,2
DA:274,2
DA:275,1
DA:276,1
DA:277,1
DA:278,1
DA:279,1
DA:280,1
DA:281,1
DA:282,3
DA:283,3
DA:284,3
DA:285,3
DA:286,3
DA:287,3
DA:288,3
DA:289,3
DA:290,3
DA:291,3
DA:292,3
DA:293,3
DA:294,2
DA:295,2
DA:296,2
DA:297,2
DA:298,2
DA:299,2
DA:300,2
DA:301,2
DA:302,2
DA:303,2
DA:304,2
DA:305,2
DA:306,2
DA:307,2
DA:308,2
DA:309,0
DA:310,0
DA:311,0
DA:312,2
DA:313,1
DA:314,1
DA:315,1
DA:316,1
DA:317,1
DA:318,1
DA:319,1
DA:320,1
DA:321,1
DA:322,2
DA:323,2
DA:324,2
DA:325,2
DA:326,3
LH:153
LF:326
end_of_record
SF:src\modules\payments\application\PaymentService.js
FN:7,PaymentService
FN:15,ensureConfigured
FN:19,process
FN:63,synchronize
FN:74,mapMethod
FNDA:13,PaymentService
FNDA:13,ensureConfigured
FNDA:9,process
FNDA:3,synchronize
FNDA:8,mapMethod
FNF:5
FNH:5
BRDA:1,0,0,1
BRDA:7,1,0,13
BRDA:11,2,0,0
BRDA:15,3,0,13
BRDA:16,4,0,1
BRDA:19,5,0,9
BRDA:21,6,0,1
BRDA:21,7,0,8
BRDA:23,8,0,1
BRDA:23,9,0,7
BRDA:24,10,0,1
BRDA:24,11,0,6
BRDA:25,12,0,1
BRDA:25,13,0,5
BRDA:27,14,0,4
BRDA:27,15,0,2
BRDA:29,16,0,3
BRDA:35,17,0,0
BRDA:37,18,0,0
BRDA:37,19,0,3
BRDA:39,20,0,3
BRDA:39,21,0,0
BRDA:40,22,0,3
BRDA:45,23,0,0
BRDA:51,24,0,2
BRDA:54,25,0,0
BRDA:57,26,0,1
BRDA:58,27,0,0
BRDA:59,28,0,0
BRDA:63,29,0,3
BRDA:66,30,0,1
BRDA:66,31,0,2
BRDA:69,32,0,0
BRDA:74,33,0,8
BRDA:75,34,0,1
BRDA:75,35,0,7
BRDA:76,36,0,1
BRDA:76,37,0,6
BRDA:77,38,0,1
BRDA:77,39,0,5
BRF:40
BRH:31
DA:1,1
DA:2,1
DA:3,1
DA:4,1
DA:5,1
DA:6,1
DA:7,1
DA:8,13
DA:9,13
DA:10,13
DA:11,13
DA:12,13
DA:13,13
DA:14,1
DA:15,1
DA:16,13
DA:17,13
DA:18,1
DA:19,1
DA:20,9
DA:21,9
DA:22,8
DA:23,9
DA:24,9
DA:25,9
DA:26,5
DA:27,9
DA:28,2
DA:29,2
DA:30,3
DA:31,3
DA:32,3
DA:33,3
DA:34,3
DA:35,9
DA:36,9
DA:37,9
DA:38,9
DA:39,9
DA:40,9
DA:41,9
DA:42,9
DA:43,9
DA:44,9
DA:45,9
DA:46,9
DA:47,9
DA:48,9
DA:49,9
DA:50,9
DA:51,9
DA:52,2
DA:53,2
DA:54,9
DA:55,9
DA:56,9
DA:57,9
DA:58,1
DA:59,1
DA:60,1
DA:61,9
DA:62,1
DA:63,1
DA:64,3
DA:65,3
DA:66,3
DA:67,2
DA:68,2
DA:69,3
DA:70,3
DA:71,3
DA:72,3
DA:73,1
DA:74,1
DA:75,8
DA:76,8
DA:77,8
DA:78,5
DA:79,8
DA:80,1
LH:80
LF:80
end_of_record
SF:src\modules\products\application\ProductService.js
FN:5,ProductService
FN:9,list
FN:13,listAdmin
FN:17,getById
FN:23,create
FN:28,update
FN:34,delete
FNDA:4,ProductService
FNDA:0,list
FNDA:0,listAdmin
FNDA:3,getById
FNDA:2,create
FNDA:2,update
FNDA:0,delete
FNF:7
FNH:4
BRDA:1,0,0,1
BRDA:5,1,0,4
BRDA:17,2,0,3
BRDA:19,3,0,1
BRDA:19,4,0,2
BRDA:23,5,0,2
BRDA:24,6,0,1
BRDA:28,7,0,2
BRDA:30,8,0,1
BRF:9
BRH:9
DA:1,1
DA:2,1
DA:3,1
DA:4,1
DA:5,1
DA:6,4
DA:7,4
DA:8,1
DA:9,1
DA:10,0
DA:11,0
DA:12,1
DA:13,1
DA:14,0
DA:15,0
DA:16,1
DA:17,1
DA:18,3
DA:19,3
DA:20,2
DA:21,3
DA:22,1
DA:23,1
DA:24,2
DA:25,1
DA:26,2
DA:27,1
DA:28,1
DA:29,2
DA:30,2
DA:31,1
DA:32,2
DA:33,1
DA:34,1
DA:35,0
DA:36,0
DA:37,0
DA:38,1
LH:31
LF:38
end_of_record
SF:src\modules\products\domain\Product.js
FN:2,Product
FNDA:4,Product
FNF:1
FNH:1
BRDA:1,0,0,1
BRDA:2,1,0,4
BRDA:3,2,0,0
BRDA:8,3,0,0
BRDA:13,4,0,0
BRF:5
BRH:2
DA:1,1
DA:2,1
DA:3,4
DA:4,0
DA:5,0
DA:6,4
DA:7,4
DA:8,4
DA:9,0
DA:10,0
DA:11,4
DA:12,4
DA:13,4
DA:14,0
DA:15,0
DA:16,4
DA:17,4
DA:18,4
DA:19,4
DA:20,4
DA:21,4
DA:22,4
DA:23,4
DA:24,4
DA:25,4
DA:26,1
LH:20
LF:26
end_of_record
SF:src\modules\products\domain\ProductRepository.js
FN:2,findAll
FN:3,findById
FN:4,create
FN:5,update
FN:6,delete
FNDA:0,findAll
FNDA:0,findById
FNDA:0,create
FNDA:0,update
FNDA:0,delete
FNF:5
FNH:0
BRDA:1,0,0,1
BRF:1
BRH:1
DA:1,1
DA:2,1
DA:3,1
DA:4,1
DA:5,1
DA:6,1
DA:7,1
LH:7
LF:7
end_of_record
SF:src\modules\products\infrastructure\PrismaProductRepository.js
FN:3,toDomain
FN:16,PrismaProductRepository
FN:21,categoryIsActive
FN:25,findAll
FN:34,findAllAdmin
FN:40,findById
FN:48,create
FN:56,update
FN:57,anonymous_8
FN:73,delete
FN:74,anonymous_10
FN:81,#toPersistence
FNDA:4,toDomain
FNDA:4,PrismaProductRepository
FNDA:0,categoryIsActive
FNDA:1,findAll
FNDA:1,findAllAdmin
FNDA:0,findById
FNDA:0,create
FNDA:1,update
FNDA:1,anonymous_8
FNDA:1,delete
FNDA:1,anonymous_10
FNDA:1,#toPersistence
FNF:12
FNH:9
BRDA:1,0,0,1
BRDA:3,1,0,4
BRDA:16,2,0,4
BRDA:25,3,0,1
BRDA:34,4,0,1
BRDA:56,5,0,1
BRDA:57,6,0,1
BRDA:73,7,0,1
BRDA:74,8,0,1
BRDA:81,9,0,1
BRDA:86,10,0,0
BRF:11
BRH:10
DA:1,1
DA:2,1
DA:3,1
DA:4,4
DA:5,4
DA:6,4
DA:7,4
DA:8,4
DA:9,4
DA:10,4
DA:11,4
DA:12,4
DA:13,1
DA:14,1
DA:15,1
DA:16,1
DA:17,4
DA:18,4
DA:19,4
DA:20,1
DA:21,1
DA:22,0
DA:23,0
DA:24,1
DA:25,1
DA:26,1
DA:27,1
DA:28,1
DA:29,1
DA:30,1
DA:31,1
DA:32,1
DA:33,1
DA:34,1
DA:35,1
DA:36,1
DA:37,1
DA:38,1
DA:39,1
DA:40,1
DA:41,0
DA:42,0
DA:43,0
DA:44,0
DA:45,0
DA:46,0
DA:47,1
DA:48,1
DA:49,0
DA:50,0
DA:51,0
DA:52,0
DA:53,0
DA:54,0
DA:55,1
DA:56,1
DA:57,1
DA:58,1
DA:59,1
DA:60,1
DA:61,1
DA:62,1
DA:63,1
DA:64,1
DA:65,1
DA:66,1
DA:67,1
DA:68,1
DA:69,1
DA:70,1
DA:71,1
DA:72,1
DA:73,1
DA:74,1
DA:75,1
DA:76,1
DA:77,1
DA:78,1
DA:79,1
DA:80,1
DA:81,1
DA:82,1
DA:83,1
DA:84,1
DA:85,1
DA:86,1
DA:87,1
DA:88,1
DA:89,1
DA:90,1
DA:91,1
DA:92,1
LH:78
LF:92
end_of_record
SF:src\modules\promotions\application\PromotionService.js
FN:4,PromotionService
FN:6,listActive
FN:7,listAdmin
FN:9,create
FN:14,update
FN:19,remove
FN:21,#validate
FNDA:6,PromotionService
FNDA:0,listActive
FNDA:0,listAdmin
FNDA:7,create
FNDA:0,update
FNDA:0,remove
FNDA:7,#validate
FNF:7
FNH:3
BRDA:1,0,0,1
BRDA:4,1,0,6
BRDA:9,2,0,7
BRDA:21,3,0,7
BRDA:22,4,0,1
BRDA:22,5,0,6
BRDA:23,6,0,4
BRDA:23,7,0,1
BRDA:23,8,0,5
BRDA:24,9,0,3
BRDA:24,10,0,1
BRDA:24,11,0,4
BRDA:25,12,0,2
BRDA:25,13,0,1
BRF:14
BRH:14
DA:1,1
DA:2,1
DA:3,1
DA:4,1
DA:5,1
DA:6,1
DA:7,1
DA:8,1
DA:9,1
DA:10,7
DA:11,7
DA:12,7
DA:13,1
DA:14,1
DA:15,0
DA:16,0
DA:17,0
DA:18,1
DA:19,1
DA:20,1
DA:21,1
DA:22,7
DA:23,7
DA:24,7
DA:25,7
DA:26,7
DA:27,1
LH:24
LF:27
end_of_record
SF:src\modules\promotions\infrastructure\PrismaPromotionRepository.js
FN:5,serialize
FN:9,anonymous_1
FN:26,isProductAvailable
FN:29,PrismaPromotionRepository
FN:31,findActive
FN:37,anonymous_5
FN:44,findAll
FN:48,create
FN:57,update
FN:58,anonymous_9
FN:64,anonymous_10
FN:72,remove
FN:73,anonymous_12
FN:81,#data
FN:95,anonymous_14
FN:99,#ensureProducts
FN:100,anonymous_16
FNDA:3,serialize
FNDA:4,anonymous_1
FNDA:3,isProductAvailable
FNDA:6,PrismaPromotionRepository
FNDA:4,findActive
FNDA:3,anonymous_5
FNDA:0,findAll
FNDA:0,create
FNDA:1,update
FNDA:1,anonymous_9
FNDA:2,anonymous_10
FNDA:1,remove
FNDA:1,anonymous_12
FNDA:1,#data
FNDA:0,anonymous_14
FNDA:1,#ensureProducts
FNDA:2,anonymous_16
FNF:17
FNH:14
BRDA:1,0,0,1
BRDA:5,1,0,3
BRDA:7,2,0,1
BRDA:7,3,0,2
BRDA:8,4,0,2
BRDA:8,5,0,1
BRDA:9,6,0,4
BRDA:11,7,0,2
BRDA:12,8,0,2
BRDA:12,9,0,2
BRDA:17,10,0,2
BRDA:17,11,0,2
BRDA:26,12,0,3
BRDA:29,13,0,6
BRDA:31,14,0,4
BRDA:37,15,0,3
BRDA:38,16,0,1
BRDA:38,17,0,0
BRDA:38,18,0,2
BRDA:40,19,0,0
BRDA:57,20,0,1
BRDA:58,21,0,1
BRDA:61,22,0,0
BRDA:64,23,0,2
BRDA:72,24,0,1
BRDA:73,25,0,1
BRDA:75,26,0,0
BRDA:81,27,0,1
BRDA:86,28,0,0
BRDA:87,29,0,0
BRDA:88,30,0,0
BRDA:89,31,0,0
BRDA:89,32,0,0
BRDA:95,33,0,0
BRDA:99,34,0,1
BRDA:102,35,0,0
BRDA:100,36,0,2
BRF:37
BRH:26
DA:1,1
DA:2,1
DA:3,1
DA:4,1
DA:5,1
DA:6,3
DA:7,3
DA:8,3
DA:9,3
DA:10,4
DA:11,4
DA:12,4
DA:13,4
DA:14,4
DA:15,4
DA:16,4
DA:17,4
DA:18,4
DA:19,4
DA:20,4
DA:21,4
DA:22,4
DA:23,3
DA:24,1
DA:25,1
DA:26,1
DA:27,1
DA:28,1
DA:29,1
DA:30,1
DA:31,1
DA:32,4
DA:33,4
DA:34,4
DA:35,4
DA:36,4
DA:37,4
DA:38,3
DA:39,2
DA:40,3
DA:41,4
DA:42,4
DA:43,1
DA:44,1
DA:45,0
DA:46,0
DA:47,1
DA:48,1
DA:49,0
DA:50,0
DA:51,0
DA:52,0
DA:53,0
DA:54,0
DA:55,0
DA:56,1
DA:57,1
DA:58,1
DA:59,1
DA:60,1
DA:61,1
DA:62,1
DA:63,1
DA:64,1
DA:65,1
DA:66,1
DA:67,1
DA:68,1
DA:69,1
DA:70,1
DA:71,1
DA:72,1
DA:73,1
DA:74,1
DA:75,1
DA:76,1
DA:77,1
DA:78,1
DA:79,1
DA:80,1
DA:81,1
DA:82,1
DA:83,1
DA:84,1
DA:85,1
DA:86,1
DA:87,1
DA:88,1
DA:89,1
DA:90,1
DA:91,1
DA:92,1
DA:93,1
DA:94,1
DA:95,1
DA:96,1
DA:97,1
DA:98,1
DA:99,1
DA:100,1
DA:101,1
DA:102,1
DA:103,1
DA:104,1
LH:95
LF:104
end_of_record
SF:src\shared\errors\AppError.js
FN:2,AppError
FNDA:35,AppError
FNF:1
FNH:1
BRDA:1,0,0,9
BRDA:2,1,0,35
BRF:2
BRH:2
DA:1,9
DA:2,9
DA:3,35
DA:4,35
DA:5,35
DA:6,35
DA:7,35
DA:8,9
LH:8
LF:8
end_of_record
SF:src\shared\middleware\errorHandler.js
FN:1,errorHandler
FN:16,anonymous_1
FNDA:1,errorHandler
FNDA:0,anonymous_1
FNF:2
FNH:1
BRDA:1,0,0,1
BRDA:1,1,0,1
BRDA:4,2,0,0
BRDA:4,3,0,0
BRDA:5,4,0,0
BRDA:9,5,0,0
BRDA:10,6,0,0
BRDA:13,7,0,0
BRDA:14,8,0,0
BRDA:16,9,0,0
BRF:10
BRH:2
DA:1,1
DA:2,1
DA:3,1
DA:4,1
DA:5,1
DA:6,1
DA:7,1
DA:8,1
DA:9,1
DA:10,1
DA:11,1
DA:12,1
DA:13,1
DA:14,1
DA:15,1
DA:16,1
DA:17,1
DA:18,1
LH:18
LF:18
end_of_record
SF:src\shared\middleware\requestContext.js
FN:3,requestContext
FNDA:2,requestContext
FNF:1
FNH:1
BRDA:1,0,0,1
BRDA:3,1,0,2
BRDA:4,2,0,1
BRF:3
BRH:3
DA:1,1
DA:2,1
DA:3,1
DA:4,2
DA:5,2
DA:6,2
DA:7,1
LH:7
LF:7
end_of_record
SF:src\shared\middleware\validate.js
FN:1,validate
FN:1,anonymous_1
FNDA:2,validate
FNDA:2,anonymous_1
FNF:2
FNH:2
BRDA:1,0,0,1
BRDA:1,1,0,2
BRDA:1,2,0,2
BRDA:3,3,0,1
BRDA:7,4,0,0
BRDA:7,5,0,1
BRF:6
BRH:5
DA:1,1
DA:2,2
DA:3,2
DA:4,1
DA:5,1
DA:6,1
DA:7,2
DA:8,1
DA:9,1
DA:10,1
LH:10
LF:10
end_of_record
SF:src\shared\security\sessionToken.js
FN:3,createSessionToken
FN:4,hashSessionToken
FNDA:6,createSessionToken
FNDA:15,hashSessionToken
FNF:2
FNH:2
BRDA:1,0,0,1
BRDA:3,1,0,6
BRDA:4,2,0,15
BRF:3
BRH:3
DA:1,1
DA:2,1
DA:3,1
DA:4,1
LH:4
LF:4
end_of_record
SF:..\frontend\src\modules\cart\domain\cart.js
FN:1,calculateCartTotal
FN:2,anonymous_1
FN:4,addOrIncrementItem
FN:5,anonymous_3
FN:7,anonymous_4
FN:16,setItemQuantity
FN:17,anonymous_6
FN:22,removeItemById
FN:23,anonymous_8
FNDA:1,calculateCartTotal
FNDA:2,anonymous_1
FNDA:4,addOrIncrementItem
FNDA:2,anonymous_3
FNDA:2,anonymous_4
FNDA:2,setItemQuantity
FNDA:2,anonymous_6
FNDA:1,removeItemById
FNDA:1,anonymous_8
FNF:9
FNH:9
BRDA:1,0,0,1
BRDA:1,1,0,1
BRDA:2,2,0,2
BRDA:2,3,0,0
BRDA:4,4,0,4
BRDA:7,5,0,2
BRDA:13,6,0,2
BRDA:5,7,0,2
BRDA:7,8,0,2
BRDA:11,9,0,0
BRDA:11,10,0,0
BRDA:11,11,0,0
BRDA:12,12,0,0
BRDA:16,13,0,2
BRDA:17,14,0,2
BRDA:19,15,0,0
BRDA:20,16,0,0
BRDA:22,17,0,1
BRDA:23,18,0,1
BRF:19
BRH:12
DA:1,1
DA:2,1
DA:3,1
DA:4,1
DA:5,4
DA:6,4
DA:7,4
DA:8,2
DA:9,2
DA:10,2
DA:11,2
DA:12,2
DA:13,4
DA:14,1
DA:15,1
DA:16,1
DA:17,2
DA:18,2
DA:19,2
DA:20,1
DA:21,1
DA:22,1
DA:23,1
LH:23
LF:23
end_of_record
SF:..\frontend\src\modules\cart\infrastructure\cartStorage.js
FN:3,readCart
FN:6,anonymous_1
FN:18,notifyCartChange
FN:20,writeCart
FN:25,deleteCart
FNDA:3,readCart
FNDA:1,anonymous_1
FNDA:2,notifyCartChange
FNDA:1,writeCart
FNDA:1,deleteCart
FNF:5
FNH:5
BRDA:1,0,0,1
BRDA:3,1,0,3
BRDA:5,2,0,1
BRDA:13,3,0,1
BRDA:6,4,0,1
BRDA:9,5,0,0
BRDA:10,6,0,0
BRDA:18,7,0,2
BRDA:20,8,0,1
BRDA:25,9,0,1
BRF:10
BRH:8
DA:1,1
DA:2,1
DA:3,1
DA:4,3
DA:5,3
DA:6,3
DA:7,1
DA:8,1
DA:9,1
DA:10,1
DA:11,1
DA:12,3
DA:13,3
DA:14,1
DA:15,1
DA:16,1
DA:17,1
DA:18,1
DA:19,1
DA:20,1
DA:21,1
DA:22,1
DA:23,1
DA:24,1
DA:25,1
DA:26,1
DA:27,1
DA:28,1
LH:28
LF:28
end_of_record
