TN:
SF:src\config\env.js
FNF:0
FNH:0
BRDA:1,0,0,1
BRDA:7,1,0,0
BRDA:8,2,0,0
BRDA:9,3,0,0
BRDA:10,4,0,0
BRDA:21,5,0,0
BRF:6
BRH:1
DA:1,1
DA:2,1
DA:3,1
DA:4,1
DA:5,1
DA:6,1
DA:7,1
DA:8,1
DA:9,1
DA:10,1
DA:11,1
DA:12,1
DA:13,1
DA:14,1
DA:15,1
DA:16,1
DA:17,1
DA:18,1
DA:19,1
DA:20,1
DA:21,1
DA:22,1
LH:22
LF:22
end_of_record
SF:src\modules\admin\application\AdminUserService.js
FN:4,AdminUserService
FN:6,list
FN:8,createAdmin
FN:14,update
FN:20,setStatus
FN:27,remove
FN:34,#target
FN:40,#canManage
FN:44,#superAdmin
FNDA:11,AdminUserService
FNDA:0,list
FNDA:3,createAdmin
FNDA:5,update
FNDA:3,setStatus
FNDA:1,remove
FNDA:8,#target
FNDA:6,#canManage
FNDA:3,#superAdmin
FNF:9
FNH:8
BRDA:1,0,0,1
BRDA:4,1,0,11
BRDA:8,2,0,3
BRDA:10,3,0,2
BRDA:10,4,0,1
BRDA:14,5,0,5
BRDA:15,6,0,3
BRDA:20,7,0,3
BRDA:21,8,0,1
BRDA:21,9,0,1
BRDA:21,10,0,2
BRDA:27,11,0,1
BRDA:28,12,0,0
BRDA:34,13,0,8
BRDA:36,14,0,7
BRDA:36,15,0,1
BRDA:36,16,0,2
BRDA:36,17,0,6
BRDA:40,18,0,6
BRDA:41,19,0,2
BRDA:41,20,0,1
BRDA:44,21,0,3
BRDA:45,22,0,1
BRF:23
BRH:22
DA:1,1
DA:2,1
DA:3,1
DA:4,1
DA:5,1
DA:6,1
DA:7,1
DA:8,1
DA:9,3
DA:10,3
DA:11,1
DA:12,3
DA:13,1
DA:14,1
DA:15,5
DA:16,3
DA:17,3
DA:18,5
DA:19,1
DA:20,1
DA:21,3
DA:22,2
DA:23,2
DA:24,2
DA:25,3
DA:26,1
DA:27,1
DA:28,1
DA:29,1
DA:30,1
DA:31,1
DA:32,1
DA:33,1
DA:34,1
DA:35,8
DA:36,8
DA:37,6
DA:38,8
DA:39,1
DA:40,1
DA:41,6
DA:42,6
DA:43,1
DA:44,1
DA:45,3
DA:46,3
DA:47,1
LH:47
LF:47
end_of_record
SF:src\modules\admin\infrastructure\PrismaAdminUserRepository.js
FN:1,publicUser
FN:4,PrismaAdminUserRepository
FN:5,findById
FN:6,findByEmail
FN:8,findAll
FN:17,createAdmin
FN:18,anonymous_6
FN:25,update
FN:26,anonymous_8
FN:33,setStatus
FN:34,anonymous_10
FN:42,remove
FN:43,anonymous_12
FNDA:7,publicUser
FNDA:2,PrismaAdminUserRepository
FNDA:0,findById
FNDA:0,findByEmail
FNDA:1,findAll
FNDA:1,createAdmin
FNDA:1,anonymous_6
FNDA:1,update
FNDA:1,anonymous_8
FNDA:2,setStatus
FNDA:2,anonymous_10
FNDA:1,remove
FNDA:1,anonymous_12
FNF:13
FNH:11
BRDA:1,0,0,1
BRDA:1,1,0,7
BRDA:4,2,0,2
BRDA:8,3,0,1
BRDA:9,4,0,0
BRDA:9,5,0,0
BRDA:17,6,0,1
BRDA:18,7,0,1
BRDA:19,8,0,0
BRDA:25,9,0,1
BRDA:26,10,0,1
BRDA:27,11,0,0
BRDA:33,12,0,2
BRDA:34,13,0,2
BRDA:36,14,0,1
BRDA:37,15,0,1
BRDA:37,16,0,1
BRDA:42,17,0,1
BRDA:43,18,0,1
BRF:19
BRH:15
DA:1,1
DA:2,1
DA:3,1
DA:4,1
DA:5,1
DA:6,1
DA:7,1
DA:8,1
DA:9,1
DA:10,1
DA:11,1
DA:12,1
DA:13,1
DA:14,1
DA:15,1
DA:16,1
DA:17,1
DA:18,1
DA:19,1
DA:20,1
DA:21,1
DA:22,1
DA:23,1
DA:24,1
DA:25,1
DA:26,1
DA:27,1
DA:28,1
DA:29,1
DA:30,1
DA:31,1
DA:32,1
DA:33,1
DA:34,2
DA:35,2
DA:36,2
DA:37,2
DA:38,2
DA:39,2
DA:40,2
DA:41,1
DA:42,1
DA:43,1
DA:44,1
DA:45,1
DA:46,1
DA:47,1
DA:48,1
DA:49,1
DA:50,1
LH:50
LF:50
end_of_record
SF:src\modules\auth\application\AuthService.js
FN:4,publicUser
FN:6,anonymous_1
FN:14,AuthService
FN:20,register
FN:46,login
FN:55,logout
FN:59,authenticate
FN:66,#createSession
FNDA:5,publicUser
FNDA:2,anonymous_1
FNDA:12,AuthService
FNDA:3,register
FNDA:6,login
FNDA:2,logout
FNDA:4,authenticate
FNDA:5,#createSession
FNF:8
FNH:8
BRDA:1,0,0,1
BRDA:4,1,0,5
BRDA:6,2,0,2
BRDA:14,3,0,12
BRDA:20,4,0,3
BRDA:22,5,0,1
BRDA:24,6,0,2
BRDA:30,7,0,0
BRDA:35,8,0,0
BRDA:41,9,0,2
BRDA:46,10,0,6
BRDA:48,11,0,5
BRDA:48,12,0,4
BRDA:48,13,0,3
BRDA:55,14,0,2
BRDA:56,15,0,1
BRDA:59,16,0,4
BRDA:60,17,0,1
BRDA:60,18,0,3
BRDA:62,19,0,0
BRDA:66,20,0,5
BRF:21
BRH:18
DA:1,1
DA:2,1
DA:3,1
DA:4,1
DA:5,5
DA:6,5
DA:7,2
DA:8,2
DA:9,2
DA:10,5
DA:11,1
DA:12,1
DA:13,1
DA:14,1
DA:15,12
DA:16,12
DA:17,12
DA:18,12
DA:19,1
DA:20,1
DA:21,3
DA:22,3
DA:23,1
DA:24,1
DA:25,2
DA:26,2
DA:27,2
DA:28,2
DA:29,2
DA:30,3
DA:31,3
DA:32,3
DA:33,3
DA:34,3
DA:35,3
DA:36,3
DA:37,3
DA:38,3
DA:39,3
DA:40,3
DA:41,3
DA:42,2
DA:43,2
DA:44,3
DA:45,1
DA:46,1
DA:47,6
DA:48,6
DA:49,3
DA:50,3
DA:51,3
DA:52,3
DA:53,6
DA:54,1
DA:55,1
DA:56,2
DA:57,2
DA:58,1
DA:59,1
DA:60,4
DA:61,3
DA:62,3
DA:63,0
DA:64,4
DA:65,1
DA:66,1
DA:67,5
DA:68,5
DA:69,5
DA:70,5
DA:71,5
DA:72,1
LH:71
LF:72
end_of_record
SF:src\modules\auth\infrastructure\passwordHasher.js
FN:4,hash
FN:5,verify
FNDA:1,hash
FNDA:2,verify
FNF:2
FNH:2
BRDA:1,0,0,1
BRDA:4,1,0,1
BRDA:5,2,0,2
BRF:3
BRH:3
DA:1,1
DA:2,1
DA:3,1
DA:4,1
DA:5,1
DA:6,1
LH:6
LF:6
end_of_record
SF:src\modules\auth\presentation\authMiddleware.js
FN:3,cookieToken
FN:5,anonymous_1
FN:6,anonymous_2
FN:8,extractSessionToken
FN:13,createAuthenticationMiddleware
FN:13,anonymous_5
FN:22,requireAdmin
FN:27,requireSuperAdmin
FNDA:3,cookieToken
FNDA:4,anonymous_1
FNDA:4,anonymous_2
FNDA:4,extractSessionToken
FNDA:2,createAuthenticationMiddleware
FNDA:2,anonymous_5
FNDA:3,requireAdmin
FNDA:2,requireSuperAdmin
FNF:8
FNH:8
BRDA:1,0,0,1
BRDA:3,1,0,3
BRDA:5,2,0,4
BRDA:6,3,0,4
BRDA:8,4,0,4
BRDA:9,5,0,1
BRDA:9,6,0,1
BRDA:10,7,0,3
BRDA:13,8,0,2
BRDA:13,9,0,2
BRDA:15,10,0,1
BRDA:22,11,0,3
BRDA:23,12,0,1
BRDA:23,13,0,2
BRDA:27,14,0,2
BRDA:28,15,0,1
BRF:16
BRH:16
DA:1,1
DA:2,1
DA:3,1
DA:4,3
DA:5,3
DA:6,1
DA:7,1
DA:8,1
DA:9,4
DA:10,4
DA:11,1
DA:12,1
DA:13,1
DA:14,2
DA:15,2
DA:16,1
DA:17,1
DA:18,1
DA:19,1
DA:20,1
DA:21,1
DA:22,1
DA:23,3
DA:24,2
DA:25,1
DA:26,1
DA:27,1
DA:28,2
DA:29,1
DA:30,1
LH:30
LF:30
end_of_record
SF:src\modules\categories\application\CategoryService.js
FN:4,CategoryService
FN:5,listActive
FN:6,listAdmin
FN:7,create
FN:8,update
FNDA:3,CategoryService
FNDA:1,listActive
FNDA:1,listAdmin
FNDA:0,create
FNDA:1,update
FNF:5
FNH:4
BRDA:1,0,0,1
BRDA:4,1,0,3
BRDA:5,2,0,1
BRDA:6,3,0,1
BRDA:8,4,0,1
BRDA:10,5,0,0
BRF:6
BRH:5
DA:1,1
DA:2,1
DA:3,1
DA:4,1
DA:5,1
DA:6,1
DA:7,1
DA:8,1
DA:9,1
DA:10,1
DA:11,0
DA:12,1
DA:13,1
LH:12
LF:13
end_of_record
SF:src\modules\categories\infrastructure\PrismaCategoryRepository.js
FN:1,slugify
FN:2,serialize
FN:5,PrismaCategoryRepository
FN:6,findAll
FN:7,findById
FN:8,create
FN:9,anonymous_6
FN:15,update
FN:16,anonymous_8
FNDA:2,slugify
FNDA:2,serialize
FNDA:3,PrismaCategoryRepository
FNDA:0,findAll
FNDA:0,findById
FNDA:2,create
FNDA:2,anonymous_6
FNDA:1,update
FNDA:1,anonymous_8
FNF:9
FNH:7
BRDA:1,0,0,1
BRDA:1,1,0,2
BRDA:2,2,0,2
BRDA:5,3,0,3
BRDA:8,4,0,2
BRDA:9,5,0,2
BRDA:10,6,0,1
BRDA:15,7,0,1
BRDA:16,8,0,1
BRDA:18,9,0,0
BRF:10
BRH:9
DA:1,1
DA:2,1
DA:3,1
DA:4,1
DA:5,1
DA:6,1
DA:7,1
DA:8,1
DA:9,2
DA:10,2
DA:11,1
DA:12,1
DA:13,2
DA:14,2
DA:15,1
DA:16,1
DA:17,1
DA:18,1
DA:19,1
DA:20,1
DA:21,1
DA:22,1
DA:23,1
DA:24,1
LH:24
LF:24
end_of_record
SF:src\modules\files\infrastructure\productImageUpload.js
FN:9,getImageExtension
FN:18,fileFilter
FN:23,saveImage
FN:49,saveProductImage
FNDA:5,getImageExtension
FNDA:0,fileFilter
FNDA:2,saveImage
FNDA:0,saveProductImage
FNF:4
FNH:2
BRDA:1,0,0,1
BRDA:9,1,0,5
BRDA:11,2,0,1
BRDA:11,3,0,4
BRDA:23,4,0,2
BRDA:24,5,0,0
BRDA:27,6,0,1
BRDA:34,7,0,0
BRDA:45,8,0,1
BRF:9
BRH:7
DA:1,1
DA:2,1
DA:3,1
DA:4,1
DA:5,1
DA:6,1
DA:7,1
DA:8,1
DA:9,1
DA:10,5
DA:11,5
DA:12,4
DA:13,1
DA:14,1
DA:15,1
DA:16,1
DA:17,1
DA:18,1
DA:19,0
DA:20,1
DA:21,1
DA:22,1
DA:23,1
DA:24,2
DA:25,0
DA:26,2
DA:27,2
DA:28,1
DA:29,1
DA:30,1
DA:31,1
DA:32,1
DA:33,1
DA:34,2
DA:35,2
DA:36,2
DA:37,2
DA:38,2
DA:39,2
DA:40,2
DA:41,2
DA:42,2
DA:43,2
DA:44,2
DA:45,2
DA:46,1
DA:47,1
DA:48,1
DA:49,1
LH:47
LF:49
end_of_record
SF:src\modules\orders\application\OrderService.js
FN:4,OrderService
FN:8,create
FN:13,history
FN:17,active
FN:21,monthlyHistory
FN:25,cancel
FN:29,getById
FN:35,listForAdmin
FN:39,getForAdmin
FN:45,updateStatus
FN:49,statistics
FNDA:6,OrderService
FNDA:1,create
FNDA:0,history
FNDA:1,active
FNDA:1,monthlyHistory
FNDA:1,cancel
FNDA:2,getById
FNDA:0,listForAdmin
FNDA:0,getForAdmin
FNDA:0,updateStatus
FNDA:0,statistics
FNF:11
FNH:6
BRDA:1,0,0,1
BRDA:4,1,0,6
BRDA:8,2,0,1
BRDA:9,3,0,0
BRDA:17,4,0,1
BRDA:21,5,0,1
BRDA:25,6,0,1
BRDA:29,7,0,2
BRDA:31,8,0,1
BRF:9
BRH:8
DA:1,1
DA:2,1
DA:3,1
DA:4,1
DA:5,6
DA:6,6
DA:7,1
DA:8,1
DA:9,1
DA:10,0
DA:11,1
DA:12,1
DA:13,1
DA:14,0
DA:15,0
DA:16,1
DA:17,1
DA:18,1
DA:19,1
DA:20,1
DA:21,1
DA:22,1
DA:23,1
DA:24,1
DA:25,1
DA:26,1
DA:27,1
DA:28,1
DA:29,1
DA:30,2
DA:31,2
DA:32,1
DA:33,2
DA:34,1
DA:35,1
DA:36,0
DA:37,0
DA:38,1
DA:39,1
DA:40,0
DA:41,0
DA:42,0
DA:43,0
DA:44,1
DA:45,1
DA:46,0
DA:47,0
DA:48,1
DA:49,1
DA:50,0
DA:51,0
DA:52,1
LH:39
LF:52
end_of_record
SF:src\modules\orders\domain\OrderRepository.js
FN:2,create
FN:3,findByUser
FN:4,findByIdAndUser
FN:5,findActiveByUser
FN:6,findMonthlyHistoryByUser
FN:7,findAllForAdmin
FN:8,findByIdForAdmin
FN:9,updateOperationalStatus
FN:10,getMonthlyStatistics
FN:11,cancelPendingByUser
FNDA:0,create
FNDA:0,findByUser
FNDA:0,findByIdAndUser
FNDA:0,findActiveByUser
FNDA:0,findMonthlyHistoryByUser
FNDA:0,findAllForAdmin
FNDA:0,findByIdForAdmin
FNDA:0,updateOperationalStatus
FNDA:0,getMonthlyStatistics
FNDA:0,cancelPendingByUser
FNF:10
FNH:0
BRDA:1,0,0,4
BRF:1
BRH:1
DA:1,4
DA:2,4
DA:3,4
DA:4,4
DA:5,4
DA:6,4
DA:7,4
DA:8,4
DA:9,4
DA:10,4
DA:11,4
DA:12,4
LH:12
LF:12
end_of_record
SF:src\modules\orders\infrastructure\PrismaOrderRepository.js
FN:5,serializeOrder
FN:10,anonymous_1
FN:14,validateOperationalTransition
FN:25,calculatePromotionSelection
FN:32,calculatePromotionalPrice
FN:34,allocateBundleItems
FN:52,PrismaOrderRepository
FN:57,create
FN:168,findByUser
FN:176,findByIdAndUser
FN:181,findActiveByUser
FN:187,findMonthlyHistoryByUser
FN:202,cancelPendingByUser
FN:203,anonymous_13
FN:223,anonymous_14
FN:230,findAllForAdmin
FN:245,anonymous_16
FN:261,findByIdForAdmin
FN:266,updateOperationalStatus
FN:280,getMonthlyStatistics
FN:332,updatePaymentFromProvider
FN:25,anonymous_21
FN:333,anonymous_22
FN:363,anonymous_23
FN:267,anonymous_24
FN:309,anonymous_25
FN:311,anonymous_26
FN:312,anonymous_27
FN:321,anonymous_28
FN:322,anonymous_29
FN:325,anonymous_30
FN:325,anonymous_31
FN:327,anonymous_32
FN:328,anonymous_33
FNDA:13,serializeOrder
FNDA:9,anonymous_1
FNDA:7,validateOperationalTransition
FNDA:3,calculatePromotionSelection
FNDA:2,calculatePromotionalPrice
FNDA:0,allocateBundleItems
FNDA:11,PrismaOrderRepository
FNDA:0,create
FNDA:1,findByUser
FNDA:2,findByIdAndUser
FNDA:1,findActiveByUser
FNDA:1,findMonthlyHistoryByUser
FNDA:2,cancelPendingByUser
FNDA:2,anonymous_13
FNDA:1,anonymous_14
FNDA:1,findAllForAdmin
FNDA:1,anonymous_16
FNDA:2,findByIdForAdmin
FNDA:2,updateOperationalStatus
FNDA:5,getMonthlyStatistics
FNDA:5,updatePaymentFromProvider
FNDA:5,anonymous_21
FNDA:5,anonymous_22
FNDA:1,anonymous_23
FNDA:2,anonymous_24
FNDA:2,anonymous_25
FNDA:2,anonymous_26
FNDA:3,anonymous_27
FNDA:3,anonymous_28
FNDA:3,anonymous_29
FNDA:3,anonymous_30
FNDA:4,anonymous_31
FNDA:2,anonymous_32
FNDA:0,anonymous_33
FNF:34
FNH:31
BRDA:1,0,0,4
BRDA:5,1,0,13
BRDA:11,2,0,0
BRDA:10,3,0,9
BRDA:14,4,0,7
BRDA:16,5,0,1
BRDA:18,6,0,6
BRDA:19,7,0,1
BRDA:21,8,0,5
BRDA:25,9,0,3
BRDA:32,10,0,2
BRDA:52,11,0,11
BRDA:168,12,0,1
BRDA:176,13,0,2
BRDA:178,14,0,1
BRDA:178,15,0,1
BRDA:181,16,0,1
BRDA:187,17,0,1
BRDA:202,18,0,2
BRDA:203,19,0,2
BRDA:205,20,0,0
BRDA:206,21,0,1
BRDA:206,22,0,1
BRDA:209,23,0,0
BRDA:211,24,0,1
BRDA:217,25,0,0
BRDA:217,26,0,1
BRDA:223,27,0,1
BRDA:230,28,0,1
BRDA:238,29,0,0
BRDA:239,30,0,0
BRDA:253,31,0,0
BRDA:245,32,0,1
BRDA:261,33,0,2
BRDA:263,34,0,1
BRDA:263,35,0,1
BRDA:266,36,0,2
BRDA:280,37,0,3
BRDA:292,38,0,5
BRDA:293,39,0,4
BRDA:297,40,0,2
BRDA:299,41,0,1
BRDA:307,42,0,1
BRDA:316,43,0,0
BRDA:325,44,0,2
BRDA:325,45,0,1
BRDA:332,46,0,5
BRDA:25,47,0,5
BRDA:27,48,0,2
BRDA:27,49,0,3
BRDA:29,50,0,0
BRDA:333,51,0,5
BRDA:335,52,0,0
BRDA:337,53,0,1
BRDA:337,54,0,1
BRDA:339,55,0,4
BRDA:348,56,0,2
BRDA:348,57,0,2
BRDA:350,58,0,4
BRDA:351,59,0,2
BRDA:351,60,0,2
BRDA:353,61,0,1
BRDA:355,62,0,3
BRDA:356,63,0,2
BRDA:356,64,0,1
BRDA:358,65,0,0
BRDA:366,66,0,3
BRDA:363,67,0,1
BRDA:267,68,0,2
BRDA:269,69,0,1
BRDA:272,70,0,0
BRDA:272,71,0,1
BRDA:309,72,0,2
BRDA:311,73,0,2
BRDA:313,74,0,0
BRDA:312,75,0,3
BRDA:321,76,0,3
BRDA:322,77,0,3
BRDA:322,78,0,2
BRDA:325,79,0,3
BRDA:325,80,0,4
BRDA:327,81,0,2
BRF:82
BRH:69
DA:1,4
DA:2,4
DA:3,4
DA:4,4
DA:5,4
DA:6,13
DA:7,13
DA:8,13
DA:9,13
DA:10,13
DA:11,13
DA:12,4
DA:13,4
DA:14,4
DA:15,7
DA:16,7
DA:17,1
DA:18,1
DA:19,7
DA:20,1
DA:21,1
DA:22,5
DA:23,4
DA:24,4
DA:25,4
DA:26,5
DA:27,5
DA:28,5
DA:29,5
DA:30,4
DA:31,4
DA:32,4
DA:33,4
DA:34,4
DA:35,0
DA:36,0
DA:37,0
DA:38,0
DA:39,0
DA:40,0
DA:41,0
DA:42,0
DA:43,0
DA:44,0
DA:45,0
DA:46,0
DA:47,0
DA:48,0
DA:49,4
DA:50,4
DA:51,4
DA:52,4
DA:53,11
DA:54,11
DA:55,11
DA:56,4
DA:57,4
DA:58,0
DA:59,0
DA:60,0
DA:61,0
DA:62,0
DA:63,0
DA:64,0
DA:65,0
DA:66,0
DA:67,0
DA:68,0
DA:69,0
DA:70,0
DA:71,0
DA:72,0
DA:73,0
DA:74,0
DA:75,0
DA:76,0
DA:77,0
DA:78,0
DA:79,0
DA:80,0
DA:81,0
DA:82,0
DA:83,0
DA:84,0
DA:85,0
DA:86,0
DA:87,0
DA:88,0
DA:89,0
DA:90,0
DA:91,0
DA:92,0
DA:93,0
DA:94,0
DA:95,0
DA:96,0
DA:97,0
DA:98,0
DA:99,0
DA:100,0
DA:101,0
DA:102,0
DA:103,0
DA:104,0
DA:105,0
DA:106,0
DA:107,0
DA:108,0
DA:109,0
DA:110,0
DA:111,0
DA:112,0
DA:113,0
DA:114,0
DA:115,0
DA:116,0
DA:117,0
DA:118,0
DA:119,0
DA:120,0
DA:121,0
DA:122,0
DA:123,0
DA:124,0
DA:125,0
DA:126,0
DA:127,0
DA:128,0
DA:129,0
DA:130,0
DA:131,0
DA:132,0
DA:133,0
DA:134,0
DA:135,0
DA:136,0
DA:137,0
DA:138,0
DA:139,0
DA:140,0
DA:141,0
DA:142,0
DA:143,0
DA:144,0
DA:145,0
DA:146,0
DA:147,0
DA:148,0
DA:149,0
DA:150,0
DA:151,0
DA:152,0
DA:153,0
DA:154,0
DA:155,0
DA:156,0
DA:157,0
DA:158,0
DA:159,0
DA:160,0
DA:161,0
DA:162,0
DA:163,0
DA:164,0
DA:165,0
DA:166,0
DA:167,4
DA:168,4
DA:169,1
DA:170,1
DA:171,1
DA:172,1
DA:173,1
DA:174,1
DA:175,4
DA:176,4
DA:177,2
DA:178,2
DA:179,2
DA:180,4
DA:181,4
DA:182,1
DA:183,1
DA:184,1
DA:185,1
DA:186,4
DA:187,4
DA:188,1
DA:189,1
DA:190,1
DA:191,1
DA:192,1
DA:193,1
DA:194,1
DA:195,1
DA:196,1
DA:197,1
DA:198,1
DA:199,1
DA:200,1
DA:201,4
DA:202,4
DA:203,2
DA:204,2
DA:205,2
DA:206,2
DA:207,1
DA:208,1
DA:209,2
DA:210,0
DA:211,0
DA:212,1
DA:213,1
DA:214,1
DA:215,1
DA:216,1
DA:217,2
DA:218,1
DA:219,1
DA:220,1
DA:221,1
DA:222,1
DA:223,1
DA:224,1
DA:225,1
DA:226,1
DA:227,2
DA:228,2
DA:229,4
DA:230,4
DA:231,1
DA:232,1
DA:233,1
DA:234,1
DA:235,1
DA:236,1
DA:237,1
DA:238,1
DA:239,1
DA:240,1
DA:241,1
DA:242,1
DA:243,1
DA:244,1
DA:245,1
DA:246,1
DA:247,1
DA:248,1
DA:249,1
DA:250,1
DA:251,1
DA:252,1
DA:253,1
DA:254,1
DA:255,1
DA:256,1
DA:257,1
DA:258,1
DA:259,1
DA:260,4
DA:261,4
DA:262,2
DA:263,2
DA:264,2
DA:265,4
DA:266,4
DA:267,2
DA:268,2
DA:269,2
DA:270,1
DA:271,1
DA:272,2
DA:273,1
DA:274,1
DA:275,1
DA:276,1
DA:277,2
DA:278,2
DA:279,4
DA:280,4
DA:281,3
DA:282,3
DA:283,3
DA:284,3
DA:285,3
DA:286,3
DA:287,3
DA:288,3
DA:289,3
DA:290,3
DA:291,3
DA:292,3
DA:293,5
DA:294,5
DA:295,5
DA:296,5
DA:297,5
DA:298,2
DA:299,2
DA:300,2
DA:301,2
DA:302,2
DA:303,2
DA:304,5
DA:305,3
DA:306,3
DA:307,3
DA:308,1
DA:309,1
DA:310,1
DA:311,1
DA:312,2
DA:313,2
DA:314,1
DA:315,1
DA:316,1
DA:317,1
DA:318,1
DA:319,1
DA:320,1
DA:321,3
DA:322,3
DA:323,3
DA:324,3
DA:325,3
DA:326,3
DA:327,3
DA:328,3
DA:329,3
DA:330,3
DA:331,4
DA:332,4
DA:333,5
DA:334,5
DA:335,5
DA:336,5
DA:337,5
DA:338,1
DA:339,1
DA:340,4
DA:341,4
DA:342,4
DA:343,4
DA:344,4
DA:345,4
DA:346,4
DA:347,4
DA:348,5
DA:349,5
DA:350,5
DA:351,5
DA:352,2
DA:353,2
DA:354,1
DA:355,1
DA:356,5
DA:357,1
DA:358,1
DA:359,1
DA:360,1
DA:361,1
DA:362,1
DA:363,1
DA:364,1
DA:365,1
DA:366,1
DA:367,3
DA:368,3
DA:369,5
DA:370,5
DA:371,4
LH:246
LF:371
end_of_record
SF:src\modules\payments\application\PaymentService.js
FN:7,PaymentService
FN:14,create
FN:26,ensureConfigured
FN:30,process
FN:76,synchronize
FN:96,mapMethod
FNDA:15,PaymentService
FNDA:1,create
FNDA:17,ensureConfigured
FNDA:11,process
FNDA:5,synchronize
FNDA:9,mapMethod
FNF:6
FNH:6
BRDA:1,0,0,1
BRDA:7,1,0,15
BRDA:12,2,0,1
BRDA:21,3,0,14
BRDA:21,4,0,0
BRDA:14,5,0,1
BRDA:16,6,0,0
BRDA:18,7,0,0
BRDA:26,8,0,17
BRDA:27,9,0,1
BRDA:30,10,0,11
BRDA:32,11,0,1
BRDA:32,12,0,10
BRDA:34,13,0,1
BRDA:34,14,0,9
BRDA:35,15,0,1
BRDA:35,16,0,8
BRDA:36,17,0,1
BRDA:36,18,0,7
BRDA:37,19,0,7
BRDA:37,20,0,1
BRDA:39,21,0,6
BRDA:41,22,0,5
BRDA:41,23,0,2
BRDA:43,24,0,4
BRDA:49,25,0,0
BRDA:51,26,0,0
BRDA:51,27,0,4
BRDA:53,28,0,4
BRDA:53,29,0,0
BRDA:54,30,0,4
BRDA:59,31,0,1
BRDA:64,32,0,3
BRDA:67,33,0,0
BRDA:70,34,0,1
BRDA:71,35,0,0
BRDA:72,36,0,0
BRDA:76,37,0,5
BRDA:78,38,0,2
BRDA:80,39,0,1
BRDA:86,40,0,3
BRDA:88,41,0,1
BRDA:88,42,0,2
BRDA:91,43,0,0
BRDA:96,44,0,9
BRDA:97,45,0,1
BRDA:97,46,0,8
BRDA:98,47,0,1
BRDA:98,48,0,7
BRDA:99,49,0,1
BRDA:99,50,0,6
BRF:51
BRH:41
DA:1,1
DA:2,1
DA:3,1
DA:4,1
DA:5,1
DA:6,1
DA:7,1
DA:8,15
DA:9,15
DA:10,15
DA:11,15
DA:12,15
DA:13,1
DA:14,1
DA:15,1
DA:16,1
DA:17,1
DA:18,1
DA:19,1
DA:20,1
DA:21,15
DA:22,0
DA:23,0
DA:24,15
DA:25,1
DA:26,1
DA:27,17
DA:28,17
DA:29,1
DA:30,1
DA:31,11
DA:32,11
DA:33,10
DA:34,11
DA:35,11
DA:36,11
DA:37,11
DA:38,1
DA:39,1
DA:40,6
DA:41,11
DA:42,2
DA:43,2
DA:44,4
DA:45,4
DA:46,4
DA:47,4
DA:48,4
DA:49,11
DA:50,11
DA:51,11
DA:52,11
DA:53,11
DA:54,11
DA:55,11
DA:56,11
DA:57,11
DA:58,11
DA:59,11
DA:60,11
DA:61,11
DA:62,11
DA:63,11
DA:64,11
DA:65,3
DA:66,3
DA:67,11
DA:68,11
DA:69,11
DA:70,11
DA:71,1
DA:72,1
DA:73,1
DA:74,11
DA:75,1
DA:76,1
DA:77,5
DA:78,5
DA:79,2
DA:80,2
DA:81,1
DA:82,1
DA:83,1
DA:84,1
DA:85,1
DA:86,1
DA:87,3
DA:88,5
DA:89,2
DA:90,2
DA:91,5
DA:92,5
DA:93,5
DA:94,5
DA:95,1
DA:96,1
DA:97,9
DA:98,9
DA:99,9
DA:100,6
DA:101,9
DA:102,1
LH:100
LF:102
end_of_record
SF:src\modules\products\application\ProductService.js
FN:5,ProductService
FN:9,list
FN:13,listAdmin
FN:17,getById
FN:23,create
FN:28,update
FN:34,delete
FNDA:4,ProductService
FNDA:0,list
FNDA:0,listAdmin
FNDA:3,getById
FNDA:2,create
FNDA:2,update
FNDA:0,delete
FNF:7
FNH:4
BRDA:1,0,0,1
BRDA:5,1,0,4
BRDA:17,2,0,3
BRDA:19,3,0,1
BRDA:19,4,0,2
BRDA:23,5,0,2
BRDA:24,6,0,1
BRDA:28,7,0,2
BRDA:30,8,0,1
BRF:9
BRH:9
DA:1,1
DA:2,1
DA:3,1
DA:4,1
DA:5,1
DA:6,4
DA:7,4
DA:8,1
DA:9,1
DA:10,0
DA:11,0
DA:12,1
DA:13,1
DA:14,0
DA:15,0
DA:16,1
DA:17,1
DA:18,3
DA:19,3
DA:20,2
DA:21,3
DA:22,1
DA:23,1
DA:24,2
DA:25,1
DA:26,2
DA:27,1
DA:28,1
DA:29,2
DA:30,2
DA:31,1
DA:32,2
DA:33,1
DA:34,1
DA:35,0
DA:36,0
DA:37,0
DA:38,1
LH:31
LF:38
end_of_record
SF:src\modules\products\domain\Product.js
FN:2,Product
FNDA:4,Product
FNF:1
FNH:1
BRDA:1,0,0,1
BRDA:2,1,0,4
BRDA:3,2,0,0
BRDA:8,3,0,0
BRDA:13,4,0,0
BRF:5
BRH:2
DA:1,1
DA:2,1
DA:3,4
DA:4,0
DA:5,0
DA:6,4
DA:7,4
DA:8,4
DA:9,0
DA:10,0
DA:11,4
DA:12,4
DA:13,4
DA:14,0
DA:15,0
DA:16,4
DA:17,4
DA:18,4
DA:19,4
DA:20,4
DA:21,4
DA:22,4
DA:23,4
DA:24,4
DA:25,4
DA:26,1
LH:20
LF:26
end_of_record
SF:src\modules\products\domain\ProductRepository.js
FN:2,findAll
FN:3,findById
FN:4,create
FN:5,update
FN:6,delete
FNDA:0,findAll
FNDA:0,findById
FNDA:0,create
FNDA:0,update
FNDA:0,delete
FNF:5
FNH:0
BRDA:1,0,0,1
BRF:1
BRH:1
DA:1,1
DA:2,1
DA:3,1
DA:4,1
DA:5,1
DA:6,1
DA:7,1
LH:7
LF:7
end_of_record
SF:src\modules\products\infrastructure\PrismaProductRepository.js
FN:3,toDomain
FN:16,PrismaProductRepository
FN:21,categoryIsActive
FN:25,findAll
FN:34,findAllAdmin
FN:40,findById
FN:48,create
FN:56,update
FN:57,anonymous_8
FN:73,delete
FN:74,anonymous_10
FN:81,#toPersistence
FNDA:4,toDomain
FNDA:4,PrismaProductRepository
FNDA:0,categoryIsActive
FNDA:1,findAll
FNDA:1,findAllAdmin
FNDA:0,findById
FNDA:0,create
FNDA:1,update
FNDA:1,anonymous_8
FNDA:1,delete
FNDA:1,anonymous_10
FNDA:1,#toPersistence
FNF:12
FNH:9
BRDA:1,0,0,1
BRDA:3,1,0,4
BRDA:16,2,0,4
BRDA:25,3,0,1
BRDA:34,4,0,1
BRDA:56,5,0,1
BRDA:57,6,0,1
BRDA:73,7,0,1
BRDA:74,8,0,1
BRDA:81,9,0,1
BRDA:86,10,0,0
BRF:11
BRH:10
DA:1,1
DA:2,1
DA:3,1
DA:4,4
DA:5,4
DA:6,4
DA:7,4
DA:8,4
DA:9,4
DA:10,4
DA:11,4
DA:12,4
DA:13,1
DA:14,1
DA:15,1
DA:16,1
DA:17,4
DA:18,4
DA:19,4
DA:20,1
DA:21,1
DA:22,0
DA:23,0
DA:24,1
DA:25,1
DA:26,1
DA:27,1
DA:28,1
DA:29,1
DA:30,1
DA:31,1
DA:32,1
DA:33,1
DA:34,1
DA:35,1
DA:36,1
DA:37,1
DA:38,1
DA:39,1
DA:40,1
DA:41,0
DA:42,0
DA:43,0
DA:44,0
DA:45,0
DA:46,0
DA:47,1
DA:48,1
DA:49,0
DA:50,0
DA:51,0
DA:52,0
DA:53,0
DA:54,0
DA:55,1
DA:56,1
DA:57,1
DA:58,1
DA:59,1
DA:60,1
DA:61,1
DA:62,1
DA:63,1
DA:64,1
DA:65,1
DA:66,1
DA:67,1
DA:68,1
DA:69,1
DA:70,1
DA:71,1
DA:72,1
DA:73,1
DA:74,1
DA:75,1
DA:76,1
DA:77,1
DA:78,1
DA:79,1
DA:80,1
DA:81,1
DA:82,1
DA:83,1
DA:84,1
DA:85,1
DA:86,1
DA:87,1
DA:88,1
DA:89,1
DA:90,1
DA:91,1
DA:92,1
LH:78
LF:92
end_of_record
SF:src\modules\promotions\application\PromotionService.js
FN:4,PromotionService
FN:6,listActive
FN:7,listAdmin
FN:9,create
FN:14,update
FN:19,remove
FN:21,#validate
FNDA:6,PromotionService
FNDA:0,listActive
FNDA:0,listAdmin
FNDA:7,create
FNDA:0,update
FNDA:0,remove
FNDA:7,#validate
FNF:7
FNH:3
BRDA:1,0,0,1
BRDA:4,1,0,6
BRDA:9,2,0,7
BRDA:21,3,0,7
BRDA:22,4,0,1
BRDA:22,5,0,6
BRDA:23,6,0,4
BRDA:23,7,0,1
BRDA:23,8,0,5
BRDA:24,9,0,3
BRDA:24,10,0,1
BRDA:24,11,0,4
BRDA:25,12,0,2
BRDA:25,13,0,1
BRF:14
BRH:14
DA:1,1
DA:2,1
DA:3,1
DA:4,1
DA:5,1
DA:6,1
DA:7,1
DA:8,1
DA:9,1
DA:10,7
DA:11,7
DA:12,7
DA:13,1
DA:14,1
DA:15,0
DA:16,0
DA:17,0
DA:18,1
DA:19,1
DA:20,1
DA:21,1
DA:22,7
DA:23,7
DA:24,7
DA:25,7
DA:26,7
DA:27,1
LH:24
LF:27
end_of_record
SF:src\modules\promotions\infrastructure\PrismaPromotionRepository.js
FN:5,serialize
FN:9,anonymous_1
FN:26,isProductAvailable
FN:29,PrismaPromotionRepository
FN:31,findActive
FN:37,anonymous_5
FN:44,findAll
FN:48,create
FN:57,update
FN:58,anonymous_9
FN:64,anonymous_10
FN:72,remove
FN:73,anonymous_12
FN:81,#data
FN:95,anonymous_14
FN:99,#ensureProducts
FN:100,anonymous_16
FNDA:3,serialize
FNDA:4,anonymous_1
FNDA:3,isProductAvailable
FNDA:6,PrismaPromotionRepository
FNDA:4,findActive
FNDA:3,anonymous_5
FNDA:0,findAll
FNDA:0,create
FNDA:1,update
FNDA:1,anonymous_9
FNDA:2,anonymous_10
FNDA:1,remove
FNDA:1,anonymous_12
FNDA:1,#data
FNDA:0,anonymous_14
FNDA:1,#ensureProducts
FNDA:2,anonymous_16
FNF:17
FNH:14
BRDA:1,0,0,1
BRDA:5,1,0,3
BRDA:7,2,0,1
BRDA:7,3,0,2
BRDA:8,4,0,2
BRDA:8,5,0,1
BRDA:9,6,0,4
BRDA:11,7,0,2
BRDA:12,8,0,2
BRDA:12,9,0,2
BRDA:17,10,0,2
BRDA:17,11,0,2
BRDA:26,12,0,3
BRDA:29,13,0,6
BRDA:31,14,0,4
BRDA:37,15,0,3
BRDA:38,16,0,1
BRDA:38,17,0,0
BRDA:38,18,0,2
BRDA:40,19,0,0
BRDA:57,20,0,1
BRDA:58,21,0,1
BRDA:61,22,0,0
BRDA:64,23,0,2
BRDA:72,24,0,1
BRDA:73,25,0,1
BRDA:75,26,0,0
BRDA:81,27,0,1
BRDA:86,28,0,0
BRDA:87,29,0,0
BRDA:88,30,0,0
BRDA:89,31,0,0
BRDA:89,32,0,0
BRDA:95,33,0,0
BRDA:99,34,0,1
BRDA:102,35,0,0
BRDA:100,36,0,2
BRF:37
BRH:26
DA:1,1
DA:2,1
DA:3,1
DA:4,1
DA:5,1
DA:6,3
DA:7,3
DA:8,3
DA:9,3
DA:10,4
DA:11,4
DA:12,4
DA:13,4
DA:14,4
DA:15,4
DA:16,4
DA:17,4
DA:18,4
DA:19,4
DA:20,4
DA:21,4
DA:22,4
DA:23,3
DA:24,1
DA:25,1
DA:26,1
DA:27,1
DA:28,1
DA:29,1
DA:30,1
DA:31,1
DA:32,4
DA:33,4
DA:34,4
DA:35,4
DA:36,4
DA:37,4
DA:38,3
DA:39,2
DA:40,3
DA:41,4
DA:42,4
DA:43,1
DA:44,1
DA:45,0
DA:46,0
DA:47,1
DA:48,1
DA:49,0
DA:50,0
DA:51,0
DA:52,0
DA:53,0
DA:54,0
DA:55,0
DA:56,1
DA:57,1
DA:58,1
DA:59,1
DA:60,1
DA:61,1
DA:62,1
DA:63,1
DA:64,1
DA:65,1
DA:66,1
DA:67,1
DA:68,1
DA:69,1
DA:70,1
DA:71,1
DA:72,1
DA:73,1
DA:74,1
DA:75,1
DA:76,1
DA:77,1
DA:78,1
DA:79,1
DA:80,1
DA:81,1
DA:82,1
DA:83,1
DA:84,1
DA:85,1
DA:86,1
DA:87,1
DA:88,1
DA:89,1
DA:90,1
DA:91,1
DA:92,1
DA:93,1
DA:94,1
DA:95,1
DA:96,1
DA:97,1
DA:98,1
DA:99,1
DA:100,1
DA:101,1
DA:102,1
DA:103,1
DA:104,1
LH:95
LF:104
end_of_record
SF:src\shared\errors\AppError.js
FN:2,AppError
FNDA:37,AppError
FNF:1
FNH:1
BRDA:1,0,0,9
BRDA:2,1,0,37
BRF:2
BRH:2
DA:1,9
DA:2,9
DA:3,37
DA:4,37
DA:5,37
DA:6,37
DA:7,37
DA:8,9
LH:8
LF:8
end_of_record
SF:src\shared\middleware\errorHandler.js
FN:1,errorHandler
FN:18,anonymous_1
FNDA:1,errorHandler
FNDA:0,anonymous_1
FNF:2
FNH:1
BRDA:1,0,0,1
BRDA:1,1,0,1
BRDA:5,2,0,0
BRDA:6,3,0,0
BRDA:7,4,0,0
BRDA:11,5,0,0
BRDA:15,6,0,0
BRDA:16,7,0,0
BRDA:18,8,0,0
BRF:9
BRH:2
DA:1,1
DA:2,1
DA:3,1
DA:4,1
DA:5,1
DA:6,1
DA:7,1
DA:8,1
DA:9,1
DA:10,1
DA:11,1
DA:12,1
DA:13,1
DA:14,1
DA:15,1
DA:16,1
DA:17,1
DA:18,1
DA:19,1
DA:20,1
LH:20
LF:20
end_of_record
SF:src\shared\middleware\requestContext.js
FN:3,requestContext
FNDA:2,requestContext
FNF:1
FNH:1
BRDA:1,0,0,1
BRDA:3,1,0,2
BRDA:4,2,0,1
BRF:3
BRH:3
DA:1,1
DA:2,1
DA:3,1
DA:4,2
DA:5,2
DA:6,2
DA:7,1
LH:7
LF:7
end_of_record
SF:src\shared\middleware\validate.js
FN:1,validate
FN:1,anonymous_1
FNDA:2,validate
FNDA:2,anonymous_1
FNF:2
FNH:2
BRDA:1,0,0,1
BRDA:1,1,0,2
BRDA:1,2,0,2
BRDA:3,3,0,1
BRDA:7,4,0,0
BRDA:7,5,0,1
BRF:6
BRH:5
DA:1,1
DA:2,2
DA:3,2
DA:4,1
DA:5,1
DA:6,1
DA:7,2
DA:8,1
DA:9,1
DA:10,1
LH:10
LF:10
end_of_record
SF:src\shared\security\sessionToken.js
FN:3,createSessionToken
FN:4,hashSessionToken
FNDA:6,createSessionToken
FNDA:15,hashSessionToken
FNF:2
FNH:2
BRDA:1,0,0,1
BRDA:3,1,0,6
BRDA:4,2,0,15
BRF:3
BRH:3
DA:1,1
DA:2,1
DA:3,1
DA:4,1
LH:4
LF:4
end_of_record
SF:..\frontend\src\modules\cart\domain\cart.js
FN:1,calculateCartTotal
FN:2,anonymous_1
FN:4,addOrIncrementItem
FN:5,anonymous_3
FN:7,anonymous_4
FN:16,setItemQuantity
FN:17,anonymous_6
FN:22,removeItemById
FN:23,anonymous_8
FNDA:1,calculateCartTotal
FNDA:2,anonymous_1
FNDA:4,addOrIncrementItem
FNDA:2,anonymous_3
FNDA:2,anonymous_4
FNDA:2,setItemQuantity
FNDA:2,anonymous_6
FNDA:1,removeItemById
FNDA:1,anonymous_8
FNF:9
FNH:9
BRDA:1,0,0,1
BRDA:1,1,0,1
BRDA:2,2,0,2
BRDA:2,3,0,0
BRDA:4,4,0,4
BRDA:7,5,0,2
BRDA:13,6,0,2
BRDA:5,7,0,2
BRDA:7,8,0,2
BRDA:11,9,0,0
BRDA:11,10,0,0
BRDA:11,11,0,0
BRDA:12,12,0,0
BRDA:16,13,0,2
BRDA:17,14,0,2
BRDA:19,15,0,0
BRDA:20,16,0,0
BRDA:22,17,0,1
BRDA:23,18,0,1
BRF:19
BRH:12
DA:1,1
DA:2,1
DA:3,1
DA:4,1
DA:5,4
DA:6,4
DA:7,4
DA:8,2
DA:9,2
DA:10,2
DA:11,2
DA:12,2
DA:13,4
DA:14,1
DA:15,1
DA:16,1
DA:17,2
DA:18,2
DA:19,2
DA:20,1
DA:21,1
DA:22,1
DA:23,1
LH:23
LF:23
end_of_record
SF:..\frontend\src\modules\cart\infrastructure\cartStorage.js
FN:3,readCart
FN:6,anonymous_1
FN:18,notifyCartChange
FN:20,writeCart
FN:25,deleteCart
FNDA:3,readCart
FNDA:1,anonymous_1
FNDA:2,notifyCartChange
FNDA:1,writeCart
FNDA:1,deleteCart
FNF:5
FNH:5
BRDA:1,0,0,1
BRDA:3,1,0,3
BRDA:5,2,0,1
BRDA:13,3,0,1
BRDA:6,4,0,1
BRDA:9,5,0,0
BRDA:10,6,0,0
BRDA:18,7,0,2
BRDA:20,8,0,1
BRDA:25,9,0,1
BRF:10
BRH:8
DA:1,1
DA:2,1
DA:3,1
DA:4,3
DA:5,3
DA:6,3
DA:7,1
DA:8,1
DA:9,1
DA:10,1
DA:11,1
DA:12,3
DA:13,3
DA:14,1
DA:15,1
DA:16,1
DA:17,1
DA:18,1
DA:19,1
DA:20,1
DA:21,1
DA:22,1
DA:23,1
DA:24,1
DA:25,1
DA:26,1
DA:27,1
DA:28,1
LH:28
LF:28
end_of_record
