<?xml version="1.0" encoding="UTF-8" ?>
<testsuites name="vitest tests" tests="21" failures="0" errors="0" time="3.412">
    <testsuite name="tests/AdditionalFlows.test.jsx" timestamp="2026-08-11T06:31:51.931Z" hostname="DESKTOP-JKVKGVF" tests="4" failures="0" errors="0" skipped="0" time="0.5174533">
        <testcase classname="tests/AdditionalFlows.test.jsx" name="flujos complementarios &gt; valida ubicación y registra una cuenta" time="0.4093883">
        </testcase>
        <testcase classname="tests/AdditionalFlows.test.jsx" name="flujos complementarios &gt; crea un pedido y presenta el medio de pago" time="0.0382353">
        </testcase>
        <testcase classname="tests/AdditionalFlows.test.jsx" name="flujos complementarios &gt; crea y desactiva categorías" time="0.0585958">
        </testcase>
        <testcase classname="tests/AdditionalFlows.test.jsx" name="flujos complementarios &gt; actualiza el contador del carrito" time="0.0094103">
        </testcase>
    </testsuite>
    <testsuite name="tests/AdminApi.test.js" timestamp="2026-08-11T06:31:51.933Z" hostname="DESKTOP-JKVKGVF" tests="1" failures="0" errors="0" skipped="0" time="0.008279">
        <testcase classname="tests/AdminApi.test.js" name="API administrativa &gt; UT-FE-21: codifica identificadores antes de incorporarlos a las rutas" time="0.006752">
        </testcase>
    </testsuite>
    <testsuite name="tests/AdminPages.test.jsx" timestamp="2026-08-11T06:31:51.934Z" hostname="DESKTOP-JKVKGVF" tests="3" failures="0" errors="0" skipped="0" time="0.6984345">
        <testcase classname="tests/AdminPages.test.jsx" name="panel administrativo &gt; crea y desactiva cuentas" time="0.3821498">
        </testcase>
        <testcase classname="tests/AdminPages.test.jsx" name="panel administrativo &gt; crea y retira una promoción individual" time="0.0979326">
        </testcase>
        <testcase classname="tests/AdminPages.test.jsx" name="panel administrativo &gt; lista, busca, abre y actualiza pedidos" time="0.2165816">
        </testcase>
    </testsuite>
    <testsuite name="tests/AuthContext.test.jsx" timestamp="2026-08-11T06:31:51.935Z" hostname="DESKTOP-JKVKGVF" tests="1" failures="0" errors="0" skipped="0" time="0.2550933">
        <testcase classname="tests/AuthContext.test.jsx" name="contexto de autenticación &gt; recupera sesión e implementa login, registro y logout" time="0.2530729">
        </testcase>
    </testsuite>
    <testsuite name="tests/CurrentOrders.test.jsx" timestamp="2026-08-11T06:31:51.935Z" hostname="DESKTOP-JKVKGVF" tests="3" failures="0" errors="0" skipped="0" time="0.5085081">
        <testcase classname="tests/CurrentOrders.test.jsx" name="seguimiento de pedidos &gt; muestra estado vacío" time="0.0887781">
        </testcase>
        <testcase classname="tests/CurrentOrders.test.jsx" name="seguimiento de pedidos &gt; permite pagar y cancelar un pedido pendiente" time="0.40031">
        </testcase>
        <testcase classname="tests/CurrentOrders.test.jsx" name="seguimiento de pedidos &gt; representa el avance de un pedido confirmado" time="0.0178519">
        </testcase>
    </testsuite>
    <testsuite name="tests/NavigationCart.test.jsx" timestamp="2026-08-11T06:31:51.936Z" hostname="DESKTOP-JKVKGVF" tests="2" failures="0" errors="0" skipped="0" time="0.3853887">
        <testcase classname="tests/NavigationCart.test.jsx" name="navegación y carrito &gt; abre el inicio de sesión y carrito desde la navegación" time="0.3152429">
        </testcase>
        <testcase classname="tests/NavigationCart.test.jsx" name="navegación y carrito &gt; actualiza y elimina productos del carrito" time="0.0686796">
        </testcase>
    </testsuite>
    <testsuite name="tests/ProductCatalog.test.jsx" timestamp="2026-08-11T06:31:51.937Z" hostname="DESKTOP-JKVKGVF" tests="2" failures="0" errors="0" skipped="0" time="0.4523786">
        <testcase classname="tests/ProductCatalog.test.jsx" name="catálogo público &gt; carga, filtra, limpia y agrega productos" time="0.4118037">
        </testcase>
        <testcase classname="tests/ProductCatalog.test.jsx" name="catálogo público &gt; muestra un error controlado cuando falla la API" time="0.0390723">
        </testcase>
    </testsuite>
    <testsuite name="tests/ProductManagement.test.jsx" timestamp="2026-08-11T06:31:51.937Z" hostname="DESKTOP-JKVKGVF" tests="2" failures="0" errors="0" skipped="0" time="0.4115394">
        <testcase classname="tests/ProductManagement.test.jsx" name="gestión visual de productos &gt; carga categorías y envía el formulario" time="0.3241286">
        </testcase>
        <testcase classname="tests/ProductManagement.test.jsx" name="gestión visual de productos &gt; presenta carga, vacío, stock agotado y eliminación" time="0.0856224">
        </testcase>
    </testsuite>
    <testsuite name="tests/Promotions.test.jsx" timestamp="2026-08-11T06:31:51.938Z" hostname="DESKTOP-JKVKGVF" tests="3" failures="0" errors="0" skipped="0" time="0.4256899">
        <testcase classname="tests/Promotions.test.jsx" name="promociones públicas &gt; presenta estado vacío" time="0.091964">
        </testcase>
        <testcase classname="tests/Promotions.test.jsx" name="promociones públicas &gt; convierte descuentos y combos en tarjetas comprables" time="0.3128531">
        </testcase>
        <testcase classname="tests/Promotions.test.jsx" name="promociones públicas &gt; controla fallos de carga" time="0.0190179">
        </testcase>
    </testsuite>
</testsuites>
